 initial guess
    8.10000E-011  -1.00000E-002   2.00000E+003
   500.00     0.16090E-12 0.14759E-11  817.28    
   600.00     0.51040E-12 0.28694E-11  462.19    
   700.00     0.12150E-11 0.46125E-11  279.63    
   800.00     0.23970E-11 0.65835E-11  174.66    
   900.00     0.41590E-11 0.86813E-11  108.74    
   1000.0     0.65770E-11 0.10830E-10  64.668    
   1100.0     0.97040E-11 0.12977E-10  33.732    
   1200.0     0.13580E-10 0.15087E-10  11.099    
   1300.0     0.18220E-10 0.17137E-10  5.9424    
   1400.0     0.23640E-10 0.19114E-10  19.147    
   1500.0     0.29840E-10 0.21009E-10  29.594    
   1600.0     0.36820E-10 0.22820E-10  38.022    
   1700.0     0.44570E-10 0.24546E-10  44.926    
   1800.0     0.53080E-10 0.26189E-10  50.661    
   1900.0     0.62340E-10 0.27752E-10  55.484    
   2000.0     0.72340E-10 0.29236E-10  59.585    
 results for iteration           1
 chi  0.35529E-01lamda  0.10000E-03
 params
    8.87031E-011   2.07217E-001   3.90504E+003
    5.34179E+013   2.07217E-001   7.75931E+003
   500.00     0.16090E-12 0.13042E-12  18.944    
   600.00     0.51040E-12 0.49781E-12  2.4674    
   700.00     0.12150E-11 0.13023E-11  7.1892    
   800.00     0.23970E-11 0.26890E-11  12.182    
   900.00     0.41590E-11 0.47395E-11  13.959    
   1000.0     0.65770E-11 0.74758E-11  13.665    
   1100.0     0.97040E-11 0.10874E-10  12.062    
   1200.0     0.13580E-10 0.14884E-10  9.6022    
   1300.0     0.18220E-10 0.19437E-10  6.6811    
   1400.0     0.23640E-10 0.24462E-10  3.4763    
   1500.0     0.29840E-10 0.29885E-10 0.15150    
   1600.0     0.36820E-10 0.35639E-10  3.2069    
   1700.0     0.44570E-10 0.41661E-10  6.5257    
   1800.0     0.53080E-10 0.47896E-10  9.7660    
   1900.0     0.62340E-10 0.54294E-10  12.906    
   2000.0     0.72340E-10 0.60814E-10  15.933    
 results for iteration           2
 chi  0.14646E-01lamda  0.10000E-04
 params
    1.87469E-012   6.94086E-001   3.45747E+003
    1.12896E+012   6.94086E-001   6.87000E+003
   500.00     0.16090E-12 0.13904E-12  13.589    
   600.00     0.51040E-12 0.49958E-12  2.1201    
   700.00     0.12150E-11 0.12664E-11  4.2339    
   800.00     0.23970E-11 0.25762E-11  7.4743    
   900.00     0.41590E-11 0.45188E-11  8.6521    
   1000.0     0.65770E-11 0.71388E-11  8.5422    
   1100.0     0.97040E-11 0.10444E-10  7.6245    
   1200.0     0.13580E-10 0.14416E-10  6.1562    
   1300.0     0.18220E-10 0.19021E-10  4.3947    
   1400.0     0.23640E-10 0.24214E-10  2.4287    
   1500.0     0.29840E-10 0.29948E-10 0.36224    
   1600.0     0.36820E-10 0.36173E-10  1.7563    
   1700.0     0.44570E-10 0.42842E-10  3.8775    
   1800.0     0.53080E-10 0.49908E-10  5.9764    
   1900.0     0.62340E-10 0.57329E-10  8.0389    
   2000.0     0.72340E-10 0.65065E-10  10.057    
 results for iteration           3
 chi  0.35243E-03lamda  0.10000E-05
 params
    5.15934E-015   1.43545E+000   2.75319E+003
    3.10700E+009   1.43545E+000   5.47059E+003
   500.00     0.16090E-12 0.15683E-12  2.5295    
   600.00     0.51040E-12 0.51010E-12 0.58822E-01
   700.00     0.12150E-11 0.12259E-11 0.89439    
   800.00     0.23970E-11 0.24278E-11  1.2831    
   900.00     0.41590E-11 0.42141E-11  1.3238    
   1000.0     0.65770E-11 0.66564E-11  1.2069    
   1100.0     0.97040E-11 0.98029E-11  1.0192    
   1200.0     0.13580E-10 0.13683E-10 0.75846    
   1300.0     0.18220E-10 0.18312E-10 0.50306    
   1400.0     0.23640E-10 0.23693E-10 0.22526    
   1500.0     0.29840E-10 0.29825E-10 0.51939E-01
   1600.0     0.36820E-10 0.36697E-10 0.33473    
   1700.0     0.44570E-10 0.44298E-10 0.61103    
   1800.0     0.53080E-10 0.52612E-10 0.88078    
   1900.0     0.62340E-10 0.61625E-10  1.1470    
   2000.0     0.72340E-10 0.71318E-10  1.4128    
 results for iteration           4
 chi  0.11585E-04lamda  0.10000E-06
 params
    1.81785E-015   1.56663E+000   2.62857E+003
    1.09473E+009   1.56663E+000   5.22297E+003
   500.00     0.16090E-12 0.16021E-12 0.42991    
   600.00     0.51040E-12 0.51198E-12 0.31054    
   700.00     0.12150E-11 0.12188E-11 0.31481    
   800.00     0.23970E-11 0.24024E-11 0.22536    
   900.00     0.41590E-11 0.41623E-11 0.79617E-01
   1000.0     0.65770E-11 0.65745E-11 0.38394E-01
   1100.0     0.97040E-11 0.96937E-11 0.10663    
   1200.0     0.13580E-10 0.13557E-10 0.16768    
   1300.0     0.18220E-10 0.18189E-10 0.17033    
   1400.0     0.23640E-10 0.23602E-10 0.15972    
   1500.0     0.29840E-10 0.29803E-10 0.12511    
   1600.0     0.36820E-10 0.36790E-10 0.81139E-01
   1700.0     0.44570E-10 0.44560E-10 0.21668E-01
   1800.0     0.53080E-10 0.53106E-10 0.49113E-01
   1900.0     0.62340E-10 0.62418E-10 0.12507    
   2000.0     0.72340E-10 0.72485E-10 0.20084    
 results for iteration           5
 chi  0.11478E-04lamda  0.10000E-07
 params
    1.78407E-015   1.56898E+000   2.62633E+003
    1.07438E+009   1.56898E+000   5.21852E+003
   500.00     0.16090E-12 0.16027E-12 0.39175    
   600.00     0.51040E-12 0.51202E-12 0.31719    
   700.00     0.12150E-11 0.12187E-11 0.30442    
   800.00     0.23970E-11 0.24019E-11 0.20644    
   900.00     0.41590E-11 0.41614E-11 0.57386E-01
   1000.0     0.65770E-11 0.65730E-11 0.60645E-01
   1100.0     0.97040E-11 0.96917E-11 0.12676    
   1200.0     0.13580E-10 0.13555E-10 0.18426    
   1300.0     0.18220E-10 0.18187E-10 0.18240    
   1400.0     0.23640E-10 0.23601E-10 0.16663    
   1500.0     0.29840E-10 0.29802E-10 0.12643    
   1600.0     0.36820E-10 0.36792E-10 0.76573E-01
   1700.0     0.44570E-10 0.44565E-10 0.11039E-01
   1800.0     0.53080E-10 0.53115E-10 0.65912E-01
   1900.0     0.62340E-10 0.62432E-10 0.14809    
   2000.0     0.72340E-10 0.72506E-10 0.23009    
 results for iteration           6
 chi  0.11478E-04lamda  0.10000E-08
 params
    1.78401E-015   1.56899E+000   2.62633E+003
    1.07435E+009   1.56899E+000   5.21851E+003
   500.00     0.16090E-12 0.16027E-12 0.39168    
   600.00     0.51040E-12 0.51202E-12 0.31721    
   700.00     0.12150E-11 0.12187E-11 0.30440    
   800.00     0.23970E-11 0.24019E-11 0.20640    
   900.00     0.41590E-11 0.41614E-11 0.57346E-01
   1000.0     0.65770E-11 0.65730E-11 0.60685E-01
   1100.0     0.97040E-11 0.96917E-11 0.12680    
   1200.0     0.13580E-10 0.13555E-10 0.18429    
   1300.0     0.18220E-10 0.18187E-10 0.18242    
   1400.0     0.23640E-10 0.23601E-10 0.16664    
   1500.0     0.29840E-10 0.29802E-10 0.12643    
   1600.0     0.36820E-10 0.36792E-10 0.76565E-01
   1700.0     0.44570E-10 0.44565E-10 0.11020E-01
   1800.0     0.53080E-10 0.53115E-10 0.65943E-01
   1900.0     0.62340E-10 0.62432E-10 0.14813    
   2000.0     0.72340E-10 0.72506E-10 0.23014    

 results from sum of two modified arrhenius
 chi  0.28061E-06lamda  0.10000E-05
 params
       3.15928E-014      1.14529E+000      3.13614E+003      1.81486E-017      2.03108E+000      2.07157E+003
       1.90189E+010      1.14529E+000      6.23150E+003      1.09255E+007      2.03108E+000      4.11620E+003
   500.00     0.16090E-12 0.16093E-12 0.17825E-01
   600.00     0.51040E-12 0.51022E-12 0.35163E-01
   700.00     0.12150E-11 0.12143E-11 0.53590E-01
   800.00     0.23970E-11 0.23974E-11 0.15840E-01
   900.00     0.41590E-11 0.41603E-11 0.32246E-01
   1000.0     0.65770E-11 0.65791E-11 0.31889E-01
   1100.0     0.97040E-11 0.97071E-11 0.31755E-01
   1200.0     0.13580E-10 0.13580E-10 0.30826E-02
   1300.0     0.18220E-10 0.18218E-10 0.11001E-01
   1400.0     0.23640E-10 0.23633E-10 0.27644E-01
   1500.0     0.29840E-10 0.29830E-10 0.34335E-01
   1600.0     0.36820E-10 0.36805E-10 0.39512E-01
   1700.0     0.44570E-10 0.44556E-10 0.32301E-01
   1800.0     0.53080E-10 0.53073E-10 0.13353E-01
   1900.0     0.62340E-10 0.62349E-10 0.13803E-01
   2000.0     0.72340E-10 0.72373E-10 0.45689E-01
