Wells (G - ground energy, D - dissociation limit, kcal/mol):
      Name        G        D
        W1      0.0     42.0

Bimolecular Products (G - ground energy, kcal/mol):
      Name        G
        P1     42.0

Well-to-Bimolecular Barriers (H/G - barrier height/well depth, kcal/mol)
      Name        H     Well        G  Product
        B1     42.0       W1      0.0       P1

________________________________________________________________________________________

Unimolecular Rate Units: 1/sec;  Bimolecular Rate Units: cm^3/sec

______________________________________________________________________________________

Species-Species Rate Tables:

Temperature = 300 K

High Pressure Rate Coefficients:

From\To            W1           P1
W1                ***  2.88474e-15
P1        8.71897e-12          ***

Temperature = 300 K    Pressure = 0.1 atm

From\To            W1           P1
W1        2.86873e-15  2.86873e-15
P1        8.67059e-12  8.67059e-12

Temperature = 300 K    Pressure = 1 atm

From\To            W1           P1
W1        2.86894e-15  2.86894e-15
P1        8.67122e-12  8.67122e-12

Temperature = 300 K    Pressure = 10 atm

From\To            W1           P1
W1        2.86896e-15  2.86896e-15
P1        8.67129e-12  8.67129e-12

Temperature = 300 K    Pressure = 100 atm

From\To            W1           P1
W1        2.86896e-15  2.86896e-15
P1        8.67129e-12  8.67129e-12

Temperature = 400 K

High Pressure Rate Coefficients:

From\To            W1           P1
W1                ***  1.06867e-07
P1        6.38207e-12          ***

Temperature = 400 K    Pressure = 0.1 atm

From\To            W1           P1
W1        1.06202e-07  1.06202e-07
P1        6.34236e-12  6.34236e-12

Temperature = 400 K    Pressure = 1 atm

From\To            W1           P1
W1        1.06359e-07  1.06359e-07
P1        6.35172e-12  6.35172e-12

Temperature = 400 K    Pressure = 10 atm

From\To            W1           P1
W1        1.06375e-07  1.06375e-07
P1         6.3527e-12   6.3527e-12

Temperature = 400 K    Pressure = 100 atm

From\To            W1           P1
W1        1.06377e-07  1.06377e-07
P1         6.3528e-12   6.3528e-12

Temperature = 500 K

High Pressure Rate Coefficients:

From\To            W1           P1
W1                ***    0.0033733
P1         5.1212e-12          ***

Temperature = 500 K    Pressure = 0.1 atm

From\To            W1           P1
W1         0.00330514   0.00330514
P1        5.01773e-12  5.01773e-12

Temperature = 500 K    Pressure = 1 atm

From\To            W1           P1
W1         0.00335331   0.00335331
P1        5.09085e-12  5.09085e-12

Temperature = 500 K    Pressure = 10 atm

From\To            W1           P1
W1         0.00335926   0.00335926
P1        5.09989e-12  5.09989e-12

Temperature = 500 K    Pressure = 100 atm

From\To            W1           P1
W1         0.00335988   0.00335988
P1        5.10083e-12  5.10083e-12

Temperature = 600 K

High Pressure Rate Coefficients:

From\To            W1           P1
W1                ***      3.15062
P1        4.38141e-12          ***

Temperature = 600 K    Pressure = 0.1 atm

From\To            W1           P1
W1            2.88132      2.88132
P1         4.0069e-12   4.0069e-12

Temperature = 600 K    Pressure = 1 atm

From\To            W1           P1
W1            3.09667      3.09667
P1        4.30638e-12  4.30638e-12

Temperature = 600 K    Pressure = 10 atm

From\To            W1           P1
W1            3.13462      3.13462
P1        4.35915e-12  4.35915e-12

Temperature = 600 K    Pressure = 100 atm

From\To            W1           P1
W1            3.13905      3.13905
P1        4.36531e-12  4.36531e-12

Temperature = 700 K

High Pressure Rate Coefficients:

From\To            W1           P1
W1                ***      396.987
P1        3.91868e-12          ***

Temperature = 700 K    Pressure = 0.1 atm

From\To            W1           P1
W1            301.681      301.681
P1        2.97788e-12  2.97788e-12

Temperature = 700 K    Pressure = 1 atm

From\To            W1           P1
W1            372.605      372.605
P1          3.678e-12    3.678e-12

Temperature = 700 K    Pressure = 10 atm

From\To            W1           P1
W1            392.416      392.416
P1        3.87356e-12  3.87356e-12

Temperature = 700 K    Pressure = 100 atm

From\To            W1           P1
W1            395.361      395.361
P1        3.90263e-12  3.90263e-12

Temperature = 800 K

High Pressure Rate Coefficients:

From\To            W1           P1
W1                ***        14391
P1        3.61714e-12          ***

Temperature = 800 K    Pressure = 0.1 atm

From\To            W1           P1
W1            7780.61      7780.61
P1        1.95537e-12  1.95537e-12

Temperature = 800 K    Pressure = 1 atm

From\To            W1           P1
W1            11981.8      11981.8
P1        3.01155e-12  3.01155e-12

Temperature = 800 K    Pressure = 10 atm

From\To            W1           P1
W1            13892.4      13892.4
P1        3.49181e-12  3.49181e-12

Temperature = 800 K    Pressure = 100 atm

From\To            W1           P1
W1              14293        14293
P1         3.5925e-12   3.5925e-12

Temperature = 900 K

High Pressure Rate Coefficients:

From\To            W1           P1
W1                ***       228409
P1        3.41648e-12          ***

Temperature = 900 K    Pressure = 0.1 atm

From\To            W1           P1
W1            75357.9      75357.9
P1         1.1254e-12   1.1254e-12

Temperature = 900 K    Pressure = 1 atm

From\To            W1           P1
W1             151642       151642
P1        2.26785e-12  2.26785e-12

Temperature = 900 K    Pressure = 10 atm

From\To            W1           P1
W1             207356       207356
P1        3.10155e-12  3.10155e-12

Temperature = 900 K    Pressure = 100 atm

From\To            W1           P1
W1             224795       224795
P1        3.36242e-12  3.36242e-12

Temperature = 1000 K

High Pressure Rate Coefficients:

From\To            W1           P1
W1                ***  2.04059e+06
P1        3.28248e-12          ***

Temperature = 1000 K    Pressure = 0.1 atm

From\To            W1           P1
W1             366991       366991
P1        5.84048e-13  5.84048e-13

Temperature = 1000 K    Pressure = 1 atm

From\To            W1           P1
W1             964119       964119
P1        1.54817e-12  1.54817e-12

Temperature = 1000 K    Pressure = 10 atm

From\To            W1           P1
W1        1.63977e+06  1.63977e+06
P1         2.6374e-12   2.6374e-12

Temperature = 1000 K    Pressure = 100 atm

From\To            W1           P1
W1          1.962e+06    1.962e+06
P1        3.15605e-12  3.15605e-12

Temperature = 1100 K

High Pressure Rate Coefficients:

From\To            W1           P1
W1                ***  1.20332e+07
P1         3.1942e-12          ***

Temperature = 1100 K    Pressure = 0.1 atm

From\To            W1           P1
W1         1.1265e+06   1.1265e+06
P1        2.86308e-13  2.86308e-13

Temperature = 1100 K    Pressure = 1 atm

From\To            W1           P1
W1        3.70506e+06  3.70506e+06
P1        9.73384e-13  9.73384e-13

Temperature = 1100 K    Pressure = 10 atm

From\To            W1           P1
W1        7.95952e+06  7.95952e+06
P1        2.11046e-12  2.11046e-12

Temperature = 1100 K    Pressure = 100 atm

From\To            W1           P1
W1        1.10239e+07  1.10239e+07
P1        2.92616e-12  2.92616e-12

Temperature = 1200 K

High Pressure Rate Coefficients:

From\To            W1           P1
W1                ***  5.20566e+07
P1        3.13809e-12          ***

Temperature = 1200 K    Pressure = 0.1 atm

From\To            W1           P1
W1        2.56794e+06  2.56794e+06
P1        1.37434e-13  1.37434e-13

Temperature = 1200 K    Pressure = 1 atm

From\To            W1           P1
W1        1.00042e+07  1.00042e+07
P1         5.8071e-13   5.8071e-13

Temperature = 1200 K    Pressure = 10 atm

From\To            W1           P1
W1        2.65541e+07  2.65541e+07
P1        1.59089e-12  1.59089e-12

Temperature = 1200 K    Pressure = 100 atm

From\To            W1           P1
W1        4.38889e+07  4.38889e+07
P1        2.64475e-12  2.64475e-12

Temperature = 1300 K

High Pressure Rate Coefficients:

From\To            W1           P1
W1                ***  1.77683e+08
P1        3.10499e-12          ***

Temperature = 1300 K    Pressure = 0.1 atm

From\To            W1           P1
W1                ***          ***
P1                ***  4.40193e-27

Temperature = 1300 K    Pressure = 1 atm

From\To            W1           P1
W1        2.12593e+07  2.12593e+07
P1        3.36946e-13  3.36946e-13

Temperature = 1300 K    Pressure = 10 atm

From\To            W1           P1
W1        6.69758e+07  6.69758e+07
P1        1.14491e-12  1.14491e-12

Temperature = 1300 K    Pressure = 100 atm

From\To            W1           P1
W1        1.32689e+08  1.32689e+08
P1        2.31416e-12  2.31416e-12

Temperature = 1400 K

High Pressure Rate Coefficients:

From\To            W1           P1
W1                ***  5.03911e+08
P1        3.08855e-12          ***

Temperature = 1400 K    Pressure = 0.1 atm

From\To            W1           P1
W1                ***          ***
P1                ***  2.35435e-27

Temperature = 1400 K    Pressure = 1 atm

From\To            W1           P1
W1        3.84086e+07  3.84086e+07
P1        1.92936e-13  1.92936e-13

Temperature = 1400 K    Pressure = 10 atm

From\To            W1           P1
W1        1.37969e+08  1.37969e+08
P1         7.9853e-13   7.9853e-13

Temperature = 1400 K    Pressure = 100 atm

From\To            W1           P1
W1        3.22344e+08  3.22344e+08
P1        1.96128e-12  1.96128e-12

Temperature = 1500 K

High Pressure Rate Coefficients:

From\To            W1           P1
W1                ***   1.2331e+09
P1        3.08432e-12          ***

Temperature = 1500 K    Pressure = 0.1 atm

From\To            W1           P1
W1                ***          ***
P1                ***  2.33822e-27

Temperature = 1500 K    Pressure = 1 atm

From\To            W1           P1
W1                ***          ***
P1                ***  2.33822e-27

Temperature = 1500 K    Pressure = 10 atm

From\To            W1           P1
W1          2.458e+08    2.458e+08
P1        5.45604e-13  5.45604e-13

Temperature = 1500 K    Pressure = 100 atm

From\To            W1           P1
W1        6.60184e+08  6.60184e+08
P1        1.61785e-12  1.61785e-12

Temperature = 1600 K

High Pressure Rate Coefficients:

From\To            W1           P1
W1                ***  2.67817e+09
P1         3.0891e-12          ***

Temperature = 1600 K    Pressure = 0.1 atm

From\To            W1           P1
W1                ***          ***
P1                ***  1.22107e-27

Temperature = 1600 K    Pressure = 1 atm

From\To            W1           P1
W1                ***          ***
P1                ***  1.22107e-27

Temperature = 1600 K    Pressure = 10 atm

From\To            W1           P1
W1        3.94421e+08  3.94421e+08
P1        3.67859e-13  3.67859e-13

Temperature = 1600 K    Pressure = 100 atm

From\To            W1           P1
W1        1.18622e+09  1.18622e+09
P1        1.30672e-12  1.30672e-12

Temperature = 1700 K

High Pressure Rate Coefficients:

From\To            W1           P1
W1                ***  5.27486e+09
P1        3.10063e-12          ***

Temperature = 1700 K    Pressure = 0.1 atm

From\To            W1           P1
W1                ***          ***
P1                ***  1.34718e-27

Temperature = 1700 K    Pressure = 1 atm

From\To            W1           P1
W1                ***          ***
P1                ***            0

Temperature = 1700 K    Pressure = 10 atm

From\To            W1           P1
W1                ***          ***
P1                *** -4.04153e-27

Temperature = 1700 K    Pressure = 100 atm

From\To            W1           P1
W1        1.92908e+09  1.92908e+09
P1        1.03855e-12  1.03855e-12

Temperature = 1800 K

High Pressure Rate Coefficients:

From\To            W1           P1
W1                ***  9.57999e+09
P1        3.11727e-12          ***

Temperature = 1800 K    Pressure = 0.1 atm

From\To            W1           P1
W1                ***          ***
P1                ***  -3.1194e-27

Temperature = 1800 K    Pressure = 1 atm

From\To            W1           P1
W1                ***          ***
P1                *** -2.33955e-27

Temperature = 1800 K    Pressure = 10 atm

From\To            W1           P1
W1                ***          ***
P1                *** -2.72948e-27

Temperature = 1800 K    Pressure = 100 atm

From\To            W1           P1
W1        2.90637e+09  2.90637e+09
P1        8.15047e-13  8.15047e-13

Temperature = 1900 K

High Pressure Rate Coefficients:

From\To            W1           P1
W1                ***  1.62559e+10
P1        3.13788e-12          ***

Temperature = 1900 K    Pressure = 0.1 atm

From\To            W1           P1
W1                ***          ***
P1                ***  4.71793e-28

Temperature = 1900 K    Pressure = 1 atm

From\To            W1           P1
W1                ***          ***
P1                *** -4.71793e-28

Temperature = 1900 K    Pressure = 10 atm

From\To            W1           P1
W1                ***          ***
P1                *** -9.43587e-28

Temperature = 1900 K    Pressure = 100 atm

From\To            W1           P1
W1                ***          ***
P1                ***  1.88717e-27

Temperature = 2000 K

High Pressure Rate Coefficients:

From\To            W1           P1
W1                ***  2.60439e+10
P1        3.16161e-12          ***

Temperature = 2000 K    Pressure = 0.1 atm

From\To            W1           P1
W1                ***          ***
P1                *** -3.56918e-27

Temperature = 2000 K    Pressure = 1 atm

From\To            W1           P1
W1                ***          ***
P1                *** -4.16404e-27

Temperature = 2000 K    Pressure = 10 atm

From\To            W1           P1
W1                ***          ***
P1                *** -4.16404e-27

Temperature = 2000 K    Pressure = 100 atm

From\To            W1           P1
W1                ***          ***
P1                ***  1.18973e-27

Temperature = 2100 K

High Pressure Rate Coefficients:

From\To            W1           P1
W1                ***  3.97314e+10
P1         3.1879e-12          ***

Temperature = 2100 K    Pressure = 0.1 atm

From\To            W1           P1
W1                ***          ***
P1                ***  3.89767e-28

Temperature = 2100 K    Pressure = 1 atm

From\To            W1           P1
W1                ***          ***
P1                ***   1.1693e-27

Temperature = 2100 K    Pressure = 10 atm

From\To            W1           P1
W1                ***          ***
P1                ***  3.89767e-28

Temperature = 2100 K    Pressure = 100 atm

From\To            W1           P1
W1                ***          ***
P1                ***  6.23628e-27

Temperature = 2200 K

High Pressure Rate Coefficients:

From\To            W1           P1
W1                ***  5.81173e+10
P1        3.21632e-12          ***

Temperature = 2200 K    Pressure = 0.1 atm

From\To            W1           P1
W1                ***          ***
P1                ***  2.11835e-27

Temperature = 2200 K    Pressure = 1 atm

From\To            W1           P1
W1                ***          ***
P1                ***  2.11835e-27

Temperature = 2200 K    Pressure = 10 atm

From\To            W1           P1
W1                ***          ***
P1                ***  2.11835e-27

Temperature = 2200 K    Pressure = 100 atm

From\To            W1           P1
W1                ***          ***
P1                ***   3.7071e-27

Temperature = 2300 K

High Pressure Rate Coefficients:

From\To            W1           P1
W1                ***  8.19784e+10
P1        3.24661e-12          ***

Temperature = 2300 K    Pressure = 0.1 atm

From\To            W1           P1
W1                ***          ***
P1                ***  7.43978e-28

Temperature = 2300 K    Pressure = 1 atm

From\To            W1           P1
W1                ***          ***
P1                ***  1.11597e-27

Temperature = 2300 K    Pressure = 10 atm

From\To            W1           P1
W1                ***          ***
P1                ***  3.71989e-28

Temperature = 2300 K    Pressure = 100 atm

From\To            W1           P1
W1                ***          ***
P1                ***  2.23193e-27

Temperature = 2400 K

High Pressure Rate Coefficients:

From\To            W1           P1
W1                ***  1.12041e+11
P1        3.27855e-12          ***

Temperature = 2400 K    Pressure = 0.1 atm

From\To            W1           P1
W1                ***          ***
P1                ***  3.23953e-27

Temperature = 2400 K    Pressure = 1 atm

From\To            W1           P1
W1                ***          ***
P1                ***  3.23953e-27

Temperature = 2400 K    Pressure = 10 atm

From\To            W1           P1
W1                ***          ***
P1                ***  2.15969e-27

Temperature = 2400 K    Pressure = 100 atm

From\To            W1           P1
W1                ***          ***
P1                ***  2.15969e-27

Temperature = 2500 K

High Pressure Rate Coefficients:

From\To            W1           P1
W1                ***   1.4896e+11
P1        3.31203e-12          ***

Temperature = 2500 K    Pressure = 0.1 atm

From\To            W1           P1
W1                ***          ***
P1                ***   4.0383e-28

Temperature = 2500 K    Pressure = 1 atm

From\To            W1           P1
W1                ***          ***
P1                ***   4.0383e-28

Temperature = 2500 K    Pressure = 10 atm

From\To            W1           P1
W1                ***          ***
P1                ***  8.07661e-28

Temperature = 2500 K    Pressure = 100 atm

From\To            W1           P1
W1                ***          ***
P1                ***  8.07661e-28

Temperature = 2600 K

High Pressure Rate Coefficients:

From\To            W1           P1
W1                ***  1.93299e+11
P1        3.34695e-12          ***

Temperature = 2600 K    Pressure = 0.1 atm

From\To            W1           P1
W1                ***          ***
P1                *** -3.09906e-27

Temperature = 2600 K    Pressure = 1 atm

From\To            W1           P1
W1                ***          ***
P1                *** -1.85944e-27

Temperature = 2600 K    Pressure = 10 atm

From\To            W1           P1
W1                ***          ***
P1                *** -2.47925e-27

Temperature = 2600 K    Pressure = 100 atm

From\To            W1           P1
W1                ***          ***
P1                *** -4.33868e-27

Temperature = 2700 K

High Pressure Rate Coefficients:

From\To            W1           P1
W1                ***  2.45527e+11
P1        3.38326e-12          ***

Temperature = 2700 K    Pressure = 0.1 atm

From\To            W1           P1
W1                ***          ***
P1                ***  2.94021e-27

Temperature = 2700 K    Pressure = 1 atm

From\To            W1           P1
W1                ***          ***
P1                ***  2.94021e-27

Temperature = 2700 K    Pressure = 10 atm

From\To            W1           P1
W1                ***          ***
P1                ***  2.45017e-27

Temperature = 2700 K    Pressure = 100 atm

From\To            W1           P1
W1                ***          ***
P1                ***  2.94021e-27

Temperature = 2800 K

High Pressure Rate Coefficients:

From\To            W1           P1
W1                ***  3.06008e+11
P1        3.42092e-12          ***

Temperature = 2800 K    Pressure = 0.1 atm

From\To            W1           P1
W1                ***          ***
P1                ***  1.19228e-27

Temperature = 2800 K    Pressure = 1 atm

From\To            W1           P1
W1                ***          ***
P1                ***  7.94854e-28

Temperature = 2800 K    Pressure = 10 atm

From\To            W1           P1
W1                ***          ***
P1                ***  1.19228e-27

Temperature = 2800 K    Pressure = 100 atm

From\To            W1           P1
W1                ***          ***
P1                ***  1.19228e-27

Temperature = 2900 K

High Pressure Rate Coefficients:

From\To            W1           P1
W1                ***  3.75006e+11
P1        3.45991e-12          ***

Temperature = 2900 K    Pressure = 0.1 atm

From\To            W1           P1
W1                ***          ***
P1                ***            0

Temperature = 2900 K    Pressure = 1 atm

From\To            W1           P1
W1                ***          ***
P1                ***            0

Temperature = 2900 K    Pressure = 10 atm

From\To            W1           P1
W1                ***          ***
P1                *** -6.60399e-28

Temperature = 2900 K    Pressure = 100 atm

From\To            W1           P1
W1                ***          ***
P1                ***            0

Temperature = 3000 K

High Pressure Rate Coefficients:

From\To            W1           P1
W1                ***  4.52688e+11
P1        3.50022e-12          ***

Temperature = 3000 K    Pressure = 0.1 atm

From\To            W1           P1
W1                ***          ***
P1                ***            0

Temperature = 3000 K    Pressure = 1 atm

From\To            W1           P1
W1                ***          ***
P1                *** -5.61144e-28

Temperature = 3000 K    Pressure = 10 atm

From\To            W1           P1
W1                ***          ***
P1                ***            0

Temperature = 3000 K    Pressure = 100 atm

From\To            W1           P1
W1                ***          ***
P1                *** -5.61144e-28

______________________________________________________________________________________

High Pressure Rate Coefficients (Temperature-Species Rate Tables):

   T(K)       W1->W1       W1->P1
    300          ***  2.88474e-15
    400          ***  1.06867e-07
    500          ***    0.0033733
    600          ***      3.15062
    700          ***      396.987
    800          ***        14391
    900          ***       228409
   1000          ***  2.04059e+06
   1100          ***  1.20332e+07
   1200          ***  5.20566e+07
   1300          ***  1.77683e+08
   1400          ***  5.03911e+08
   1500          ***   1.2331e+09
   1600          ***  2.67817e+09
   1700          ***  5.27486e+09
   1800          ***  9.57999e+09
   1900          ***  1.62559e+10
   2000          ***  2.60439e+10
   2100          ***  3.97314e+10
   2200          ***  5.81173e+10
   2300          ***  8.19784e+10
   2400          ***  1.12041e+11
   2500          ***   1.4896e+11
   2600          ***  1.93299e+11
   2700          ***  2.45527e+11
   2800          ***  3.06008e+11
   2900          ***  3.75006e+11
   3000          ***  4.52688e+11

   T(K)       P1->W1       P1->P1
    300  8.71897e-12          ***
    400  6.38207e-12          ***
    500   5.1212e-12          ***
    600  4.38141e-12          ***
    700  3.91868e-12          ***
    800  3.61714e-12          ***
    900  3.41648e-12          ***
   1000  3.28248e-12          ***
   1100   3.1942e-12          ***
   1200  3.13809e-12          ***
   1300  3.10499e-12          ***
   1400  3.08855e-12          ***
   1500  3.08432e-12          ***
   1600   3.0891e-12          ***
   1700  3.10063e-12          ***
   1800  3.11727e-12          ***
   1900  3.13788e-12          ***
   2000  3.16161e-12          ***
   2100   3.1879e-12          ***
   2200  3.21632e-12          ***
   2300  3.24661e-12          ***
   2400  3.27855e-12          ***
   2500  3.31203e-12          ***
   2600  3.34695e-12          ***
   2700  3.38326e-12          ***
   2800  3.42092e-12          ***
   2900  3.45991e-12          ***
   3000  3.50022e-12          ***

Capture/Escape Rate Coefficients:

   T(K)           W1           P1
    300  2.88474e-15  8.71897e-12
    400  1.06867e-07  6.38207e-12
    500    0.0033733   5.1212e-12
    600      3.15062  4.38141e-12
    700      396.987  3.91868e-12
    800        14391  3.61714e-12
    900       228409  3.41648e-12
   1000  2.04059e+06  3.28248e-12
   1100  1.20332e+07   3.1942e-12
   1200  5.20566e+07  3.13809e-12
   1300  1.77683e+08  3.10499e-12
   1400  5.03911e+08  3.08855e-12
   1500   1.2331e+09  3.08432e-12
   1600  2.67817e+09   3.0891e-12
   1700  5.27486e+09  3.10063e-12
   1800  9.57999e+09  3.11727e-12
   1900  1.62559e+10  3.13788e-12
   2000  2.60439e+10  3.16161e-12
   2100  3.97314e+10   3.1879e-12
   2200  5.81173e+10  3.21632e-12
   2300  8.19784e+10  3.24661e-12
   2400  1.12041e+11  3.27855e-12
   2500   1.4896e+11  3.31203e-12
   2600  1.93299e+11  3.34695e-12
   2700  2.45527e+11  3.38326e-12
   2800  3.06008e+11  3.42092e-12
   2900  3.75006e+11  3.45991e-12
   3000  4.52688e+11  3.50022e-12

______________________________________________________________________________________

Pressure-Species Rate Tables:

   Temperature = 300 K

   P(atm)       W1->P1         W1->
      0.1  2.86873e-15  2.86873e-15
        1  2.86894e-15  2.86894e-15
       10  2.86896e-15  2.86896e-15
      100  2.86896e-15  2.86896e-15
    O-O  2.88474e-15  2.88474e-15

   Temperature = 400 K

   P(atm)       W1->P1         W1->
      0.1  1.06202e-07  1.06202e-07
        1  1.06359e-07  1.06359e-07
       10  1.06375e-07  1.06375e-07
      100  1.06377e-07  1.06377e-07
    O-O  1.06867e-07  1.06867e-07

   Temperature = 500 K

   P(atm)       W1->P1         W1->
      0.1   0.00330514   0.00330514
        1   0.00335331   0.00335331
       10   0.00335926   0.00335926
      100   0.00335988   0.00335988
    O-O    0.0033733    0.0033733

   Temperature = 600 K

   P(atm)       W1->P1         W1->
      0.1      2.88132      2.88132
        1      3.09667      3.09667
       10      3.13462      3.13462
      100      3.13905      3.13905
    O-O      3.15062      3.15062

   Temperature = 700 K

   P(atm)       W1->P1         W1->
      0.1      301.681      301.681
        1      372.605      372.605
       10      392.416      392.416
      100      395.361      395.361
    O-O      396.987      396.987

   Temperature = 800 K

   P(atm)       W1->P1         W1->
      0.1      7780.61      7780.61
        1      11981.8      11981.8
       10      13892.4      13892.4
      100        14293        14293
    O-O        14391        14391

   Temperature = 900 K

   P(atm)       W1->P1         W1->
      0.1      75357.9      75357.9
        1       151642       151642
       10       207356       207356
      100       224795       224795
    O-O       228409       228409

   Temperature = 1000 K

   P(atm)       W1->P1         W1->
      0.1       366991       366991
        1       964119       964119
       10  1.63977e+06  1.63977e+06
      100    1.962e+06    1.962e+06
    O-O  2.04059e+06  2.04059e+06

   Temperature = 1100 K

   P(atm)       W1->P1         W1->
      0.1   1.1265e+06   1.1265e+06
        1  3.70506e+06  3.70506e+06
       10  7.95952e+06  7.95952e+06
      100  1.10239e+07  1.10239e+07
    O-O  1.20332e+07  1.20332e+07

   Temperature = 1200 K

   P(atm)       W1->P1         W1->
      0.1  2.56794e+06  2.56794e+06
        1  1.00042e+07  1.00042e+07
       10  2.65541e+07  2.65541e+07
      100  4.38889e+07  4.38889e+07
    O-O  5.20566e+07  5.20566e+07

   Temperature = 1300 K

   P(atm)       W1->P1         W1->
      0.1          ***          ***
        1  2.12593e+07  2.12593e+07
       10  6.69758e+07  6.69758e+07
      100  1.32689e+08  1.32689e+08
    O-O  1.77683e+08  1.77683e+08

   Temperature = 1400 K

   P(atm)       W1->P1         W1->
      0.1          ***          ***
        1  3.84086e+07  3.84086e+07
       10  1.37969e+08  1.37969e+08
      100  3.22344e+08  3.22344e+08
    O-O  5.03911e+08  5.03911e+08

   Temperature = 1500 K

   P(atm)       W1->P1         W1->
      0.1          ***          ***
        1          ***          ***
       10    2.458e+08    2.458e+08
      100  6.60184e+08  6.60184e+08
    O-O   1.2331e+09   1.2331e+09

   Temperature = 1600 K

   P(atm)       W1->P1         W1->
      0.1          ***          ***
        1          ***          ***
       10  3.94421e+08  3.94421e+08
      100  1.18622e+09  1.18622e+09
    O-O  2.67817e+09  2.67817e+09

   Temperature = 1700 K

   P(atm)       W1->P1         W1->
      0.1          ***          ***
        1          ***          ***
       10          ***          ***
      100  1.92908e+09  1.92908e+09
    O-O  5.27486e+09  5.27486e+09

   Temperature = 1800 K

   P(atm)       W1->P1         W1->
      0.1          ***          ***
        1          ***          ***
       10          ***          ***
      100  2.90637e+09  2.90637e+09
    O-O  9.57999e+09  9.57999e+09

   Temperature = 1900 K

   P(atm)       W1->P1         W1->
      0.1          ***          ***
        1          ***          ***
       10          ***          ***
      100          ***          ***
    O-O  1.62559e+10  1.62559e+10

   Temperature = 2000 K

   P(atm)       W1->P1         W1->
      0.1          ***          ***
        1          ***          ***
       10          ***          ***
      100          ***          ***
    O-O  2.60439e+10  2.60439e+10

   Temperature = 2100 K

   P(atm)       W1->P1         W1->
      0.1          ***          ***
        1          ***          ***
       10          ***          ***
      100          ***          ***
    O-O  3.97314e+10  3.97314e+10

   Temperature = 2200 K

   P(atm)       W1->P1         W1->
      0.1          ***          ***
        1          ***          ***
       10          ***          ***
      100          ***          ***
    O-O  5.81173e+10  5.81173e+10

   Temperature = 2300 K

   P(atm)       W1->P1         W1->
      0.1          ***          ***
        1          ***          ***
       10          ***          ***
      100          ***          ***
    O-O  8.19784e+10  8.19784e+10

   Temperature = 2400 K

   P(atm)       W1->P1         W1->
      0.1          ***          ***
        1          ***          ***
       10          ***          ***
      100          ***          ***
    O-O  1.12041e+11  1.12041e+11

   Temperature = 2500 K

   P(atm)       W1->P1         W1->
      0.1          ***          ***
        1          ***          ***
       10          ***          ***
      100          ***          ***
    O-O   1.4896e+11   1.4896e+11

   Temperature = 2600 K

   P(atm)       W1->P1         W1->
      0.1          ***          ***
        1          ***          ***
       10          ***          ***
      100          ***          ***
    O-O  1.93299e+11  1.93299e+11

   Temperature = 2700 K

   P(atm)       W1->P1         W1->
      0.1          ***          ***
        1          ***          ***
       10          ***          ***
      100          ***          ***
    O-O  2.45527e+11  2.45527e+11

   Temperature = 2800 K

   P(atm)       W1->P1         W1->
      0.1          ***          ***
        1          ***          ***
       10          ***          ***
      100          ***          ***
    O-O  3.06008e+11  3.06008e+11

   Temperature = 2900 K

   P(atm)       W1->P1         W1->
      0.1          ***          ***
        1          ***          ***
       10          ***          ***
      100          ***          ***
    O-O  3.75006e+11  3.75006e+11

   Temperature = 3000 K

   P(atm)       W1->P1         W1->
      0.1          ***          ***
        1          ***          ***
       10          ***          ***
      100          ***          ***
    O-O  4.52688e+11  4.52688e+11

   Temperature = 300 K

   P(atm)       P1->W1         P1->
      0.1  8.67059e-12  8.67059e-12
        1  8.67122e-12  8.67122e-12
       10  8.67129e-12  8.67129e-12
      100  8.67129e-12  8.67129e-12
    O-O  8.71897e-12  8.71897e-12

   Temperature = 400 K

   P(atm)       P1->W1         P1->
      0.1  6.34236e-12  6.34236e-12
        1  6.35172e-12  6.35172e-12
       10   6.3527e-12   6.3527e-12
      100   6.3528e-12   6.3528e-12
    O-O  6.38207e-12  6.38207e-12

   Temperature = 500 K

   P(atm)       P1->W1         P1->
      0.1  5.01773e-12  5.01773e-12
        1  5.09085e-12  5.09085e-12
       10  5.09989e-12  5.09989e-12
      100  5.10083e-12  5.10083e-12
    O-O   5.1212e-12   5.1212e-12

   Temperature = 600 K

   P(atm)       P1->W1         P1->
      0.1   4.0069e-12   4.0069e-12
        1  4.30638e-12  4.30638e-12
       10  4.35915e-12  4.35915e-12
      100  4.36531e-12  4.36531e-12
    O-O  4.38141e-12  4.38141e-12

   Temperature = 700 K

   P(atm)       P1->W1         P1->
      0.1  2.97788e-12  2.97788e-12
        1    3.678e-12    3.678e-12
       10  3.87356e-12  3.87356e-12
      100  3.90263e-12  3.90263e-12
    O-O  3.91868e-12  3.91868e-12

   Temperature = 800 K

   P(atm)       P1->W1         P1->
      0.1  1.95537e-12  1.95537e-12
        1  3.01155e-12  3.01155e-12
       10  3.49181e-12  3.49181e-12
      100   3.5925e-12   3.5925e-12
    O-O  3.61714e-12  3.61714e-12

   Temperature = 900 K

   P(atm)       P1->W1         P1->
      0.1   1.1254e-12   1.1254e-12
        1  2.26785e-12  2.26785e-12
       10  3.10155e-12  3.10155e-12
      100  3.36242e-12  3.36242e-12
    O-O  3.41648e-12  3.41648e-12

   Temperature = 1000 K

   P(atm)       P1->W1         P1->
      0.1  5.84048e-13  5.84048e-13
        1  1.54817e-12  1.54817e-12
       10   2.6374e-12   2.6374e-12
      100  3.15605e-12  3.15605e-12
    O-O  3.28248e-12  3.28248e-12

   Temperature = 1100 K

   P(atm)       P1->W1         P1->
      0.1  2.86308e-13  2.86308e-13
        1  9.73384e-13  9.73384e-13
       10  2.11046e-12  2.11046e-12
      100  2.92616e-12  2.92616e-12
    O-O   3.1942e-12   3.1942e-12

   Temperature = 1200 K

   P(atm)       P1->W1         P1->
      0.1  1.37434e-13  1.37434e-13
        1   5.8071e-13   5.8071e-13
       10  1.59089e-12  1.59089e-12
      100  2.64475e-12  2.64475e-12
    O-O  3.13809e-12  3.13809e-12

   Temperature = 1300 K

   P(atm)       P1->W1         P1->
      0.1          ***  4.40193e-27
        1  3.36946e-13  3.36946e-13
       10  1.14491e-12  1.14491e-12
      100  2.31416e-12  2.31416e-12
    O-O  3.10499e-12  3.10499e-12

   Temperature = 1400 K

   P(atm)       P1->W1         P1->
      0.1          ***  2.35435e-27
        1  1.92936e-13  1.92936e-13
       10   7.9853e-13   7.9853e-13
      100  1.96128e-12  1.96128e-12
    O-O  3.08855e-12  3.08855e-12

   Temperature = 1500 K

   P(atm)       P1->W1         P1->
      0.1          ***  2.33822e-27
        1          ***  2.33822e-27
       10  5.45604e-13  5.45604e-13
      100  1.61785e-12  1.61785e-12
    O-O  3.08432e-12  3.08432e-12

   Temperature = 1600 K

   P(atm)       P1->W1         P1->
      0.1          ***  1.22107e-27
        1          ***  1.22107e-27
       10  3.67859e-13  3.67859e-13
      100  1.30672e-12  1.30672e-12
    O-O   3.0891e-12   3.0891e-12

   Temperature = 1700 K

   P(atm)       P1->W1         P1->
      0.1          ***  1.34718e-27
        1          ***            0
       10          *** -4.04153e-27
      100  1.03855e-12  1.03855e-12
    O-O  3.10063e-12  3.10063e-12

   Temperature = 1800 K

   P(atm)       P1->W1         P1->
      0.1          ***  -3.1194e-27
        1          *** -2.33955e-27
       10          *** -2.72948e-27
      100  8.15047e-13  8.15047e-13
    O-O  3.11727e-12  3.11727e-12

   Temperature = 1900 K

   P(atm)       P1->W1         P1->
      0.1          ***  4.71793e-28
        1          *** -4.71793e-28
       10          *** -9.43587e-28
      100          ***  1.88717e-27
    O-O  3.13788e-12  3.13788e-12

   Temperature = 2000 K

   P(atm)       P1->W1         P1->
      0.1          *** -3.56918e-27
        1          *** -4.16404e-27
       10          *** -4.16404e-27
      100          ***  1.18973e-27
    O-O  3.16161e-12  3.16161e-12

   Temperature = 2100 K

   P(atm)       P1->W1         P1->
      0.1          ***  3.89767e-28
        1          ***   1.1693e-27
       10          ***  3.89767e-28
      100          ***  6.23628e-27
    O-O   3.1879e-12   3.1879e-12

   Temperature = 2200 K

   P(atm)       P1->W1         P1->
      0.1          ***  2.11835e-27
        1          ***  2.11835e-27
       10          ***  2.11835e-27
      100          ***   3.7071e-27
    O-O  3.21632e-12  3.21632e-12

   Temperature = 2300 K

   P(atm)       P1->W1         P1->
      0.1          ***  7.43978e-28
        1          ***  1.11597e-27
       10          ***  3.71989e-28
      100          ***  2.23193e-27
    O-O  3.24661e-12  3.24661e-12

   Temperature = 2400 K

   P(atm)       P1->W1         P1->
      0.1          ***  3.23953e-27
        1          ***  3.23953e-27
       10          ***  2.15969e-27
      100          ***  2.15969e-27
    O-O  3.27855e-12  3.27855e-12

   Temperature = 2500 K

   P(atm)       P1->W1         P1->
      0.1          ***   4.0383e-28
        1          ***   4.0383e-28
       10          ***  8.07661e-28
      100          ***  8.07661e-28
    O-O  3.31203e-12  3.31203e-12

   Temperature = 2600 K

   P(atm)       P1->W1         P1->
      0.1          *** -3.09906e-27
        1          *** -1.85944e-27
       10          *** -2.47925e-27
      100          *** -4.33868e-27
    O-O  3.34695e-12  3.34695e-12

   Temperature = 2700 K

   P(atm)       P1->W1         P1->
      0.1          ***  2.94021e-27
        1          ***  2.94021e-27
       10          ***  2.45017e-27
      100          ***  2.94021e-27
    O-O  3.38326e-12  3.38326e-12

   Temperature = 2800 K

   P(atm)       P1->W1         P1->
      0.1          ***  1.19228e-27
        1          ***  7.94854e-28
       10          ***  1.19228e-27
      100          ***  1.19228e-27
    O-O  3.42092e-12  3.42092e-12

   Temperature = 2900 K

   P(atm)       P1->W1         P1->
      0.1          ***            0
        1          ***            0
       10          *** -6.60399e-28
      100          ***            0
    O-O  3.45991e-12  3.45991e-12

   Temperature = 3000 K

   P(atm)       P1->W1         P1->
      0.1          ***            0
        1          *** -5.61144e-28
       10          ***            0
      100          *** -5.61144e-28
    O-O  3.50022e-12  3.50022e-12

______________________________________________________________________________________

Temperature-Species Rate Tables:

   Pressure = 0.1 atm

   T(K)       W1->P1         W1->      Capture
    300  2.86873e-15  2.86873e-15  2.88474e-15
    400  1.06202e-07  1.06202e-07  1.06867e-07
    500   0.00330514   0.00330514    0.0033733
    600      2.88132      2.88132      3.15062
    700      301.681      301.681      396.987
    800      7780.61      7780.61        14391
    900      75357.9      75357.9       228409
   1000       366991       366991  2.04059e+06
   1100   1.1265e+06   1.1265e+06  1.20332e+07
   1200  2.56794e+06  2.56794e+06  5.20566e+07
   1300          ***          ***  1.77683e+08
   1400          ***          ***  5.03911e+08
   1500          ***          ***   1.2331e+09
   1600          ***          ***  2.67817e+09
   1700          ***          ***  5.27486e+09
   1800          ***          ***  9.57999e+09
   1900          ***          ***  1.62559e+10
   2000          ***          ***  2.60439e+10
   2100          ***          ***  3.97314e+10
   2200          ***          ***  5.81173e+10
   2300          ***          ***  8.19784e+10
   2400          ***          ***  1.12041e+11
   2500          ***          ***   1.4896e+11
   2600          ***          ***  1.93299e+11
   2700          ***          ***  2.45527e+11
   2800          ***          ***  3.06008e+11
   2900          ***          ***  3.75006e+11
   3000          ***          ***  4.52688e+11

   Pressure = 1 atm

   T(K)       W1->P1         W1->      Capture
    300  2.86894e-15  2.86894e-15  2.88474e-15
    400  1.06359e-07  1.06359e-07  1.06867e-07
    500   0.00335331   0.00335331    0.0033733
    600      3.09667      3.09667      3.15062
    700      372.605      372.605      396.987
    800      11981.8      11981.8        14391
    900       151642       151642       228409
   1000       964119       964119  2.04059e+06
   1100  3.70506e+06  3.70506e+06  1.20332e+07
   1200  1.00042e+07  1.00042e+07  5.20566e+07
   1300  2.12593e+07  2.12593e+07  1.77683e+08
   1400  3.84086e+07  3.84086e+07  5.03911e+08
   1500          ***          ***   1.2331e+09
   1600          ***          ***  2.67817e+09
   1700          ***          ***  5.27486e+09
   1800          ***          ***  9.57999e+09
   1900          ***          ***  1.62559e+10
   2000          ***          ***  2.60439e+10
   2100          ***          ***  3.97314e+10
   2200          ***          ***  5.81173e+10
   2300          ***          ***  8.19784e+10
   2400          ***          ***  1.12041e+11
   2500          ***          ***   1.4896e+11
   2600          ***          ***  1.93299e+11
   2700          ***          ***  2.45527e+11
   2800          ***          ***  3.06008e+11
   2900          ***          ***  3.75006e+11
   3000          ***          ***  4.52688e+11

   Pressure = 10 atm

   T(K)       W1->P1         W1->      Capture
    300  2.86896e-15  2.86896e-15  2.88474e-15
    400  1.06375e-07  1.06375e-07  1.06867e-07
    500   0.00335926   0.00335926    0.0033733
    600      3.13462      3.13462      3.15062
    700      392.416      392.416      396.987
    800      13892.4      13892.4        14391
    900       207356       207356       228409
   1000  1.63977e+06  1.63977e+06  2.04059e+06
   1100  7.95952e+06  7.95952e+06  1.20332e+07
   1200  2.65541e+07  2.65541e+07  5.20566e+07
   1300  6.69758e+07  6.69758e+07  1.77683e+08
   1400  1.37969e+08  1.37969e+08  5.03911e+08
   1500    2.458e+08    2.458e+08   1.2331e+09
   1600  3.94421e+08  3.94421e+08  2.67817e+09
   1700          ***          ***  5.27486e+09
   1800          ***          ***  9.57999e+09
   1900          ***          ***  1.62559e+10
   2000          ***          ***  2.60439e+10
   2100          ***          ***  3.97314e+10
   2200          ***          ***  5.81173e+10
   2300          ***          ***  8.19784e+10
   2400          ***          ***  1.12041e+11
   2500          ***          ***   1.4896e+11
   2600          ***          ***  1.93299e+11
   2700          ***          ***  2.45527e+11
   2800          ***          ***  3.06008e+11
   2900          ***          ***  3.75006e+11
   3000          ***          ***  4.52688e+11

   Pressure = 100 atm

   T(K)       W1->P1         W1->      Capture
    300  2.86896e-15  2.86896e-15  2.88474e-15
    400  1.06377e-07  1.06377e-07  1.06867e-07
    500   0.00335988   0.00335988    0.0033733
    600      3.13905      3.13905      3.15062
    700      395.361      395.361      396.987
    800        14293        14293        14391
    900       224795       224795       228409
   1000    1.962e+06    1.962e+06  2.04059e+06
   1100  1.10239e+07  1.10239e+07  1.20332e+07
   1200  4.38889e+07  4.38889e+07  5.20566e+07
   1300  1.32689e+08  1.32689e+08  1.77683e+08
   1400  3.22344e+08  3.22344e+08  5.03911e+08
   1500  6.60184e+08  6.60184e+08   1.2331e+09
   1600  1.18622e+09  1.18622e+09  2.67817e+09
   1700  1.92908e+09  1.92908e+09  5.27486e+09
   1800  2.90637e+09  2.90637e+09  9.57999e+09
   1900          ***          ***  1.62559e+10
   2000          ***          ***  2.60439e+10
   2100          ***          ***  3.97314e+10
   2200          ***          ***  5.81173e+10
   2300          ***          ***  8.19784e+10
   2400          ***          ***  1.12041e+11
   2500          ***          ***   1.4896e+11
   2600          ***          ***  1.93299e+11
   2700          ***          ***  2.45527e+11
   2800          ***          ***  3.06008e+11
   2900          ***          ***  3.75006e+11
   3000          ***          ***  4.52688e+11

   Pressure = 0.1 atm

   T(K)       P1->W1         P1->      Capture
    300  8.67059e-12  8.67059e-12  8.71897e-12
    400  6.34236e-12  6.34236e-12  6.38207e-12
    500  5.01773e-12  5.01773e-12   5.1212e-12
    600   4.0069e-12   4.0069e-12  4.38141e-12
    700  2.97788e-12  2.97788e-12  3.91868e-12
    800  1.95537e-12  1.95537e-12  3.61714e-12
    900   1.1254e-12   1.1254e-12  3.41648e-12
   1000  5.84048e-13  5.84048e-13  3.28248e-12
   1100  2.86308e-13  2.86308e-13   3.1942e-12
   1200  1.37434e-13  1.37434e-13  3.13809e-12
   1300          ***  4.40193e-27  3.10499e-12
   1400          ***  2.35435e-27  3.08855e-12
   1500          ***  2.33822e-27  3.08432e-12
   1600          ***  1.22107e-27   3.0891e-12
   1700          ***  1.34718e-27  3.10063e-12
   1800          ***  -3.1194e-27  3.11727e-12
   1900          ***  4.71793e-28  3.13788e-12
   2000          *** -3.56918e-27  3.16161e-12
   2100          ***  3.89767e-28   3.1879e-12
   2200          ***  2.11835e-27  3.21632e-12
   2300          ***  7.43978e-28  3.24661e-12
   2400          ***  3.23953e-27  3.27855e-12
   2500          ***   4.0383e-28  3.31203e-12
   2600          *** -3.09906e-27  3.34695e-12
   2700          ***  2.94021e-27  3.38326e-12
   2800          ***  1.19228e-27  3.42092e-12
   2900          ***            0  3.45991e-12
   3000          ***            0  3.50022e-12

   Pressure = 1 atm

   T(K)       P1->W1         P1->      Capture
    300  8.67122e-12  8.67122e-12  8.71897e-12
    400  6.35172e-12  6.35172e-12  6.38207e-12
    500  5.09085e-12  5.09085e-12   5.1212e-12
    600  4.30638e-12  4.30638e-12  4.38141e-12
    700    3.678e-12    3.678e-12  3.91868e-12
    800  3.01155e-12  3.01155e-12  3.61714e-12
    900  2.26785e-12  2.26785e-12  3.41648e-12
   1000  1.54817e-12  1.54817e-12  3.28248e-12
   1100  9.73384e-13  9.73384e-13   3.1942e-12
   1200   5.8071e-13   5.8071e-13  3.13809e-12
   1300  3.36946e-13  3.36946e-13  3.10499e-12
   1400  1.92936e-13  1.92936e-13  3.08855e-12
   1500          ***  2.33822e-27  3.08432e-12
   1600          ***  1.22107e-27   3.0891e-12
   1700          ***            0  3.10063e-12
   1800          *** -2.33955e-27  3.11727e-12
   1900          *** -4.71793e-28  3.13788e-12
   2000          *** -4.16404e-27  3.16161e-12
   2100          ***   1.1693e-27   3.1879e-12
   2200          ***  2.11835e-27  3.21632e-12
   2300          ***  1.11597e-27  3.24661e-12
   2400          ***  3.23953e-27  3.27855e-12
   2500          ***   4.0383e-28  3.31203e-12
   2600          *** -1.85944e-27  3.34695e-12
   2700          ***  2.94021e-27  3.38326e-12
   2800          ***  7.94854e-28  3.42092e-12
   2900          ***            0  3.45991e-12
   3000          *** -5.61144e-28  3.50022e-12

   Pressure = 10 atm

   T(K)       P1->W1         P1->      Capture
    300  8.67129e-12  8.67129e-12  8.71897e-12
    400   6.3527e-12   6.3527e-12  6.38207e-12
    500  5.09989e-12  5.09989e-12   5.1212e-12
    600  4.35915e-12  4.35915e-12  4.38141e-12
    700  3.87356e-12  3.87356e-12  3.91868e-12
    800  3.49181e-12  3.49181e-12  3.61714e-12
    900  3.10155e-12  3.10155e-12  3.41648e-12
   1000   2.6374e-12   2.6374e-12  3.28248e-12
   1100  2.11046e-12  2.11046e-12   3.1942e-12
   1200  1.59089e-12  1.59089e-12  3.13809e-12
   1300  1.14491e-12  1.14491e-12  3.10499e-12
   1400   7.9853e-13   7.9853e-13  3.08855e-12
   1500  5.45604e-13  5.45604e-13  3.08432e-12
   1600  3.67859e-13  3.67859e-13   3.0891e-12
   1700          *** -4.04153e-27  3.10063e-12
   1800          *** -2.72948e-27  3.11727e-12
   1900          *** -9.43587e-28  3.13788e-12
   2000          *** -4.16404e-27  3.16161e-12
   2100          ***  3.89767e-28   3.1879e-12
   2200          ***  2.11835e-27  3.21632e-12
   2300          ***  3.71989e-28  3.24661e-12
   2400          ***  2.15969e-27  3.27855e-12
   2500          ***  8.07661e-28  3.31203e-12
   2600          *** -2.47925e-27  3.34695e-12
   2700          ***  2.45017e-27  3.38326e-12
   2800          ***  1.19228e-27  3.42092e-12
   2900          *** -6.60399e-28  3.45991e-12
   3000          ***            0  3.50022e-12

   Pressure = 100 atm

   T(K)       P1->W1         P1->      Capture
    300  8.67129e-12  8.67129e-12  8.71897e-12
    400   6.3528e-12   6.3528e-12  6.38207e-12
    500  5.10083e-12  5.10083e-12   5.1212e-12
    600  4.36531e-12  4.36531e-12  4.38141e-12
    700  3.90263e-12  3.90263e-12  3.91868e-12
    800   3.5925e-12   3.5925e-12  3.61714e-12
    900  3.36242e-12  3.36242e-12  3.41648e-12
   1000  3.15605e-12  3.15605e-12  3.28248e-12
   1100  2.92616e-12  2.92616e-12   3.1942e-12
   1200  2.64475e-12  2.64475e-12  3.13809e-12
   1300  2.31416e-12  2.31416e-12  3.10499e-12
   1400  1.96128e-12  1.96128e-12  3.08855e-12
   1500  1.61785e-12  1.61785e-12  3.08432e-12
   1600  1.30672e-12  1.30672e-12   3.0891e-12
   1700  1.03855e-12  1.03855e-12  3.10063e-12
   1800  8.15047e-13  8.15047e-13  3.11727e-12
   1900          ***  1.88717e-27  3.13788e-12
   2000          ***  1.18973e-27  3.16161e-12
   2100          ***  6.23628e-27   3.1879e-12
   2200          ***   3.7071e-27  3.21632e-12
   2300          ***  2.23193e-27  3.24661e-12
   2400          ***  2.15969e-27  3.27855e-12
   2500          ***  8.07661e-28  3.31203e-12
   2600          *** -4.33868e-27  3.34695e-12
   2700          ***  2.94021e-27  3.38326e-12
   2800          ***  1.19228e-27  3.42092e-12
   2900          ***            0  3.45991e-12
   3000          *** -5.61144e-28  3.50022e-12

______________________________________________________________________________________

Temperature-Pressure Rate Tables:

W1->P1

P\T              300          400          500          600          700          800          900         1000         1100         1200         1300         1400         1500         1600         1700         1800         1900         2000         2100         2200         2300         2400         2500         2600         2700         2800         2900         3000
0.1      2.86873e-15  1.06202e-07   0.00330514      2.88132      301.681      7780.61      75357.9       366991   1.1265e+06  2.56794e+06          ***          ***          ***          ***          ***          ***          ***          ***          ***          ***          ***          ***          ***          ***          ***          ***          ***          ***
1        2.86894e-15  1.06359e-07   0.00335331      3.09667      372.605      11981.8       151642       964119  3.70506e+06  1.00042e+07  2.12593e+07  3.84086e+07          ***          ***          ***          ***          ***          ***          ***          ***          ***          ***          ***          ***          ***          ***          ***          ***
10       2.86896e-15  1.06375e-07   0.00335926      3.13462      392.416      13892.4       207356  1.63977e+06  7.95952e+06  2.65541e+07  6.69758e+07  1.37969e+08    2.458e+08  3.94421e+08          ***          ***          ***          ***          ***          ***          ***          ***          ***          ***          ***          ***          ***          ***
100      2.86896e-15  1.06377e-07   0.00335988      3.13905      395.361        14293       224795    1.962e+06  1.10239e+07  4.38889e+07  1.32689e+08  3.22344e+08  6.60184e+08  1.18622e+09  1.92908e+09  2.90637e+09          ***          ***          ***          ***          ***          ***          ***          ***          ***          ***          ***          ***
O-O      2.88474e-15  1.06867e-07    0.0033733      3.15062      396.987        14391       228409  2.04059e+06  1.20332e+07  5.20566e+07  1.77683e+08  5.03911e+08   1.2331e+09  2.67817e+09  5.27486e+09  9.57999e+09  1.62559e+10  2.60439e+10  3.97314e+10  5.81173e+10  8.19784e+10  1.12041e+11   1.4896e+11  1.93299e+11  2.45527e+11  3.06008e+11  3.75006e+11  4.52688e+11

P1->W1

P\T              300          400          500          600          700          800          900         1000         1100         1200         1300         1400         1500         1600         1700         1800         1900         2000         2100         2200         2300         2400         2500         2600         2700         2800         2900         3000
0.1      8.67059e-12  6.34236e-12  5.01773e-12   4.0069e-12  2.97788e-12  1.95537e-12   1.1254e-12  5.84048e-13  2.86308e-13  1.37434e-13          ***          ***          ***          ***          ***          ***          ***          ***          ***          ***          ***          ***          ***          ***          ***          ***          ***          ***
1        8.67122e-12  6.35172e-12  5.09085e-12  4.30638e-12    3.678e-12  3.01155e-12  2.26785e-12  1.54817e-12  9.73384e-13   5.8071e-13  3.36946e-13  1.92936e-13          ***          ***          ***          ***          ***          ***          ***          ***          ***          ***          ***          ***          ***          ***          ***          ***
10       8.67129e-12   6.3527e-12  5.09989e-12  4.35915e-12  3.87356e-12  3.49181e-12  3.10155e-12   2.6374e-12  2.11046e-12  1.59089e-12  1.14491e-12   7.9853e-13  5.45604e-13  3.67859e-13          ***          ***          ***          ***          ***          ***          ***          ***          ***          ***          ***          ***          ***          ***
100      8.67129e-12   6.3528e-12  5.10083e-12  4.36531e-12  3.90263e-12   3.5925e-12  3.36242e-12  3.15605e-12  2.92616e-12  2.64475e-12  2.31416e-12  1.96128e-12  1.61785e-12  1.30672e-12  1.03855e-12  8.15047e-13          ***          ***          ***          ***          ***          ***          ***          ***          ***          ***          ***          ***
O-O      8.71897e-12  6.38207e-12   5.1212e-12  4.38141e-12  3.91868e-12  3.61714e-12  3.41648e-12  3.28248e-12   3.1942e-12  3.13809e-12  3.10499e-12  3.08855e-12  3.08432e-12   3.0891e-12  3.10063e-12  3.11727e-12  3.13788e-12  3.16161e-12   3.1879e-12  3.21632e-12  3.24661e-12  3.27855e-12  3.31203e-12  3.34695e-12  3.38326e-12  3.42092e-12  3.45991e-12  3.50022e-12

W1-> 

P\T              300          400          500          600          700          800          900         1000         1100         1200         1300         1400         1500         1600         1700         1800         1900         2000         2100         2200         2300         2400         2500         2600         2700         2800         2900         3000
0.1      2.86873e-15  1.06202e-07   0.00330514      2.88132      301.681      7780.61      75357.9       366991   1.1265e+06  2.56794e+06          ***          ***          ***          ***          ***          ***          ***          ***          ***          ***          ***          ***          ***          ***          ***          ***          ***          ***
1        2.86894e-15  1.06359e-07   0.00335331      3.09667      372.605      11981.8       151642       964119  3.70506e+06  1.00042e+07  2.12593e+07  3.84086e+07          ***          ***          ***          ***          ***          ***          ***          ***          ***          ***          ***          ***          ***          ***          ***          ***
10       2.86896e-15  1.06375e-07   0.00335926      3.13462      392.416      13892.4       207356  1.63977e+06  7.95952e+06  2.65541e+07  6.69758e+07  1.37969e+08    2.458e+08  3.94421e+08          ***          ***          ***          ***          ***          ***          ***          ***          ***          ***          ***          ***          ***          ***
100      2.86896e-15  1.06377e-07   0.00335988      3.13905      395.361        14293       224795    1.962e+06  1.10239e+07  4.38889e+07  1.32689e+08  3.22344e+08  6.60184e+08  1.18622e+09  1.92908e+09  2.90637e+09          ***          ***          ***          ***          ***          ***          ***          ***          ***          ***          ***          ***
O-O      2.88474e-15  1.06867e-07    0.0033733      3.15062      396.987        14391       228409  2.04059e+06  1.20332e+07  5.20566e+07  1.77683e+08  5.03911e+08   1.2331e+09  2.67817e+09  5.27486e+09  9.57999e+09  1.62559e+10  2.60439e+10  3.97314e+10  5.81173e+10  8.19784e+10  1.12041e+11   1.4896e+11  1.93299e+11  2.45527e+11  3.06008e+11  3.75006e+11  4.52688e+11

P1-> 

P\T              300          400          500          600          700          800          900         1000         1100         1200         1300         1400         1500         1600         1700         1800         1900         2000         2100         2200         2300         2400         2500         2600         2700         2800         2900         3000
0.1      8.67059e-12  6.34236e-12  5.01773e-12   4.0069e-12  2.97788e-12  1.95537e-12   1.1254e-12  5.84048e-13  2.86308e-13  1.37434e-13  4.40193e-27  2.35435e-27  2.33822e-27  1.22107e-27  1.34718e-27  -3.1194e-27  4.71793e-28 -3.56918e-27  3.89767e-28  2.11835e-27  7.43978e-28  3.23953e-27   4.0383e-28 -3.09906e-27  2.94021e-27  1.19228e-27            0            0
1        8.67122e-12  6.35172e-12  5.09085e-12  4.30638e-12    3.678e-12  3.01155e-12  2.26785e-12  1.54817e-12  9.73384e-13   5.8071e-13  3.36946e-13  1.92936e-13  2.33822e-27  1.22107e-27            0 -2.33955e-27 -4.71793e-28 -4.16404e-27   1.1693e-27  2.11835e-27  1.11597e-27  3.23953e-27   4.0383e-28 -1.85944e-27  2.94021e-27  7.94854e-28            0 -5.61144e-28
10       8.67129e-12   6.3527e-12  5.09989e-12  4.35915e-12  3.87356e-12  3.49181e-12  3.10155e-12   2.6374e-12  2.11046e-12  1.59089e-12  1.14491e-12   7.9853e-13  5.45604e-13  3.67859e-13 -4.04153e-27 -2.72948e-27 -9.43587e-28 -4.16404e-27  3.89767e-28  2.11835e-27  3.71989e-28  2.15969e-27  8.07661e-28 -2.47925e-27  2.45017e-27  1.19228e-27 -6.60399e-28            0
100      8.67129e-12   6.3528e-12  5.10083e-12  4.36531e-12  3.90263e-12   3.5925e-12  3.36242e-12  3.15605e-12  2.92616e-12  2.64475e-12  2.31416e-12  1.96128e-12  1.61785e-12  1.30672e-12  1.03855e-12  8.15047e-13  1.88717e-27  1.18973e-27  6.23628e-27   3.7071e-27  2.23193e-27  2.15969e-27  8.07661e-28 -4.33868e-27  2.94021e-27  1.19228e-27            0 -5.61144e-28
O-O      8.71897e-12  6.38207e-12   5.1212e-12  4.38141e-12  3.91868e-12  3.61714e-12  3.41648e-12  3.28248e-12   3.1942e-12  3.13809e-12  3.10499e-12  3.08855e-12  3.08432e-12   3.0891e-12  3.10063e-12  3.11727e-12  3.13788e-12  3.16161e-12   3.1879e-12  3.21632e-12  3.24661e-12  3.27855e-12  3.31203e-12  3.34695e-12  3.38326e-12  3.42092e-12  3.45991e-12  3.50022e-12

