 initial guess
    8.10000E-011  -1.00000E-002   2.00000E+003
   500.00     0.49284E-01 0.14759E-11  100.00    
   600.00      12.705     0.28694E-11  100.00    
   700.00      708.42     0.46125E-11  100.00    
   800.00      15009.     0.65835E-11  100.00    
   900.00     0.16569E+06 0.86813E-11  100.00    
   1000.0     0.11540E+07 0.10830E-10  100.00    
   1100.0     0.57321E+07 0.12977E-10  100.00    
   1200.0     0.22049E+08 0.15087E-10  100.00    
   1300.0     0.69562E+08 0.17137E-10  100.00    
   1400.0     0.18759E+09 0.19114E-10  100.00    
   1500.0     0.44585E+09 0.21009E-10  100.00    
   1600.0     0.95560E+09 0.22820E-10  100.00    
   1700.0     0.18801E+10 0.24546E-10  100.00    
   1800.0     0.34429E+10 0.26189E-10  100.00    
   1900.0     0.59331E+10 0.27752E-10  100.00    
   2000.0     0.97075E+10 0.29236E-10  100.00    
 results for iteration           1
 chi  0.11437    lamda  0.10000E-03
 params
    2.82615E+000   3.80737E+000   1.36002E+004
    1.70194E+024   3.80737E+000   2.70235E+004
   500.00     0.49284E-01 0.82077E-01  66.539    
   600.00      12.705      15.294      20.380    
   700.00      708.42      701.00      1.0486    
   800.00      15009.      13220.      11.915    
   900.00     0.16569E+06 0.13688E+06  17.389    
   1000.0     0.11540E+07 0.92647E+06  19.717    
   1100.0     0.57321E+07 0.45855E+07  20.003    
   1200.0     0.22049E+08 0.17894E+08  18.841    
   1300.0     0.69562E+08 0.58035E+08  16.570    
   1400.0     0.18759E+09 0.16247E+09  13.396    
   1500.0     0.44585E+09 0.40374E+09  9.4448    
   1600.0     0.95560E+09 0.90975E+09  4.7985    
   1700.0     0.18801E+10 0.18894E+10 0.49281    
   1800.0     0.34429E+10 0.36631E+10  6.3962    
   1900.0     0.59331E+10 0.66982E+10  12.894    
   2000.0     0.97075E+10 0.11647E+11  19.976    
 results for iteration           2
 chi  0.38783E-01lamda  0.10000E-04
 params
    1.58510E+003   3.03675E+000   1.45205E+004
    9.54562E+026   3.03675E+000   2.88522E+004
   500.00     0.49284E-01 0.60788E-01  23.343    
   600.00      12.705      13.376      5.2845    
   700.00      708.42      677.80      4.3234    
   800.00      15009.      13593.      9.4329    
   900.00     0.16569E+06 0.14605E+06  11.854    
   1000.0     0.11540E+07 0.10096E+07  12.515    
   1100.0     0.57321E+07 0.50481E+07  11.932    
   1200.0     0.22049E+08 0.19753E+08  10.413    
   1300.0     0.69562E+08 0.63889E+08  8.1539    
   1400.0     0.18759E+09 0.17769E+09  5.2808    
   1500.0     0.44585E+09 0.43747E+09  1.8808    
   1600.0     0.95560E+09 0.97458E+09  1.9857    
   1700.0     0.18801E+10 0.19981E+10  6.2760    
   1800.0     0.34429E+10 0.38202E+10  10.958    
   1900.0     0.59331E+10 0.68830E+10  16.010    
   2000.0     0.97075E+10 0.11786E+11  21.415    
 results for iteration           3
 chi  0.13180E-02lamda  0.10000E-05
 params
    2.21423E+007   1.83651E+000   1.56609E+004
    1.33343E+031   1.83651E+000   3.11181E+004
   500.00     0.49284E-01 0.50012E-01  1.4766    
   600.00      12.705      12.931      1.7806    
   700.00      708.42      714.44     0.84892    
   800.00      15009.      14963.     0.30576    
   900.00     0.16569E+06 0.16353E+06  1.3061    
   1000.0     0.11540E+07 0.11307E+07  2.0217    
   1100.0     0.57321E+07 0.55933E+07  2.4205    
   1200.0     0.22049E+08 0.21495E+08  2.5130    
   1300.0     0.69562E+08 0.67945E+08  2.3239    
   1400.0     0.18759E+09 0.18406E+09  1.8821    
   1500.0     0.44585E+09 0.44043E+09  1.2164    
   1600.0     0.95560E+09 0.95223E+09 0.35294    
   1700.0     0.18801E+10 0.18930E+10 0.68558    
   1800.0     0.34429E+10 0.35076E+10  1.8782    
   1900.0     0.59331E+10 0.61235E+10  3.2088    
   2000.0     0.97075E+10 0.10160E+11  4.6618    
 results for iteration           4
 chi  0.42464E-03lamda  0.10000E-06
 params
    1.19862E+008   1.62414E+000   1.58626E+004
    7.21820E+031   1.62414E+000   3.15190E+004
   500.00     0.49284E-01 0.48315E-01  1.9650    
   600.00      12.705      12.854      1.1745    
   700.00      708.42      721.13      1.7939    
   800.00      15009.      15219.      1.4031    
   900.00     0.16569E+06 0.16683E+06 0.68797    
   1000.0     0.11540E+07 0.11536E+07 0.37885E-01
   1100.0     0.57321E+07 0.56957E+07 0.63385    
   1200.0     0.22049E+08 0.21818E+08  1.0446    
   1300.0     0.69562E+08 0.68689E+08  1.2550    
   1400.0     0.18759E+09 0.18521E+09  1.2688    
   1500.0     0.44585E+09 0.44095E+09  1.0992    
   1600.0     0.95560E+09 0.94832E+09 0.76207    
   1700.0     0.18801E+10 0.18750E+10 0.27358    
   1800.0     0.34429E+10 0.34549E+10 0.34964    
   1900.0     0.59331E+10 0.59981E+10  1.0942    
   2000.0     0.97075E+10 0.98965E+10  1.9466    
 results for iteration           5
 chi  0.42436E-03lamda  0.10000E-07
 params
    1.23557E+008   1.62032E+000   1.58662E+004
    7.44075E+031   1.62032E+000   3.15262E+004
   500.00     0.49284E-01 0.48285E-01  2.0258    
   600.00      12.705      12.853      1.1637    
   700.00      708.42      721.25      1.8110    
   800.00      15009.      15224.      1.4341    
   900.00     0.16569E+06 0.16689E+06 0.72419    
   1000.0     0.11540E+07 0.11540E+07 0.18502E-02
   1100.0     0.57321E+07 0.56976E+07 0.60142    
   1200.0     0.22049E+08 0.21824E+08  1.0180    
   1300.0     0.69562E+08 0.68702E+08  1.2356    
   1400.0     0.18759E+09 0.18524E+09  1.2578    
   1500.0     0.44585E+09 0.44096E+09  1.0971    
   1600.0     0.95560E+09 0.94825E+09 0.76941    
   1700.0     0.18801E+10 0.18746E+10 0.29075    
   1800.0     0.34429E+10 0.34540E+10 0.32237    
   1900.0     0.59331E+10 0.59958E+10  1.0566    
   2000.0     0.97075E+10 0.98918E+10  1.8984    
 results for iteration           6
 chi  0.42436E-03lamda  0.10000E-08
 params
    1.23564E+008   1.62031E+000   1.58662E+004
    7.44116E+031   1.62031E+000   3.15262E+004
   500.00     0.49284E-01 0.48285E-01  2.0259    
   600.00      12.705      12.853      1.1636    
   700.00      708.42      721.25      1.8110    
   800.00      15009.      15224.      1.4342    
   900.00     0.16569E+06 0.16689E+06 0.72426    
   1000.0     0.11540E+07 0.11540E+07 0.17853E-02
   1100.0     0.57321E+07 0.56976E+07 0.60136    
   1200.0     0.22049E+08 0.21824E+08  1.0180    
   1300.0     0.69562E+08 0.68702E+08  1.2356    
   1400.0     0.18759E+09 0.18524E+09  1.2578    
   1500.0     0.44585E+09 0.44096E+09  1.0971    
   1600.0     0.95560E+09 0.94825E+09 0.76942    
   1700.0     0.18801E+10 0.18746E+10 0.29078    
   1800.0     0.34429E+10 0.34540E+10 0.32232    
   1900.0     0.59331E+10 0.59958E+10  1.0565    
   2000.0     0.97075E+10 0.98918E+10  1.8983    

 results from sum of two modified arrhenius
 chi  0.59070E-06lamda  0.10000E-05
 params
       1.25290E+012      4.33793E-001      1.82213E+004      2.66813E+008      1.44296E+000      1.57188E+004
       7.54247E+035      4.33793E-001      3.62057E+004      1.60621E+032      1.44296E+000      3.12332E+004
   500.00     0.49284E-01 0.49277E-01 0.14060E-01
   600.00      12.705      12.712     0.53974E-01
   700.00      708.42      708.07     0.49424E-01
   800.00      15009.      14999.     0.60013E-01
   900.00     0.16569E+06 0.16566E+06 0.16757E-01
   1000.0     0.11540E+07 0.11543E+07 0.27246E-01
   1100.0     0.57321E+07 0.57349E+07 0.48674E-01
   1200.0     0.22049E+08 0.22058E+08 0.44020E-01
   1300.0     0.69562E+08 0.69576E+08 0.20715E-01
   1400.0     0.18759E+09 0.18758E+09 0.10568E-01
   1500.0     0.44585E+09 0.44567E+09 0.39725E-01
   1600.0     0.95560E+09 0.95505E+09 0.58297E-01
   1700.0     0.18801E+10 0.18790E+10 0.59318E-01
   1800.0     0.34429E+10 0.34416E+10 0.39038E-01
   1900.0     0.59331E+10 0.59335E+10 0.66217E-02
   2000.0     0.97075E+10 0.97152E+10 0.78925E-01
