---------------------------------------------------------

Generating Reactions for Series 1

Trying to find hydrogen abstraction products for reactants
('CCCC', '[H]')
('CCCC', '[OH]')
('CCCC', 'O=O')
('O=O', '[H]')
('O=O', '[OH]')
('O=O', 'O=O')
('[OH]', '[H]')
('[OH]', '[OH]')
('[OH]', 'O=O')
('[H]', '[H]')
('[H]', '[OH]')
('[H]', 'O=O')

Generating Reactions for ('CCCC', '[H]')...
Found Product(s) 1: ('[HH]', '[CH2]CCC')
Found Product(s) 2: ('[HH]', 'C[CH]CC')
Generating Reactions for ('CCCC', '[OH]')...
Found Product(s) 1: ('O', '[CH2]CCC')
Found Product(s) 2: ('O', 'C[CH]CC')
Generating Reactions for ('CCCC', 'O=O')...
Generating Reactions for ('O=O', '[H]')...
Generating Reactions for ('O=O', '[OH]')...
Generating Reactions for ('O=O', 'O=O')...
Generating Reactions for ('[OH]', '[H]')...
Generating Reactions for ('[OH]', '[OH]')...
Generating Reactions for ('[OH]', 'O=O')...
Generating Reactions for ('[H]', '[H]')...
Generating Reactions for ('[H]', '[OH]')...
Generating Reactions for ('[H]', 'O=O')...

Adding new unique species to mechanism by adding to mechanism spc_dct...

Adding species H2 = [HH] = InChI=1S/H2/h1H
Adding species C4H9 = [CH2]CCC = InChI=1S/C4H9/c1-3-4-2/h1,3-4H2,2H3
Adding species C4H9(2) = C[CH]CC = InChI=1S/C4H9/c1-3-4-2/h3H,4H2,1-2H3
Adding species H2O = O = InChI=1S/H2O/h1H2

Adding new unique reactions to mechanism...

Adding reaction (('C4H10', 'H'), ('H2', 'C4H9'), (None,)) to param dct
Adding reaction (('C4H10', 'H'), ('H2', 'C4H9(2)'), (None,)) to param dct
Adding reaction (('C4H10', 'OH'), ('H2O', 'C4H9'), (None,)) to param dct
Adding reaction (('C4H10', 'OH'), ('H2O', 'C4H9(2)'), (None,)) to param dct

---------------------------------------------------------

Generating Reactions for Series 2

Trying to find addition products for reactants
('[CH2]CCC', 'O=O')
('C[CH]CC', 'O=O')

Generating Reactions for ('[CH2]CCC', 'O=O')...
Found Product(s) 1: ('CCCCO[O]',)
Generating Reactions for ('C[CH]CC', 'O=O')...
Found Product(s) 1: ('CCC(C)O[O]',)

Trying to find hydrogen migration products for reactants
('[CH2]CCC',)
('C[CH]CC',)

Generating Reactions for ('[CH2]CCC',)...
Found Product(s) 1: ('[CH2]CCC',)
Found Product(s) 2: ('C[CH]CC',)
Generating Reactions for ('C[CH]CC',)...
Found Product(s) 1: ('[CH2]CCC',)
Found Product(s) 2: ('C[CH]CC',)

Trying to find beta scission products for reactants
('[CH2]CCC',)
('C[CH]CC',)

Generating Reactions for ('[CH2]CCC',)...
Found Product(s) 1: ('C=CCC', '[H]')
Found Product(s) 2: ('[CH2]C', 'C=C')
Generating Reactions for ('C[CH]CC',)...
Found Product(s) 1: ('C=CCC', '[H]')
Found Product(s) 2: ('CC=CC', '[H]')
Found Product(s) 3: ('C=CC', '[CH3]')

Adding new unique species to mechanism by adding to mechanism spc_dct...

Adding species C4H9O2 = CCCCO[O] = InChI=1S/C4H9O2/c1-2-3-4-6-5/h2-4H2,1H3
Adding species C4H9O2(2) = CCC(C)O[O] = InChI=1S/C4H9O2/c1-3-4(2)6-5/h4H,3H2,1-2H3
Adding species C4H8 = C=CCC = InChI=1S/C4H8/c1-3-4-2/h3H,1,4H2,2H3
Adding species C2H5 = [CH2]C = InChI=1S/C2H5/c1-2/h1H2,2H3
Adding species C2H4 = C=C = InChI=1S/C2H4/c1-2/h1-2H2
Adding species C4H8(2) = CC=CC = InChI=1S/C4H8/c1-3-4-2/h3-4H,1-2H3
Adding species C3H6 = C=CC = InChI=1S/C3H6/c1-3-2/h3H,1H2,2H3
Adding species CH3 = [CH3] = InChI=1S/CH3/h1H3

Adding new unique reactions to mechanism...

Adding reaction (('C4H9', 'O2'), ('C4H9O2',), (None,)) to param dct
Adding reaction (('C4H9(2)', 'O2'), ('C4H9O2(2)',), (None,)) to param dct
Adding reaction (('C4H9',), ('C4H9',), (None,)) to param dct
Adding reaction (('C4H9',), ('C4H9(2)',), (None,)) to param dct
Adding reaction (('C4H9(2)',), ('C4H9',), (None,)) to param dct
Adding reaction (('C4H9(2)',), ('C4H9(2)',), (None,)) to param dct
Adding reaction (('C4H9',), ('C4H8', 'H'), (None,)) to param dct
Adding reaction (('C4H9',), ('C2H5', 'C2H4'), (None,)) to param dct
Adding reaction (('C4H9(2)',), ('C4H8', 'H'), (None,)) to param dct
Adding reaction (('C4H9(2)',), ('C4H8(2)', 'H'), (None,)) to param dct
Adding reaction (('C4H9(2)',), ('C3H6', 'CH3'), (None,)) to param dct

---------------------------------------------------------

Generating Reactions for Series 3

Trying to find elimination products for reactants
('CCCCO[O]',)
('CCC(C)O[O]',)
('C=CCC',)
('[CH2]C',)
('C=C',)
('CC=CC',)
('C=CC',)
('[CH3]',)

Generating Reactions for ('CCCCO[O]',)...
Found Product(s) 1: ('C=C', 'CCO[O]')
Found Product(s) 2: ('C=CCO[O]', 'C')
Found Product(s) 3: ('C=CO[O]', 'CC')
Found Product(s) 4: ('C=O', 'CCC[O]')
Found Product(s) 5: ('C=CC', 'CO[O]')
Found Product(s) 6: ('CCCC=O', '[OH]')
Found Product(s) 7: ('C=CCC', '[O]O')
Found Product(s) 8: ('C=CCCO[O]', '[HH]')
Found Product(s) 9: ('CC=CCO[O]', '[HH]')
Found Product(s) 10: ('CCC=CO[O]', '[HH]')
Generating Reactions for ('CCC(C)O[O]',)...
Found Product(s) 1: ('C=CO[O]', 'CC')
Found Product(s) 2: ('C=CC', 'CO[O]')
Found Product(s) 3: ('C=C(C)O[O]', 'C')
Found Product(s) 4: ('CCC=O', 'C[O]')
Found Product(s) 5: ('CC=CO[O]', 'C')
Found Product(s) 6: ('CC=O', 'CC[O]')
Found Product(s) 7: ('C=C', 'CCO[O]')
Found Product(s) 8: ('CCC(C)=O', '[OH]')
Found Product(s) 9: ('C=CCC', '[O]O')
Found Product(s) 10: ('CC=CC', '[O]O')
Found Product(s) 11: ('C=CC(C)O[O]', '[HH]')
Found Product(s) 12: ('C=C(CC)O[O]', '[HH]')
Found Product(s) 13: ('CC=C(C)O[O]', '[HH]')
Generating Reactions for ('C=CCC',)...
Found Product(s) 1: ('C=C=C', 'C')
Found Product(s) 2: ('C=C', 'C=C')
Found Product(s) 3: ('C#C', 'CC')
Found Product(s) 4: ('C#CCC', '[HH]')
Found Product(s) 5: ('C=CC=C', '[HH]')
Found Product(s) 6: ('C=C=CC', '[HH]')
Generating Reactions for ('[CH2]C',)...
Found Product(s) 1: ('[CH]=C', '[HH]')
Generating Reactions for ('C=C',)...
Found Product(s) 1: ('C#C', '[HH]')
Generating Reactions for ('CC=CC',)...
Found Product(s) 1: ('C#C', 'CC')
Found Product(s) 2: ('C#CC', 'C')
Found Product(s) 3: ('C=C=CC', '[HH]')
Found Product(s) 4: ('CC#CC', '[HH]')
Generating Reactions for ('C=CC',)...
Found Product(s) 1: ('C#C', 'C')
Found Product(s) 2: ('C#CC', '[HH]')
Found Product(s) 3: ('C=C=C', '[HH]')
Generating Reactions for ('[CH3]',)...

Trying to find hydrogen migration products for reactants
('CCCCO[O]',)
('CCC(C)O[O]',)
('C=CCC',)
('[CH2]C',)
('C=C',)
('CC=CC',)
('C=CC',)
('[CH3]',)

Generating Reactions for ('CCCCO[O]',)...
Found Product(s) 1: ('[CH2]CCCOO',)
Found Product(s) 2: ('C[CH]CCOO',)
Found Product(s) 3: ('CC[CH]COO',)
Found Product(s) 4: ('CCC[CH]OO',)
Generating Reactions for ('CCC(C)O[O]',)...
Found Product(s) 1: ('[CH2]CC(C)OO',)
Found Product(s) 2: ('[CH2]C(CC)OO',)
Found Product(s) 3: ('C[CH]C(C)OO',)
Found Product(s) 4: ('CC[C](C)OO',)
Generating Reactions for ('C=CCC',)...
Found Product(s) 1: ('C[C]CC',)
Found Product(s) 2: ('CC=CC',)
Found Product(s) 3: ('[CH]CCC',)
Generating Reactions for ('[CH2]C',)...
Found Product(s) 1: ('[CH2]C',)
Generating Reactions for ('C=C',)...
Found Product(s) 1: ('[CH]C',)
Generating Reactions for ('CC=CC',)...
Found Product(s) 1: ('C=CCC',)
Found Product(s) 2: ('C[C]CC',)
Generating Reactions for ('C=CC',)...
Found Product(s) 1: ('C=CC',)
Found Product(s) 2: ('C[C]C',)
Found Product(s) 3: ('[CH]CC',)
Generating Reactions for ('[CH3]',)...

Adding new unique species to mechanism by adding to mechanism spc_dct...

Adding species C2H5O2 = CCO[O] = InChI=1S/C2H5O2/c1-2-4-3/h2H2,1H3
Adding species C3H5O2 = C=CCO[O] = InChI=1S/C3H5O2/c1-2-3-5-4/h2H,1,3H2
Adding species CH4 = C = InChI=1S/CH4/h1H4
Adding species C2H3O2 = C=CO[O] = InChI=1S/C2H3O2/c1-2-4-3/h2H,1H2
Adding species C2H6 = CC = InChI=1S/C2H6/c1-2/h1-2H3
Adding species CH2O = C=O = InChI=1S/CH2O/c1-2/h1H2
Adding species C3H7O = CCC[O] = InChI=1S/C3H7O/c1-2-3-4/h2-3H2,1H3
Adding species CH3O2 = CO[O] = InChI=1S/CH3O2/c1-3-2/h1H3
Adding species C4H8O = CCCC=O = InChI=1S/C4H8O/c1-2-3-4-5/h4H,2-3H2,1H3
Adding species HO2 = [O]O = InChI=1S/HO2/c1-2/h1H
Adding species C4H7O2 = C=CCCO[O] = InChI=1S/C4H7O2/c1-2-3-4-6-5/h2H,1,3-4H2
Adding species C4H7O2(2) = CC=CCO[O] = InChI=1S/C4H7O2/c1-2-3-4-6-5/h2-3H,4H2,1H3
Adding species C4H7O2(3) = CCC=CO[O] = InChI=1S/C4H7O2/c1-2-3-4-6-5/h3-4H,2H2,1H3
Adding species C3H5O2(2) = C=C(C)O[O] = InChI=1S/C3H5O2/c1-3(2)5-4/h1H2,2H3
Adding species C3H6O = CCC=O = InChI=1S/C3H6O/c1-2-3-4/h3H,2H2,1H3
Adding species CH3O = C[O] = InChI=1S/CH3O/c1-2/h1H3
Adding species C3H5O2(3) = CC=CO[O] = InChI=1S/C3H5O2/c1-2-3-5-4/h2-3H,1H3
Adding species C2H4O = CC=O = InChI=1S/C2H4O/c1-2-3/h2H,1H3
Adding species C2H5O = CC[O] = InChI=1S/C2H5O/c1-2-3/h2H2,1H3
Adding species C4H8O(2) = CCC(C)=O = InChI=1S/C4H8O/c1-3-4(2)5/h3H2,1-2H3
Adding species C4H7O2(4) = C=CC(C)O[O] = InChI=1S/C4H7O2/c1-3-4(2)6-5/h3-4H,1H2,2H3
Adding species C4H7O2(5) = C=C(CC)O[O] = InChI=1S/C4H7O2/c1-3-4(2)6-5/h2-3H2,1H3
Adding species C4H7O2(6) = CC=C(C)O[O] = InChI=1S/C4H7O2/c1-3-4(2)6-5/h3H,1-2H3
Adding species C3H4 = C=C=C = InChI=1S/C3H4/c1-3-2/h1-2H2
Adding species C2H2 = C#C = InChI=1S/C2H2/c1-2/h1-2H
Adding species C4H6 = C#CCC = InChI=1S/C4H6/c1-3-4-2/h1H,4H2,2H3
Adding species C4H6(2) = C=CC=C = InChI=1S/C4H6/c1-3-4-2/h3-4H,1-2H2
Adding species C4H6(3) = C=C=CC = InChI=1S/C4H6/c1-3-4-2/h4H,1H2,2H3
Adding species C2H3 = [CH]=C = InChI=1S/C2H3/c1-2/h1H,2H2
Adding species C3H4(2) = C#CC = InChI=1S/C3H4/c1-3-2/h1H,2H3
Adding species C4H6(4) = CC#CC = InChI=1S/C4H6/c1-3-4-2/h1-2H3
Adding species C4H9O2(3) = [CH2]CCCOO = InChI=1S/C4H9O2/c1-2-3-4-6-5/h5H,1-4H2
Adding species C4H9O2(4) = C[CH]CCOO = InChI=1S/C4H9O2/c1-2-3-4-6-5/h2,5H,3-4H2,1H3
Adding species C4H9O2(5) = CC[CH]COO = InChI=1S/C4H9O2/c1-2-3-4-6-5/h3,5H,2,4H2,1H3
Adding species C4H9O2(6) = CCC[CH]OO = InChI=1S/C4H9O2/c1-2-3-4-6-5/h4-5H,2-3H2,1H3
Adding species C4H9O2(7) = [CH2]CC(C)OO = InChI=1S/C4H9O2/c1-3-4(2)6-5/h4-5H,1,3H2,2H3
Adding species C4H9O2(8) = [CH2]C(CC)OO = InChI=1S/C4H9O2/c1-3-4(2)6-5/h4-5H,2-3H2,1H3
Adding species C4H9O2(9) = C[CH]C(C)OO = InChI=1S/C4H9O2/c1-3-4(2)6-5/h3-5H,1-2H3
Adding species C4H9O2(10) = CC[C](C)OO = InChI=1S/C4H9O2/c1-3-4(2)6-5/h5H,3H2,1-2H3
Adding species C4H8(3) = C[C]CC = InChI=1S/C4H8/c1-3-4-2/h3H2,1-2H3
Adding species C4H8(4) = [CH]CCC = InChI=1S/C4H8/c1-3-4-2/h1H,3-4H2,2H3
Adding species C2H4(2) = [CH]C = InChI=1S/C2H4/c1-2/h1H,2H3
Adding species C3H6(2) = C[C]C = InChI=1S/C3H6/c1-3-2/h1-2H3
Adding species C3H6(3) = [CH]CC = InChI=1S/C3H6/c1-3-2/h1H,3H2,2H3

Adding new unique reactions to mechanism...

Adding reaction (('C4H9O2',), ('C2H4', 'C2H5O2'), (None,)) to param dct
Adding reaction (('C4H9O2',), ('C3H5O2', 'CH4'), (None,)) to param dct
Adding reaction (('C4H9O2',), ('C2H3O2', 'C2H6'), (None,)) to param dct
Adding reaction (('C4H9O2',), ('CH2O', 'C3H7O'), (None,)) to param dct
Adding reaction (('C4H9O2',), ('C3H6', 'CH3O2'), (None,)) to param dct
Adding reaction (('C4H9O2',), ('C4H8O', 'OH'), (None,)) to param dct
Adding reaction (('C4H9O2',), ('C4H8', 'HO2'), (None,)) to param dct
Adding reaction (('C4H9O2',), ('C4H7O2', 'H2'), (None,)) to param dct
Adding reaction (('C4H9O2',), ('C4H7O2(2)', 'H2'), (None,)) to param dct
Adding reaction (('C4H9O2',), ('C4H7O2(3)', 'H2'), (None,)) to param dct
Adding reaction (('C4H9O2(2)',), ('C2H3O2', 'C2H6'), (None,)) to param dct
Adding reaction (('C4H9O2(2)',), ('C3H6', 'CH3O2'), (None,)) to param dct
Adding reaction (('C4H9O2(2)',), ('C3H5O2(2)', 'CH4'), (None,)) to param dct
Adding reaction (('C4H9O2(2)',), ('C3H6O', 'CH3O'), (None,)) to param dct
Adding reaction (('C4H9O2(2)',), ('C3H5O2(3)', 'CH4'), (None,)) to param dct
Adding reaction (('C4H9O2(2)',), ('C2H4O', 'C2H5O'), (None,)) to param dct
Adding reaction (('C4H9O2(2)',), ('C2H4', 'C2H5O2'), (None,)) to param dct
Adding reaction (('C4H9O2(2)',), ('C4H8O(2)', 'OH'), (None,)) to param dct
Adding reaction (('C4H9O2(2)',), ('C4H8', 'HO2'), (None,)) to param dct
Adding reaction (('C4H9O2(2)',), ('C4H8(2)', 'HO2'), (None,)) to param dct
Adding reaction (('C4H9O2(2)',), ('C4H7O2(4)', 'H2'), (None,)) to param dct
Adding reaction (('C4H9O2(2)',), ('C4H7O2(5)', 'H2'), (None,)) to param dct
Adding reaction (('C4H9O2(2)',), ('C4H7O2(6)', 'H2'), (None,)) to param dct
Adding reaction (('C4H8',), ('C3H4', 'CH4'), (None,)) to param dct
Adding reaction (('C4H8',), ('C2H4', 'C2H4'), (None,)) to param dct
Adding reaction (('C4H8',), ('C2H2', 'C2H6'), (None,)) to param dct
Adding reaction (('C4H8',), ('C4H6', 'H2'), (None,)) to param dct
Adding reaction (('C4H8',), ('C4H6(2)', 'H2'), (None,)) to param dct
Adding reaction (('C4H8',), ('C4H6(3)', 'H2'), (None,)) to param dct
Adding reaction (('C2H5',), ('C2H3', 'H2'), (None,)) to param dct
Adding reaction (('C2H4',), ('C2H2', 'H2'), (None,)) to param dct
Adding reaction (('C4H8(2)',), ('C2H2', 'C2H6'), (None,)) to param dct
Adding reaction (('C4H8(2)',), ('C3H4(2)', 'CH4'), (None,)) to param dct
Adding reaction (('C4H8(2)',), ('C4H6(3)', 'H2'), (None,)) to param dct
Adding reaction (('C4H8(2)',), ('C4H6(4)', 'H2'), (None,)) to param dct
Adding reaction (('C3H6',), ('C2H2', 'CH4'), (None,)) to param dct
Adding reaction (('C3H6',), ('C3H4(2)', 'H2'), (None,)) to param dct
Adding reaction (('C3H6',), ('C3H4', 'H2'), (None,)) to param dct
Adding reaction (('C4H9O2',), ('C4H9O2(3)',), (None,)) to param dct
Adding reaction (('C4H9O2',), ('C4H9O2(4)',), (None,)) to param dct
Adding reaction (('C4H9O2',), ('C4H9O2(5)',), (None,)) to param dct
Adding reaction (('C4H9O2',), ('C4H9O2(6)',), (None,)) to param dct
Adding reaction (('C4H9O2(2)',), ('C4H9O2(7)',), (None,)) to param dct
Adding reaction (('C4H9O2(2)',), ('C4H9O2(8)',), (None,)) to param dct
Adding reaction (('C4H9O2(2)',), ('C4H9O2(9)',), (None,)) to param dct
Adding reaction (('C4H9O2(2)',), ('C4H9O2(10)',), (None,)) to param dct
Adding reaction (('C4H8',), ('C4H8(3)',), (None,)) to param dct
Adding reaction (('C4H8',), ('C4H8(2)',), (None,)) to param dct
Adding reaction (('C4H8',), ('C4H8(4)',), (None,)) to param dct
Adding reaction (('C2H5',), ('C2H5',), (None,)) to param dct
Adding reaction (('C2H4',), ('C2H4(2)',), (None,)) to param dct
Adding reaction (('C4H8(2)',), ('C4H8',), (None,)) to param dct
Adding reaction (('C4H8(2)',), ('C4H8(3)',), (None,)) to param dct
Adding reaction (('C3H6',), ('C3H6',), (None,)) to param dct
Adding reaction (('C3H6',), ('C3H6(2)',), (None,)) to param dct
Adding reaction (('C3H6',), ('C3H6(3)',), (None,)) to param dct

---------------------------------------------------------

Generating Reactions for Series 4

Trying to find addition products for reactants
('CCO[O]', 'O=O')
('C=CCO[O]', 'O=O')
('C=CO[O]', 'O=O')
('CCC[O]', 'O=O')
('CO[O]', 'O=O')
('[O]O', 'O=O')
('C=CCCO[O]', 'O=O')
('CC=CCO[O]', 'O=O')
('CCC=CO[O]', 'O=O')
('C=C(C)O[O]', 'O=O')
('C[O]', 'O=O')
('CC=CO[O]', 'O=O')
('CC[O]', 'O=O')
('C=CC(C)O[O]', 'O=O')
('C=C(CC)O[O]', 'O=O')
('CC=C(C)O[O]', 'O=O')
('[CH]=C', 'O=O')
('[CH2]CCCOO', 'O=O')
('C[CH]CCOO', 'O=O')
('CC[CH]COO', 'O=O')
('CCC[CH]OO', 'O=O')
('[CH2]CC(C)OO', 'O=O')
('[CH2]C(CC)OO', 'O=O')
('C[CH]C(C)OO', 'O=O')
('CC[C](C)OO', 'O=O')
('C[C]CC', 'O=O')
('[CH]CCC', 'O=O')
('[CH]C', 'O=O')
('C[C]C', 'O=O')
('[CH]CC', 'O=O')

Generating Reactions for ('CCO[O]', 'O=O')...
Found Product(s) 1: ('CCOOO[O]',)
Generating Reactions for ('C=CCO[O]', 'O=O')...
Found Product(s) 1: ('C=CCOOO[O]',)
Generating Reactions for ('C=CO[O]', 'O=O')...
Found Product(s) 1: ('C=COOO[O]',)
Generating Reactions for ('CCC[O]', 'O=O')...
Found Product(s) 1: ('CCCOO[O]',)
Generating Reactions for ('CO[O]', 'O=O')...
Found Product(s) 1: ('COOO[O]',)
Generating Reactions for ('[O]O', 'O=O')...
Found Product(s) 1: ('[O]OOO',)
Generating Reactions for ('C=CCCO[O]', 'O=O')...
Found Product(s) 1: ('C=CCCOOO[O]',)
Generating Reactions for ('CC=CCO[O]', 'O=O')...
Found Product(s) 1: ('CC=CCOOO[O]',)
Generating Reactions for ('CCC=CO[O]', 'O=O')...
Found Product(s) 1: ('CCC=COOO[O]',)
Generating Reactions for ('C=C(C)O[O]', 'O=O')...
Found Product(s) 1: ('C=C(C)OOO[O]',)
Generating Reactions for ('C[O]', 'O=O')...
Found Product(s) 1: ('COO[O]',)
Generating Reactions for ('CC=CO[O]', 'O=O')...
Found Product(s) 1: ('CC=COOO[O]',)
Generating Reactions for ('CC[O]', 'O=O')...
Found Product(s) 1: ('CCOO[O]',)
Generating Reactions for ('C=CC(C)O[O]', 'O=O')...
Found Product(s) 1: ('C=CC(C)OOO[O]',)
Generating Reactions for ('C=C(CC)O[O]', 'O=O')...
Found Product(s) 1: ('C=C(CC)OOO[O]',)
Generating Reactions for ('CC=C(C)O[O]', 'O=O')...
Found Product(s) 1: ('CC=C(C)OOO[O]',)
Generating Reactions for ('[CH]=C', 'O=O')...
Found Product(s) 1: ('C=CO[O]',)
Generating Reactions for ('[CH2]CCCOO', 'O=O')...
Found Product(s) 1: ('[O]OCCCCOO',)
Generating Reactions for ('C[CH]CCOO', 'O=O')...
Found Product(s) 1: ('CC(CCOO)O[O]',)
Generating Reactions for ('CC[CH]COO', 'O=O')...
Found Product(s) 1: ('CCC(COO)O[O]',)
Generating Reactions for ('CCC[CH]OO', 'O=O')...
Found Product(s) 1: ('CCCC(O[O])OO',)
Generating Reactions for ('[CH2]CC(C)OO', 'O=O')...
Found Product(s) 1: ('CC(CCO[O])OO',)
Generating Reactions for ('[CH2]C(CC)OO', 'O=O')...
Found Product(s) 1: ('CCC(CO[O])OO',)
Generating Reactions for ('C[CH]C(C)OO', 'O=O')...
Found Product(s) 1: ('CC(O[O])C(C)OO',)
Generating Reactions for ('CC[C](C)OO', 'O=O')...
Found Product(s) 1: ('CCC(C)(O[O])OO',)
Generating Reactions for ('C[C]CC', 'O=O')...
Generating Reactions for ('[CH]CCC', 'O=O')...
Generating Reactions for ('[CH]C', 'O=O')...
Generating Reactions for ('C[C]C', 'O=O')...
Generating Reactions for ('[CH]CC', 'O=O')...

Trying to find beta scission products for reactants
('CCO[O]',)
('C=CCO[O]',)
('C=CO[O]',)
('CCC[O]',)
('CO[O]',)
('[O]O',)
('C=CCCO[O]',)
('CC=CCO[O]',)
('CCC=CO[O]',)
('C=C(C)O[O]',)
('C[O]',)
('CC=CO[O]',)
('CC[O]',)
('C=CC(C)O[O]',)
('C=C(CC)O[O]',)
('CC=C(C)O[O]',)
('[CH]=C',)
('[CH2]CCCOO',)
('C[CH]CCOO',)
('CC[CH]COO',)
('CCC[CH]OO',)
('[CH2]CC(C)OO',)
('[CH2]C(CC)OO',)
('C[CH]C(C)OO',)
('CC[C](C)OO',)
('C[C]CC',)
('[CH]CCC',)
('[CH]C',)
('C[C]C',)
('[CH]CC',)

Generating Reactions for ('CCO[O]',)...
Found Product(s) 1: ('[CH2]C', 'O=O')
Generating Reactions for ('C=CCO[O]',)...
Found Product(s) 1: ('[CH2]C=C', 'O=O')
Generating Reactions for ('C=CO[O]',)...
Found Product(s) 1: ('[CH]=C', 'O=O')
Generating Reactions for ('CCC[O]',)...
Found Product(s) 1: ('CCC=O', '[H]')
Found Product(s) 2: ('[CH2]C', 'C=O')
Generating Reactions for ('CO[O]',)...
Found Product(s) 1: ('O=O', '[CH3]')
Generating Reactions for ('[O]O',)...
Found Product(s) 1: ('O=O', '[H]')
Generating Reactions for ('C=CCCO[O]',)...
Found Product(s) 1: ('[CH2]CC=C', 'O=O')
Generating Reactions for ('CC=CCO[O]',)...
Found Product(s) 1: ('C=C[CH]C', 'O=O')
Generating Reactions for ('CCC=CO[O]',)...
Found Product(s) 1: ('[CH]=CCC', 'O=O')
Generating Reactions for ('C=C(C)O[O]',)...
Found Product(s) 1: ('C=[C]C', 'O=O')
Generating Reactions for ('C[O]',)...
Found Product(s) 1: ('C=O', '[H]')
Generating Reactions for ('CC=CO[O]',)...
Found Product(s) 1: ('[CH]=CC', 'O=O')
Generating Reactions for ('CC[O]',)...
Found Product(s) 1: ('CC=O', '[H]')
Found Product(s) 2: ('C=O', '[CH3]')
Generating Reactions for ('C=CC(C)O[O]',)...
Found Product(s) 1: ('C=C[CH]C', 'O=O')
Generating Reactions for ('C=C(CC)O[O]',)...
Found Product(s) 1: ('C=[C]CC', 'O=O')
Generating Reactions for ('CC=C(C)O[O]',)...
Found Product(s) 1: ('C[C]=CC', 'O=O')
Generating Reactions for ('[CH]=C',)...
Found Product(s) 1: ('C#C', '[H]')
Generating Reactions for ('[CH2]CCCOO',)...
Found Product(s) 1: ('C=CCCOO', '[H]')
Found Product(s) 2: ('[CH2]COO', 'C=C')
Generating Reactions for ('C[CH]CCOO',)...
Found Product(s) 1: ('CC=CCOO', '[H]')
Found Product(s) 2: ('C=CCCOO', '[H]')
Found Product(s) 3: ('C=CC', '[CH2]OO')
Generating Reactions for ('CC[CH]COO',)...
Found Product(s) 1: ('CC=CCOO', '[H]')
Found Product(s) 2: ('C=CCOO', '[CH3]')
Found Product(s) 3: ('CCC=COO', '[H]')
Found Product(s) 4: ('C=CCC', '[O]O')
Generating Reactions for ('CCC[CH]OO',)...
Traceback (most recent call last):
  File "build2.py", line 50, in <module>
    MECH_SPC_DCT, MECH_RXN_DCT, rxn_series=RSERIES)
  File "/lcrc/project/CMRP/amech/mechanalyzer/mechanalyzer/builder/rxn.py", line 45, in build_mechanism
    rxns += generate_reactions(ichs, rtyp)
  File "/lcrc/project/CMRP/amech/mechanalyzer/mechanalyzer/builder/rxn.py", line 67, in generate_reactions
    prd_ichs = _prd_ichs(rct_gras, rtyp)
  File "/lcrc/project/CMRP/amech/mechanalyzer/mechanalyzer/builder/rxn.py", line 143, in _prd_ichs
    rxns = tuple(r for r in automol.reac.enumerate_reactions(rct_gras)
  File "/lcrc/project/CMRP/amech/autochem/automol/reac/_enum.py", line 633, in enumerate_reactions
    for f_ in finders_)))
  File "/lcrc/project/CMRP/amech/autochem/automol/reac/_enum.py", line 633, in <genexpr>
    for f_ in finders_)))
  File "/lcrc/project/CMRP/amech/autochem/automol/reac/_enum.py", line 266, in ring_forming_scissions
    prds_gra = add_bonds(prds_gra, [frm_bnd_key])
  File "/lcrc/project/CMRP/amech/autochem/automol/graph/base/_core.py", line 839, in add_bonds
    '{} and {} have a non-empty intersection'.format(keys, bnd_keys)
AssertionError: {frozenset({3, 5})} and {frozenset({1, 9}), frozenset({0, 6}), frozenset({2, 3}), frozenset({1, 2}), frozenset({4, 5}), frozenset({0, 1}), frozenset({3, 13}), frozenset({2, 12}), frozenset({3, 5}), frozenset({4, 14}), frozenset({2, 11}), frozenset({0, 7}), frozenset({1, 10}), frozenset({0, 8})} have a non-empty intersection
