 initial guess
    8.10000E-011  -1.00000E-002   2.00000E+003
   500.00     0.42620E-06 0.14759E-11  100.00    
   600.00     0.49040E-03 0.28694E-11  100.00    
   700.00     0.87220E-01 0.46125E-11  100.00    
   800.00      4.3250     0.65835E-11  100.00    
   900.00      86.000     0.86813E-11  100.00    
   1000.0      871.50     0.10830E-10  100.00    
   1100.0      5308.0     0.12977E-10  100.00    
   1200.0      21860.     0.15087E-10  100.00    
   1300.0      66440.     0.17137E-10  100.00    
   1400.0     0.15970E+06 0.19114E-10  100.00    
   1500.0     0.32070E+06 0.21009E-10  100.00    
   1600.0     0.56230E+06 0.22820E-10  100.00    
   1700.0     0.88970E+06 0.24546E-10  100.00    
   1800.0     0.13020E+07 0.26189E-10  100.00    
   1900.0     0.17950E+07 0.27752E-10  100.00    
 results for iteration           1
 chi   1.8960    lamda  0.10000E-03
 params
    4.34990E+000   3.06152E+000   1.68602E+004
    2.61955E+024   3.06152E+000   3.35013E+004
   500.00     0.42620E-06 0.18064E-05  323.84    
   600.00     0.49040E-03 0.87096E-03  77.602    
   700.00     0.87220E-01 0.77333E-01  11.336    
   800.00      4.3250      2.3630      45.364    
   900.00      86.000      35.241      59.022    
   1000.0      871.50      316.76      63.653    
   1100.0      5308.0      1963.9      63.001    
   1200.0      21860.      9194.5      57.939    
   1300.0      66440.      34621.      47.892    
   1400.0     0.15970E+06 0.10970E+06  31.311    
   1500.0     0.32070E+06 0.30242E+06  5.7009    
   1600.0     0.56230E+06 0.74390E+06  32.295    
   1700.0     0.88970E+06 0.16646E+07  87.102    
   1800.0     0.13020E+07 0.34404E+07  164.24    
   1900.0     0.17950E+07 0.66466E+07  270.29    
 results for iteration           2
 chi  0.89103    lamda  0.10000E-04
 params
    5.70878E+012  -4.33295E-001   2.03035E+004
    3.43789E+036  -4.33295E-001   4.03430E+004
   500.00     0.42620E-06 0.89478E-06  109.94    
   600.00     0.49040E-03 0.71885E-03  46.584    
   700.00     0.87220E-01 0.84543E-01  3.0692    
   800.00      4.3250      2.9960      30.729    
   900.00      86.000      47.759      44.467    
   1000.0      871.50      435.48      50.031    
   1100.0      5308.0      2646.3      50.145    
   1200.0      21860.      11865.      45.722    
   1300.0      66440.      42116.      36.610    
   1400.0     0.15970E+06 0.12445E+06  22.073    
   1500.0     0.32070E+06 0.31761E+06 0.96230    
   1600.0     0.56230E+06 0.71971E+06  27.994    
   1700.0     0.88970E+06 0.14789E+07  66.221    
   1800.0     0.13020E+07 0.28011E+07  115.14    
   1900.0     0.17950E+07 0.49544E+07  176.01    
 results for iteration           3
 chi  0.10987    lamda  0.10000E-05
 params
    1.61391E+033  -6.37754E+000   2.58184E+004
    9.71913E+056  -6.37754E+000   5.13011E+004
   500.00     0.42620E-06 0.37114E-06  12.918    
   600.00     0.49040E-03 0.63409E-03  29.300    
   700.00     0.87220E-01 0.11089      27.140    
   800.00      4.3250      4.7570      9.9884    
   900.00      86.000      80.991      5.8250    
   1000.0      871.50      728.58      16.399    
   1100.0      5308.0      4148.0      21.854    
   1200.0      21860.      16838.      22.974    
   1300.0      66440.      52888.      20.397    
   1400.0     0.15970E+06 0.13620E+06  14.713    
   1500.0     0.32070E+06 0.29994E+06  6.4729    
   1600.0     0.56230E+06 0.58275E+06  3.6365    
   1700.0     0.88970E+06 0.10228E+07  14.963    
   1800.0     0.13020E+07 0.16516E+07  26.855    
   1900.0     0.17950E+07 0.24890E+07  38.663    
 results for iteration           4
 chi  0.86836E-01lamda  0.10000E-06
 params
    1.95714E+037  -7.56450E+000   2.69195E+004
    1.17861E+061  -7.56450E+000   5.34891E+004
   500.00     0.42620E-06 0.31134E-06  26.949    
   600.00     0.49040E-03 0.61841E-03  26.103    
   700.00     0.87220E-01 0.11707      34.219    
   800.00      4.3250      5.2171      20.627    
   900.00      86.000      89.999      4.6503    
   1000.0      871.50      807.43      7.3512    
   1100.0      5308.0      4537.4      14.517    
   1200.0      21860.      18057.      17.398    
   1300.0      66440.      55349.      16.694    
   1400.0     0.15970E+06 0.13868E+06  13.163    
   1500.0     0.32070E+06 0.29653E+06  7.5370    
   1600.0     0.56230E+06 0.55869E+06 0.64247    
   1700.0     0.88970E+06 0.95021E+06  6.8013    
   1800.0     0.13020E+07 0.14863E+07  14.154    
   1900.0     0.17950E+07 0.21693E+07  20.853    
 results for iteration           5
 chi  0.86827E-01lamda  0.10000E-07
 params
    2.36951E+037  -7.58864E+000   2.69419E+004
    1.42695E+061  -7.58864E+000   5.35336E+004
   500.00     0.42620E-06 0.31023E-06  27.209    
   600.00     0.49040E-03 0.61810E-03  26.039    
   700.00     0.87220E-01 0.11720      34.367    
   800.00      4.3250      5.2269      20.854    
   900.00      86.000      90.192      4.8749    
   1000.0      871.50      809.12      7.1574    
   1100.0      5308.0      4545.7      14.361    
   1200.0      21860.      18083.      17.280    
   1300.0      66440.      55400.      16.617    
   1400.0     0.15970E+06 0.13873E+06  13.131    
   1500.0     0.32070E+06 0.29646E+06  7.5585    
   1600.0     0.56230E+06 0.55821E+06 0.72761    
   1700.0     0.88970E+06 0.94879E+06  6.6415    
   1800.0     0.13020E+07 0.14831E+07  13.909    
   1900.0     0.17950E+07 0.21632E+07  20.515    
 results for iteration           6
 chi  0.86827E-01lamda  0.10000E-08
 params
    2.37044E+037  -7.58869E+000   2.69420E+004
    1.42750E+061  -7.58869E+000   5.35337E+004
   500.00     0.42620E-06 0.31023E-06  27.210    
   600.00     0.49040E-03 0.61810E-03  26.039    
   700.00     0.87220E-01 0.11720      34.368    
   800.00      4.3250      5.2269      20.854    
   900.00      86.000      90.193      4.8754    
   1000.0      871.50      809.13      7.1570    
   1100.0      5308.0      4545.7      14.361    
   1200.0      21860.      18083.      17.280    
   1300.0      66440.      55400.      16.617    
   1400.0     0.15970E+06 0.13873E+06  13.131    
   1500.0     0.32070E+06 0.29646E+06  7.5586    
   1600.0     0.56230E+06 0.55821E+06 0.72779    
   1700.0     0.88970E+06 0.94879E+06  6.6412    
   1800.0     0.13020E+07 0.14831E+07  13.909    
   1900.0     0.17950E+07 0.21632E+07  20.515    
