 initial guesses
       1.98494E+018     -9.58869E+000      2.69420E+004      1.98494E+018     -5.58869E+000      2.69420E+004
   500.00     0.42620E-06 0.49178E-06  15.387    
   600.00     0.49040E-03 0.13291E-02  171.02    
   700.00     0.87220E-01 0.33395      282.88    
   800.00      4.3250      19.198      343.88    
   900.00      86.000      416.28      384.04    
   1000.0      871.50      4591.6      426.86    
   1100.0      5308.0      31136.      486.58    
   1200.0      21860.     0.14717E+06  573.22    
   1300.0      66440.     0.52860E+06  695.61    
   1400.0     0.15970E+06 0.15341E+07  860.61    
   1500.0     0.32070E+06 0.37615E+07  1072.9    
   1600.0     0.56230E+06 0.80556E+07  1332.6    
   1700.0     0.88970E+06 0.15453E+08  1636.9    
   1800.0     0.13020E+07 0.27075E+08  1979.5    
   1900.0     0.17950E+07 0.43996E+08  2351.0    
 results for iteration           1
 chi   12.677    lamda  0.10000E-01
 params
       1.98494E+018     -9.58869E+000      2.69420E+004      1.98494E+018     -5.58869E+000      2.69420E+004
   500.00     0.42620E-06 0.49178E-06  15.387    
   600.00     0.49040E-03 0.13291E-02  171.02    
   700.00     0.87220E-01 0.33395      282.88    
   800.00      4.3250      19.198      343.88    
   900.00      86.000      416.28      384.04    
   1000.0      871.50      4591.6      426.86    
   1100.0      5308.0      31136.      486.58    
   1200.0      21860.     0.14717E+06  573.22    
   1300.0      66440.     0.52860E+06  695.61    
   1400.0     0.15970E+06 0.15341E+07  860.61    
   1500.0     0.32070E+06 0.37615E+07  1072.9    
   1600.0     0.56230E+06 0.80556E+07  1332.6    
   1700.0     0.88970E+06 0.15453E+08  1636.9    
   1800.0     0.13020E+07 0.27075E+08  1979.5    
   1900.0     0.17950E+07 0.43996E+08  2351.0    
 results for iteration           2
 chi   1.7112    lamda  0.10000E-02
 params
       1.69313E+020     -9.01313E+000      2.80343E+004     -1.40879E+017     -5.84823E+000      2.58241E+004
   500.00     0.42620E-06 0.45888E-06  7.6681    
   600.00     0.49040E-03 0.10976E-02  123.82    
   700.00     0.87220E-01 0.22026      152.54    
   800.00      4.3250      9.7563      125.58    
   900.00      86.000      160.83      87.014    
   1000.0      871.50      1341.2      53.900    
   1100.0      5308.0      6850.8      29.065    
   1200.0      21860.      24269.      11.022    
   1300.0      66440.      64782.      2.4955    
   1400.0     0.15970E+06 0.13772E+06  13.764    
   1500.0     0.32070E+06 0.24151E+06  24.693    
   1600.0     0.56230E+06 0.35534E+06  36.807    
   1700.0     0.88970E+06 0.43576E+06  51.021    
   1800.0     0.13020E+07 0.42000E+06  67.742    
   1900.0     0.17950E+07 0.23458E+06  86.932    
 results for iteration           3
 chi  0.57970    lamda  0.10000E-03
 params
       1.99834E+020     -8.99778E+000      2.87732E+004     -1.98742E+017     -5.80947E+000      2.73010E+004
   500.00     0.42620E-06 0.17432E-06  59.100    
   600.00     0.49040E-03 0.48946E-03 0.19265    
   700.00     0.87220E-01 0.11339      30.005    
   800.00      4.3250      5.6650      30.983    
   900.00      86.000      103.38      20.207    
   1000.0      871.50      941.25      8.0039    
   1100.0      5308.0      5198.7      2.0586    
   1200.0      21860.      19793.      9.4558    
   1300.0      66440.      56622.      14.777    
   1400.0     0.15970E+06 0.12912E+06  19.149    
   1500.0     0.32070E+06 0.24434E+06  23.810    
   1600.0     0.56230E+06 0.39366E+06  29.991    
   1700.0     0.88970E+06 0.54641E+06  38.585    
   1800.0     0.13020E+07 0.64936E+06  50.126    
   1900.0     0.17950E+07 0.63223E+06  64.778    
 results for iteration           4
 chi  0.57970    lamda  0.10000E-02
 params
       1.99834E+020     -8.99778E+000      2.87732E+004     -1.98742E+017     -5.80947E+000      2.73010E+004
   500.00     0.42620E-06 0.17432E-06  59.100    
   600.00     0.49040E-03 0.48946E-03 0.19265    
   700.00     0.87220E-01 0.11339      30.005    
   800.00      4.3250      5.6650      30.983    
   900.00      86.000      103.38      20.207    
   1000.0      871.50      941.25      8.0039    
   1100.0      5308.0      5198.7      2.0586    
   1200.0      21860.      19793.      9.4558    
   1300.0      66440.      56622.      14.777    
   1400.0     0.15970E+06 0.12912E+06  19.149    
   1500.0     0.32070E+06 0.24434E+06  23.810    
   1600.0     0.56230E+06 0.39366E+06  29.991    
   1700.0     0.88970E+06 0.54641E+06  38.585    
   1800.0     0.13020E+07 0.64936E+06  50.126    
   1900.0     0.17950E+07 0.63223E+06  64.778    
 results for iteration           5
 chi  0.57970    lamda  0.10000E-01
 params
       1.99834E+020     -8.99778E+000      2.87732E+004     -1.98742E+017     -5.80947E+000      2.73010E+004
   500.00     0.42620E-06 0.17432E-06  59.100    
   600.00     0.49040E-03 0.48946E-03 0.19265    
   700.00     0.87220E-01 0.11339      30.005    
   800.00      4.3250      5.6650      30.983    
   900.00      86.000      103.38      20.207    
   1000.0      871.50      941.25      8.0039    
   1100.0      5308.0      5198.7      2.0586    
   1200.0      21860.      19793.      9.4558    
   1300.0      66440.      56622.      14.777    
   1400.0     0.15970E+06 0.12912E+06  19.149    
   1500.0     0.32070E+06 0.24434E+06  23.810    
   1600.0     0.56230E+06 0.39366E+06  29.991    
   1700.0     0.88970E+06 0.54641E+06  38.585    
   1800.0     0.13020E+07 0.64936E+06  50.126    
   1900.0     0.17950E+07 0.63223E+06  64.778    
 results for iteration           6
 chi  0.26887    lamda  0.10000E-02
 params
       1.49616E+020     -9.01808E+000      2.85854E+004     -1.41926E+017     -5.83338E+000      2.76874E+004
   500.00     0.42620E-06 0.20235E-06  52.522    
   600.00     0.49040E-03 0.53194E-03  8.4701    
   700.00     0.87220E-01 0.11810      35.400    
   800.00      4.3250      5.7392      32.699    
   900.00      86.000      102.97      19.737    
   1000.0      871.50      929.68      6.6756    
   1100.0      5308.0      5129.7      3.3598    
   1200.0      21860.      19652.      10.100    
   1300.0      66440.      57012.      14.190    
   1400.0     0.15970E+06 0.13306E+06  16.683    
   1500.0     0.32070E+06 0.26076E+06  18.689    
   1600.0     0.56230E+06 0.44243E+06  21.318    
   1700.0     0.88970E+06 0.66375E+06  25.396    
   1800.0     0.13020E+07 0.89231E+06  31.467    
   1900.0     0.17950E+07 0.10808E+07  39.790    
 results for iteration           7
 chi  0.26887    lamda  0.10000E-01
 params
       1.49616E+020     -9.01808E+000      2.85854E+004     -1.41926E+017     -5.83338E+000      2.76874E+004
   500.00     0.42620E-06 0.20235E-06  52.522    
   600.00     0.49040E-03 0.53194E-03  8.4701    
   700.00     0.87220E-01 0.11810      35.400    
   800.00      4.3250      5.7392      32.699    
   900.00      86.000      102.97      19.737    
   1000.0      871.50      929.68      6.6756    
   1100.0      5308.0      5129.7      3.3598    
   1200.0      21860.      19652.      10.100    
   1300.0      66440.      57012.      14.190    
   1400.0     0.15970E+06 0.13306E+06  16.683    
   1500.0     0.32070E+06 0.26076E+06  18.689    
   1600.0     0.56230E+06 0.44243E+06  21.318    
   1700.0     0.88970E+06 0.66375E+06  25.396    
   1800.0     0.13020E+07 0.89231E+06  31.467    
   1900.0     0.17950E+07 0.10808E+07  39.790    
 results for iteration           8
 chi  0.19577    lamda  0.10000E-02
 params
       1.05139E+020     -9.04279E+000      2.83583E+004     -7.85956E+016     -5.87122E+000      2.83235E+004
   500.00     0.42620E-06 0.22693E-06  46.755    
   600.00     0.49040E-03 0.55434E-03  13.038    
   700.00     0.87220E-01 0.11715      34.321    
   800.00      4.3250      5.5070      27.330    
   900.00      86.000      96.682      12.421    
   1000.0      871.50      861.90      1.1015    
   1100.0      5308.0      4732.4      10.844    
   1200.0      21860.      18170.      16.879    
   1300.0      66440.      53203.      19.923    
   1400.0     0.15970E+06 0.12626E+06  20.937    
   1500.0     0.32070E+06 0.25377E+06  20.869    
   1600.0     0.56230E+06 0.44611E+06  20.664    
   1700.0     0.88970E+06 0.70254E+06  21.036    
   1800.0     0.13020E+07 0.10091E+07  22.493    
   1900.0     0.17950E+07 0.13400E+07  25.346    
 results for iteration           9
 chi  0.19577    lamda  0.10000E-01
 params
       1.05139E+020     -9.04279E+000      2.83583E+004     -7.85956E+016     -5.87122E+000      2.83235E+004
   500.00     0.42620E-06 0.22693E-06  46.755    
   600.00     0.49040E-03 0.55434E-03  13.038    
   700.00     0.87220E-01 0.11715      34.321    
   800.00      4.3250      5.5070      27.330    
   900.00      86.000      96.682      12.421    
   1000.0      871.50      861.90      1.1015    
   1100.0      5308.0      4732.4      10.844    
   1200.0      21860.      18170.      16.879    
   1300.0      66440.      53203.      19.923    
   1400.0     0.15970E+06 0.12626E+06  20.937    
   1500.0     0.32070E+06 0.25377E+06  20.869    
   1600.0     0.56230E+06 0.44611E+06  20.664    
   1700.0     0.88970E+06 0.70254E+06  21.036    
   1800.0     0.13020E+07 0.10091E+07  22.493    
   1900.0     0.17950E+07 0.13400E+07  25.346    
 results for iteration          10
 chi  0.18544    lamda  0.10000E-02
 params
       8.27304E+019     -9.05866E+000      2.81890E+004     -7.00838E+016     -5.85604E+000      3.13249E+004
   500.00     0.42620E-06 0.24949E-06  41.463    
   600.00     0.49040E-03 0.57614E-03  17.484    
   700.00     0.87220E-01 0.11719      34.357    
   800.00      4.3250      5.3650      24.045    
   900.00      86.000      92.534      7.5971    
   1000.0      871.50      815.97      6.3723    
   1100.0      5308.0      4456.8      16.036    
   1200.0      21860.      17109.      21.736    
   1300.0      66440.      50317.      24.267    
   1400.0     0.15970E+06 0.12049E+06  24.555    
   1500.0     0.32070E+06 0.24544E+06  23.467    
   1600.0     0.56230E+06 0.43938E+06  21.861    
   1700.0     0.88970E+06 0.70827E+06  20.392    
   1800.0     0.13020E+07 0.10474E+07  19.555    
   1900.0     0.17950E+07 0.14415E+07  19.694    
 results for iteration          11
 chi  0.18544    lamda  0.10000E-01
 params
       8.27304E+019     -9.05866E+000      2.81890E+004     -7.00838E+016     -5.85604E+000      3.13249E+004
   500.00     0.42620E-06 0.24949E-06  41.463    
   600.00     0.49040E-03 0.57614E-03  17.484    
   700.00     0.87220E-01 0.11719      34.357    
   800.00      4.3250      5.3650      24.045    
   900.00      86.000      92.534      7.5971    
   1000.0      871.50      815.97      6.3723    
   1100.0      5308.0      4456.8      16.036    
   1200.0      21860.      17109.      21.736    
   1300.0      66440.      50317.      24.267    
   1400.0     0.15970E+06 0.12049E+06  24.555    
   1500.0     0.32070E+06 0.24544E+06  23.467    
   1600.0     0.56230E+06 0.43938E+06  21.861    
   1700.0     0.88970E+06 0.70827E+06  20.392    
   1800.0     0.13020E+07 0.10474E+07  19.555    
   1900.0     0.17950E+07 0.14415E+07  19.694    
 results for iteration          12
 chi  0.14519    lamda  0.10000E-02
 params
       8.38685E+019     -9.05207E+000      2.81674E+004     -3.83361E+019     -5.02761E+000      5.75783E+004
   500.00     0.42620E-06 0.26500E-06  37.822    
   600.00     0.49040E-03 0.60833E-03  24.048    
   700.00     0.87220E-01 0.12324      41.293    
   800.00      4.3250      5.6265      30.093    
   900.00      86.000      96.877      12.648    
   1000.0      871.50      853.57      2.0578    
   1100.0      5308.0      4662.6      12.158    
   1200.0      21860.      17919.      18.030    
   1300.0      66440.      52820.      20.500    
   1400.0     0.15970E+06 0.12694E+06  20.513    
   1500.0     0.32070E+06 0.25995E+06  18.943    
   1600.0     0.56230E+06 0.46868E+06  16.649    
   1700.0     0.88970E+06 0.76257E+06  14.289    
   1800.0     0.13020E+07 0.11411E+07  12.357    
   1900.0     0.17950E+07 0.15938E+07  11.211    
 results for iteration          13
 chi  0.14519    lamda  0.10000E-01
 params
       8.38685E+019     -9.05207E+000      2.81674E+004     -3.83361E+019     -5.02761E+000      5.75783E+004
   500.00     0.42620E-06 0.26500E-06  37.822    
   600.00     0.49040E-03 0.60833E-03  24.048    
   700.00     0.87220E-01 0.12324      41.293    
   800.00      4.3250      5.6265      30.093    
   900.00      86.000      96.877      12.648    
   1000.0      871.50      853.57      2.0578    
   1100.0      5308.0      4662.6      12.158    
   1200.0      21860.      17919.      18.030    
   1300.0      66440.      52820.      20.500    
   1400.0     0.15970E+06 0.12694E+06  20.513    
   1500.0     0.32070E+06 0.25995E+06  18.943    
   1600.0     0.56230E+06 0.46868E+06  16.649    
   1700.0     0.88970E+06 0.76257E+06  14.289    
   1800.0     0.13020E+07 0.11411E+07  12.357    
   1900.0     0.17950E+07 0.15938E+07  11.211    
 results for iteration          14
 chi  0.11947    lamda  0.10000E-02
 params
       9.71448E+019     -9.03005E+000      2.82698E+004     -4.65542E+104      2.84456E+001      7.81114E+005
   500.00     0.42620E-06 0.25297E-06  40.646    
   600.00     0.49040E-03 0.60329E-03  23.020    
   700.00     0.87220E-01 0.12566      44.068    
   800.00      4.3250      5.8601      35.494    
   900.00      86.000      102.61      19.315    
   1000.0      871.50      916.55      5.1695    
   1100.0      5308.0      5064.2      4.5939    
   1200.0      21860.      19651.      10.106    
   1300.0      66440.      58410.      12.085    
   1400.0     0.15970E+06 0.14140E+06  11.460    
   1500.0     0.32070E+06 0.29142E+06  9.1314    
   1600.0     0.56230E+06 0.52841E+06  6.0271    
   1700.0     0.88970E+06 0.86416E+06  2.8706    
   1800.0     0.13020E+07 0.12991E+07 0.21906    
   1900.0     0.17950E+07 0.18223E+07  1.5189    
