Wells (G - ground energy, D - dissociation limit, kcal/mol):
      Name        G        D
        W1      0.0     52.8
        W2      5.7     52.8

Well-to-Well Barriers (H/G - barrier height/well depth, kcal/mol):
      Name        H     Well       G1     Well       G2
        B1     52.8       W1      0.0       W2      5.7

________________________________________________________________________________________

Unimolecular Rate Units: 1/sec;  Bimolecular Rate Units: cm^3/sec

______________________________________________________________________________________

Species-Species Rate Tables:

Temperature = 500 K

High Pressure Rate Coefficients:

From\To            W1           W2
W1                ***  8.07654e-10
W2        4.66274e-07          ***

Temperature = 500 K    Pressure = 0.1 atm

From\To            W1           W2
W1        7.38239e-10  7.38239e-10
W2          4.262e-07    4.262e-07

Temperature = 500 K    Pressure = 1 atm

From\To            W1           W2
W1        7.39677e-10  7.39677e-10
W2         4.2703e-07   4.2703e-07

Temperature = 500 K    Pressure = 10 atm

From\To            W1           W2
W1        7.39832e-10  7.39832e-10
W2        4.27119e-07  4.27119e-07

Temperature = 500 K    Pressure = 100 atm

From\To            W1           W2
W1        7.39848e-10  7.39848e-10
W2        4.27128e-07  4.27128e-07

Temperature = 600 K

High Pressure Rate Coefficients:

From\To            W1           W2
W1                ***  2.51993e-06
W2        0.000500404          ***

Temperature = 600 K    Pressure = 0.1 atm

From\To            W1           W2
W1        2.46976e-06  2.46976e-06
W2        0.000490441  0.000490441

Temperature = 600 K    Pressure = 1 atm

From\To            W1           W2
W1        2.50398e-06  2.50398e-06
W2        0.000497237  0.000497237

Temperature = 600 K    Pressure = 10 atm

From\To            W1           W2
W1        2.50834e-06  2.50834e-06
W2        0.000498103  0.000498103

Temperature = 600 K    Pressure = 100 atm

From\To            W1           W2
W1         2.5088e-06   2.5088e-06
W2        0.000498193  0.000498193

Temperature = 700 K

High Pressure Rate Coefficients:

From\To            W1           W2
W1                ***   0.00102797
W2           0.092749          ***

Temperature = 700 K    Pressure = 0.1 atm

From\To            W1           W2
W1        0.000966645  0.000966645
W2          0.0872162    0.0872162

Temperature = 700 K    Pressure = 1 atm

From\To            W1           W2
W1         0.00101724   0.00101724
W2          0.0917815    0.0917815

Temperature = 700 K    Pressure = 10 atm

From\To            W1           W2
W1         0.00102561   0.00102561
W2          0.0925367    0.0925367

Temperature = 700 K    Pressure = 100 atm

From\To            W1           W2
W1         0.00102657   0.00102657
W2          0.0926232    0.0926232

Temperature = 800 K

High Pressure Rate Coefficients:

From\To            W1           W2
W1                ***     0.103205
W2            5.06608          ***

Temperature = 800 K    Pressure = 0.1 atm

From\To            W1           W2
W1          0.0881035    0.0881035
W2             4.3248       4.3248

Temperature = 800 K    Pressure = 1 atm

From\To            W1           W2
W1          0.0999821    0.0999821
W2             4.9079       4.9079

Temperature = 800 K    Pressure = 10 atm

From\To            W1           W2
W1            0.10268      0.10268
W2            5.04035      5.04035

Temperature = 800 K    Pressure = 100 atm

From\To            W1           W2
W1            0.10304      0.10304
W2            5.05802      5.05802

Temperature = 900 K

High Pressure Rate Coefficients:

From\To            W1           W2
W1                ***      3.91702
W2            118.454          ***

Temperature = 900 K    Pressure = 0.1 atm

From\To            W1           W2
W1            2.84372      2.84372
W2            85.9962      85.9962

Temperature = 900 K    Pressure = 1 atm

From\To            W1           W2
W1            3.62021      3.62021
W2            109.478      109.478

Temperature = 900 K    Pressure = 10 atm

From\To            W1           W2
W1            3.86664      3.86664
W2             116.93       116.93

Temperature = 900 K    Pressure = 100 atm

From\To            W1           W2
W1            3.90719      3.90719
W2            118.157      118.157

Temperature = 1000 K

High Pressure Rate Coefficients:

From\To            W1           W2
W1                ***      74.1049
W2            1510.22          ***

Temperature = 1000 K    Pressure = 0.1 atm

From\To            W1           W2
W1            42.7614      42.7614
W2            871.453      871.453

Temperature = 1000 K    Pressure = 1 atm

From\To            W1           W2
W1            62.9661      62.9661
W2            1283.21      1283.21

Temperature = 1000 K    Pressure = 10 atm

From\To            W1           W2
W1             71.873       71.873
W2            1464.73      1464.73

Temperature = 1000 K    Pressure = 100 atm

From\To            W1           W2
W1            73.7508      73.7508
W2               1503         1503

Temperature = 1100 K

High Pressure Rate Coefficients:

From\To            W1           W2
W1                ***      838.607
W2            12316.4          ***

Temperature = 1100 K    Pressure = 0.1 atm

From\To            W1           W2
W1            361.394      361.394
W2            5307.69      5307.69

Temperature = 1100 K    Pressure = 1 atm

From\To            W1           W2
W1            626.649      626.649
W2            9203.41      9203.41

Temperature = 1100 K    Pressure = 10 atm

From\To            W1           W2
W1            786.444      786.444
W2            11550.3      11550.3

Temperature = 1100 K    Pressure = 100 atm

From\To            W1           W2
W1            830.431      830.431
W2            12196.3      12196.3

Temperature = 1200 K

High Pressure Rate Coefficients:

From\To            W1           W2
W1                ***      6427.39
W2            71623.2          ***

Temperature = 1200 K    Pressure = 0.1 atm

From\To            W1           W2
W1             1961.3       1961.3
W2            21855.6      21855.6

Temperature = 1200 K    Pressure = 1 atm

From\To            W1           W2
W1            4030.32      4030.32
W2            44911.7      44911.7

Temperature = 1200 K    Pressure = 10 atm

From\To            W1           W2
W1            5699.23      5699.23
W2            63509.1      63509.1

Temperature = 1200 K    Pressure = 100 atm

From\To            W1           W2
W1            6302.34      6302.34
W2            70229.8      70229.8

Temperature = 1300 K

High Pressure Rate Coefficients:

From\To            W1           W2
W1                ***      36406.9
W2             320509          ***

Temperature = 1300 K    Pressure = 0.1 atm

From\To            W1           W2
W1            7547.25      7547.25
W2            66442.5      66442.5

Temperature = 1300 K    Pressure = 1 atm

From\To            W1           W2
W1            18316.4      18316.4
W2             161249       161249

Temperature = 1300 K    Pressure = 10 atm

From\To            W1           W2
W1            29696.8      29696.8
W2             261436       261436

Temperature = 1300 K    Pressure = 100 atm

From\To            W1           W2
W1            35079.8      35079.8
W2             308826       308826

Temperature = 1400 K

High Pressure Rate Coefficients:

From\To            W1           W2
W1                ***       162326
W2        1.16598e+06          ***

Temperature = 1400 K    Pressure = 0.1 atm

From\To            W1           W2
W1            22234.9      22234.9
W2             159712       159712

Temperature = 1400 K    Pressure = 1 atm

From\To            W1           W2
W1            63012.5      63012.5
W2             452616       452616

Temperature = 1400 K    Pressure = 10 atm

From\To            W1           W2
W1             118172       118172
W2             848825       848825

Temperature = 1400 K    Pressure = 100 atm

From\To            W1           W2
W1             152046       152046
W2        1.09214e+06  1.09214e+06

Temperature = 1500 K

High Pressure Rate Coefficients:

From\To            W1           W2
W1                ***       596920
W2        3.59108e+06          ***

Temperature = 1500 K    Pressure = 0.1 atm

From\To            W1           W2
W1            53313.9      53313.9
W2             320737       320737

Temperature = 1500 K    Pressure = 1 atm

From\To            W1           W2
W1             173460       173460
W2        1.04354e+06  1.04354e+06

Temperature = 1500 K    Pressure = 10 atm

From\To            W1           W2
W1             376281       376281
W2        2.26371e+06  2.26371e+06

Temperature = 1500 K    Pressure = 100 atm

From\To            W1           W2
W1             536036       536036
W2         3.2248e+06   3.2248e+06

Temperature = 1600 K

High Pressure Rate Coefficients:

From\To            W1           W2
W1                ***  1.87533e+06
W2        9.65437e+06          ***

Temperature = 1600 K    Pressure = 0.1 atm

From\To            W1           W2
W1             109231       109231
W2             562332       562332

Temperature = 1600 K    Pressure = 1 atm

From\To            W1           W2
W1             400021       400021
W2        2.05935e+06  2.05935e+06

Temperature = 1600 K    Pressure = 10 atm

From\To            W1           W2
W1             996042       996042
W2        5.12772e+06  5.12772e+06

Temperature = 1600 K    Pressure = 100 atm

From\To            W1           W2
W1        1.58859e+06  1.58859e+06
W2         8.1782e+06   8.1782e+06

Temperature = 1700 K

High Pressure Rate Coefficients:

From\To            W1           W2
W1                ***  5.17199e+06
W2        2.31952e+07          ***

Temperature = 1700 K    Pressure = 0.1 atm

From\To            W1           W2
W1             198384       198384
W2             889711       889711

Temperature = 1700 K    Pressure = 1 atm

From\To            W1           W2
W1             802108       802108
W2        3.59728e+06  3.59728e+06

Temperature = 1700 K    Pressure = 10 atm

From\To            W1           W2
W1        2.26336e+06  2.26336e+06
W2        1.01507e+07  1.01507e+07

Temperature = 1700 K    Pressure = 100 atm

From\To            W1           W2
W1        4.06152e+06  4.06152e+06
W2         1.8215e+07   1.8215e+07

Temperature = 1800 K

High Pressure Rate Coefficients:

From\To            W1           W2
W1                ***  1.27901e+07
W2        5.07253e+07          ***

Temperature = 1800 K    Pressure = 0.1 atm

From\To            W1           W2
W1             328389       328389
W2        1.30238e+06  1.30238e+06

Temperature = 1800 K    Pressure = 1 atm

From\To            W1           W2
W1        1.44092e+06  1.44092e+06
W2        5.71463e+06  5.71463e+06

Temperature = 1800 K    Pressure = 10 atm

From\To            W1           W2
W1        4.53797e+06  4.53797e+06
W2        1.79974e+07  1.79974e+07

Temperature = 1800 K    Pressure = 100 atm

From\To            W1           W2
W1        9.15258e+06  9.15258e+06
W2        3.62988e+07  3.62988e+07

Temperature = 1900 K

High Pressure Rate Coefficients:

From\To            W1           W2
W1                ***  2.88434e+07
W2        1.02453e+08          ***

Temperature = 1900 K    Pressure = 0.1 atm

From\To            W1           W2
W1             505356       505356
W2        1.79503e+06  1.79503e+06

Temperature = 1900 K    Pressure = 1 atm

From\To            W1           W2
W1        2.37302e+06  2.37302e+06
W2        8.42901e+06  8.42901e+06

Temperature = 1900 K    Pressure = 10 atm

From\To            W1           W2
W1        8.21475e+06  8.21475e+06
W2         2.9179e+07   2.9179e+07

Temperature = 1900 K    Pressure = 100 atm

From\To            W1           W2
W1        1.85158e+07  1.85158e+07
W2        6.57685e+07  6.57685e+07

Temperature = 2000 K

High Pressure Rate Coefficients:

From\To            W1           W2
W1                ***  6.01243e+07
W2         1.9336e+08          ***

Temperature = 2000 K    Pressure = 0.1 atm

From\To            W1           W2
W1         7.8862e-08          ***
W2                ***          ***

Temperature = 2000 K    Pressure = 1 atm

From\To            W1           W2
W1        3.64621e+06  3.64621e+06
W2        1.17263e+07  1.17263e+07

Temperature = 2000 K    Pressure = 10 atm

From\To            W1           W2
W1        1.36829e+07  1.36829e+07
W2        4.40045e+07  4.40045e+07

Temperature = 2000 K    Pressure = 100 atm

From\To            W1           W2
W1        3.41685e+07  3.41685e+07
W2        1.09886e+08  1.09886e+08

______________________________________________________________________________________

High Pressure Rate Coefficients (Temperature-Species Rate Tables):

   T(K)       W1->W1       W1->W2
    500          ***  8.07654e-10
    600          ***  2.51993e-06
    700          ***   0.00102797
    800          ***     0.103205
    900          ***      3.91702
   1000          ***      74.1049
   1100          ***      838.607
   1200          ***      6427.39
   1300          ***      36406.9
   1400          ***       162326
   1500          ***       596920
   1600          ***  1.87533e+06
   1700          ***  5.17199e+06
   1800          ***  1.27901e+07
   1900          ***  2.88434e+07
   2000          ***  6.01243e+07

   T(K)       W2->W1       W2->W2
    500  4.66274e-07          ***
    600  0.000500404          ***
    700     0.092749          ***
    800      5.06608          ***
    900      118.454          ***
   1000      1510.22          ***
   1100      12316.4          ***
   1200      71623.2          ***
   1300       320509          ***
   1400  1.16598e+06          ***
   1500  3.59108e+06          ***
   1600  9.65437e+06          ***
   1700  2.31952e+07          ***
   1800  5.07253e+07          ***
   1900  1.02453e+08          ***
   2000   1.9336e+08          ***

Capture/Escape Rate Coefficients:

   T(K)           W1           W2
    500  8.07654e-10  4.66274e-07
    600  2.51993e-06  0.000500404
    700   0.00102797     0.092749
    800     0.103205      5.06608
    900      3.91702      118.454
   1000      74.1049      1510.22
   1100      838.607      12316.4
   1200      6427.39      71623.2
   1300      36406.9       320509
   1400       162326  1.16598e+06
   1500       596920  3.59108e+06
   1600  1.87533e+06  9.65437e+06
   1700  5.17199e+06  2.31952e+07
   1800  1.27901e+07  5.07253e+07
   1900  2.88434e+07  1.02453e+08
   2000  6.01243e+07   1.9336e+08

______________________________________________________________________________________

Pressure-Species Rate Tables:

   Temperature = 500 K

   P(atm)       W1->W2         W1->
      0.1  7.38239e-10  7.38239e-10
        1  7.39677e-10  7.39677e-10
       10  7.39832e-10  7.39832e-10
      100  7.39848e-10  7.39848e-10
    O-O  8.07654e-10  8.07654e-10

   Temperature = 600 K

   P(atm)       W1->W2         W1->
      0.1  2.46976e-06  2.46976e-06
        1  2.50398e-06  2.50398e-06
       10  2.50834e-06  2.50834e-06
      100   2.5088e-06   2.5088e-06
    O-O  2.51993e-06  2.51993e-06

   Temperature = 700 K

   P(atm)       W1->W2         W1->
      0.1  0.000966645  0.000966645
        1   0.00101724   0.00101724
       10   0.00102561   0.00102561
      100   0.00102657   0.00102657
    O-O   0.00102797   0.00102797

   Temperature = 800 K

   P(atm)       W1->W2         W1->
      0.1    0.0881035    0.0881035
        1    0.0999821    0.0999821
       10      0.10268      0.10268
      100      0.10304      0.10304
    O-O     0.103205     0.103205

   Temperature = 900 K

   P(atm)       W1->W2         W1->
      0.1      2.84372      2.84372
        1      3.62021      3.62021
       10      3.86664      3.86664
      100      3.90719      3.90719
    O-O      3.91702      3.91702

   Temperature = 1000 K

   P(atm)       W1->W2         W1->
      0.1      42.7614      42.7614
        1      62.9661      62.9661
       10       71.873       71.873
      100      73.7508      73.7508
    O-O      74.1049      74.1049

   Temperature = 1100 K

   P(atm)       W1->W2         W1->
      0.1      361.394      361.394
        1      626.649      626.649
       10      786.444      786.444
      100      830.431      830.431
    O-O      838.607      838.607

   Temperature = 1200 K

   P(atm)       W1->W2         W1->
      0.1       1961.3       1961.3
        1      4030.32      4030.32
       10      5699.23      5699.23
      100      6302.34      6302.34
    O-O      6427.39      6427.39

   Temperature = 1300 K

   P(atm)       W1->W2         W1->
      0.1      7547.25      7547.25
        1      18316.4      18316.4
       10      29696.8      29696.8
      100      35079.8      35079.8
    O-O      36406.9      36406.9

   Temperature = 1400 K

   P(atm)       W1->W2         W1->
      0.1      22234.9      22234.9
        1      63012.5      63012.5
       10       118172       118172
      100       152046       152046
    O-O       162326       162326

   Temperature = 1500 K

   P(atm)       W1->W2         W1->
      0.1      53313.9      53313.9
        1       173460       173460
       10       376281       376281
      100       536036       536036
    O-O       596920       596920

   Temperature = 1600 K

   P(atm)       W1->W2         W1->
      0.1       109231       109231
        1       400021       400021
       10       996042       996042
      100  1.58859e+06  1.58859e+06
    O-O  1.87533e+06  1.87533e+06

   Temperature = 1700 K

   P(atm)       W1->W2         W1->
      0.1       198384       198384
        1       802108       802108
       10  2.26336e+06  2.26336e+06
      100  4.06152e+06  4.06152e+06
    O-O  5.17199e+06  5.17199e+06

   Temperature = 1800 K

   P(atm)       W1->W2         W1->
      0.1       328389       328389
        1  1.44092e+06  1.44092e+06
       10  4.53797e+06  4.53797e+06
      100  9.15258e+06  9.15258e+06
    O-O  1.27901e+07  1.27901e+07

   Temperature = 1900 K

   P(atm)       W1->W2         W1->
      0.1       505356       505356
        1  2.37302e+06  2.37302e+06
       10  8.21475e+06  8.21475e+06
      100  1.85158e+07  1.85158e+07
    O-O  2.88434e+07  2.88434e+07

   Temperature = 2000 K

   P(atm)       W1->W2         W1->
      0.1          ***   7.8862e-08
        1  3.64621e+06  3.64621e+06
       10  1.36829e+07  1.36829e+07
      100  3.41685e+07  3.41685e+07
    O-O  6.01243e+07  6.01243e+07

   Temperature = 500 K

   P(atm)       W2->W1         W2->
      0.1    4.262e-07    4.262e-07
        1   4.2703e-07   4.2703e-07
       10  4.27119e-07  4.27119e-07
      100  4.27128e-07  4.27128e-07
    O-O  4.66274e-07  4.66274e-07

   Temperature = 600 K

   P(atm)       W2->W1         W2->
      0.1  0.000490441  0.000490441
        1  0.000497237  0.000497237
       10  0.000498103  0.000498103
      100  0.000498193  0.000498193
    O-O  0.000500404  0.000500404

   Temperature = 700 K

   P(atm)       W2->W1         W2->
      0.1    0.0872162    0.0872162
        1    0.0917815    0.0917815
       10    0.0925367    0.0925367
      100    0.0926232    0.0926232
    O-O     0.092749     0.092749

   Temperature = 800 K

   P(atm)       W2->W1         W2->
      0.1       4.3248       4.3248
        1       4.9079       4.9079
       10      5.04035      5.04035
      100      5.05802      5.05802
    O-O      5.06608      5.06608

   Temperature = 900 K

   P(atm)       W2->W1         W2->
      0.1      85.9962      85.9962
        1      109.478      109.478
       10       116.93       116.93
      100      118.157      118.157
    O-O      118.454      118.454

   Temperature = 1000 K

   P(atm)       W2->W1         W2->
      0.1      871.453      871.453
        1      1283.21      1283.21
       10      1464.73      1464.73
      100         1503         1503
    O-O      1510.22      1510.22

   Temperature = 1100 K

   P(atm)       W2->W1         W2->
      0.1      5307.69      5307.69
        1      9203.41      9203.41
       10      11550.3      11550.3
      100      12196.3      12196.3
    O-O      12316.4      12316.4

   Temperature = 1200 K

   P(atm)       W2->W1         W2->
      0.1      21855.6      21855.6
        1      44911.7      44911.7
       10      63509.1      63509.1
      100      70229.8      70229.8
    O-O      71623.2      71623.2

   Temperature = 1300 K

   P(atm)       W2->W1         W2->
      0.1      66442.5      66442.5
        1       161249       161249
       10       261436       261436
      100       308826       308826
    O-O       320509       320509

   Temperature = 1400 K

   P(atm)       W2->W1         W2->
      0.1       159712       159712
        1       452616       452616
       10       848825       848825
      100  1.09214e+06  1.09214e+06
    O-O  1.16598e+06  1.16598e+06

   Temperature = 1500 K

   P(atm)       W2->W1         W2->
      0.1       320737       320737
        1  1.04354e+06  1.04354e+06
       10  2.26371e+06  2.26371e+06
      100   3.2248e+06   3.2248e+06
    O-O  3.59108e+06  3.59108e+06

   Temperature = 1600 K

   P(atm)       W2->W1         W2->
      0.1       562332       562332
        1  2.05935e+06  2.05935e+06
       10  5.12772e+06  5.12772e+06
      100   8.1782e+06   8.1782e+06
    O-O  9.65437e+06  9.65437e+06

   Temperature = 1700 K

   P(atm)       W2->W1         W2->
      0.1       889711       889711
        1  3.59728e+06  3.59728e+06
       10  1.01507e+07  1.01507e+07
      100   1.8215e+07   1.8215e+07
    O-O  2.31952e+07  2.31952e+07

   Temperature = 1800 K

   P(atm)       W2->W1         W2->
      0.1  1.30238e+06  1.30238e+06
        1  5.71463e+06  5.71463e+06
       10  1.79974e+07  1.79974e+07
      100  3.62988e+07  3.62988e+07
    O-O  5.07253e+07  5.07253e+07

   Temperature = 1900 K

   P(atm)       W2->W1         W2->
      0.1  1.79503e+06  1.79503e+06
        1  8.42901e+06  8.42901e+06
       10   2.9179e+07   2.9179e+07
      100  6.57685e+07  6.57685e+07
    O-O  1.02453e+08  1.02453e+08

   Temperature = 2000 K

   P(atm)       W2->W1         W2->
      0.1          ***          ***
        1  1.17263e+07  1.17263e+07
       10  4.40045e+07  4.40045e+07
      100  1.09886e+08  1.09886e+08
    O-O   1.9336e+08   1.9336e+08

______________________________________________________________________________________

Temperature-Species Rate Tables:

   Pressure = 0.1 atm

   T(K)       W1->W2         W1->      Capture
    500  7.38239e-10  7.38239e-10  8.07654e-10
    600  2.46976e-06  2.46976e-06  2.51993e-06
    700  0.000966645  0.000966645   0.00102797
    800    0.0881035    0.0881035     0.103205
    900      2.84372      2.84372      3.91702
   1000      42.7614      42.7614      74.1049
   1100      361.394      361.394      838.607
   1200       1961.3       1961.3      6427.39
   1300      7547.25      7547.25      36406.9
   1400      22234.9      22234.9       162326
   1500      53313.9      53313.9       596920
   1600       109231       109231  1.87533e+06
   1700       198384       198384  5.17199e+06
   1800       328389       328389  1.27901e+07
   1900       505356       505356  2.88434e+07
   2000          ***   7.8862e-08  6.01243e+07

   Pressure = 1 atm

   T(K)       W1->W2         W1->      Capture
    500  7.39677e-10  7.39677e-10  8.07654e-10
    600  2.50398e-06  2.50398e-06  2.51993e-06
    700   0.00101724   0.00101724   0.00102797
    800    0.0999821    0.0999821     0.103205
    900      3.62021      3.62021      3.91702
   1000      62.9661      62.9661      74.1049
   1100      626.649      626.649      838.607
   1200      4030.32      4030.32      6427.39
   1300      18316.4      18316.4      36406.9
   1400      63012.5      63012.5       162326
   1500       173460       173460       596920
   1600       400021       400021  1.87533e+06
   1700       802108       802108  5.17199e+06
   1800  1.44092e+06  1.44092e+06  1.27901e+07
   1900  2.37302e+06  2.37302e+06  2.88434e+07
   2000  3.64621e+06  3.64621e+06  6.01243e+07

   Pressure = 10 atm

   T(K)       W1->W2         W1->      Capture
    500  7.39832e-10  7.39832e-10  8.07654e-10
    600  2.50834e-06  2.50834e-06  2.51993e-06
    700   0.00102561   0.00102561   0.00102797
    800      0.10268      0.10268     0.103205
    900      3.86664      3.86664      3.91702
   1000       71.873       71.873      74.1049
   1100      786.444      786.444      838.607
   1200      5699.23      5699.23      6427.39
   1300      29696.8      29696.8      36406.9
   1400       118172       118172       162326
   1500       376281       376281       596920
   1600       996042       996042  1.87533e+06
   1700  2.26336e+06  2.26336e+06  5.17199e+06
   1800  4.53797e+06  4.53797e+06  1.27901e+07
   1900  8.21475e+06  8.21475e+06  2.88434e+07
   2000  1.36829e+07  1.36829e+07  6.01243e+07

   Pressure = 100 atm

   T(K)       W1->W2         W1->      Capture
    500  7.39848e-10  7.39848e-10  8.07654e-10
    600   2.5088e-06   2.5088e-06  2.51993e-06
    700   0.00102657   0.00102657   0.00102797
    800      0.10304      0.10304     0.103205
    900      3.90719      3.90719      3.91702
   1000      73.7508      73.7508      74.1049
   1100      830.431      830.431      838.607
   1200      6302.34      6302.34      6427.39
   1300      35079.8      35079.8      36406.9
   1400       152046       152046       162326
   1500       536036       536036       596920
   1600  1.58859e+06  1.58859e+06  1.87533e+06
   1700  4.06152e+06  4.06152e+06  5.17199e+06
   1800  9.15258e+06  9.15258e+06  1.27901e+07
   1900  1.85158e+07  1.85158e+07  2.88434e+07
   2000  3.41685e+07  3.41685e+07  6.01243e+07

   Pressure = 0.1 atm

   T(K)       W2->W1         W2->      Capture
    500    4.262e-07    4.262e-07  4.66274e-07
    600  0.000490441  0.000490441  0.000500404
    700    0.0872162    0.0872162     0.092749
    800       4.3248       4.3248      5.06608
    900      85.9962      85.9962      118.454
   1000      871.453      871.453      1510.22
   1100      5307.69      5307.69      12316.4
   1200      21855.6      21855.6      71623.2
   1300      66442.5      66442.5       320509
   1400       159712       159712  1.16598e+06
   1500       320737       320737  3.59108e+06
   1600       562332       562332  9.65437e+06
   1700       889711       889711  2.31952e+07
   1800  1.30238e+06  1.30238e+06  5.07253e+07
   1900  1.79503e+06  1.79503e+06  1.02453e+08
   2000          ***          ***   1.9336e+08

   Pressure = 1 atm

   T(K)       W2->W1         W2->      Capture
    500   4.2703e-07   4.2703e-07  4.66274e-07
    600  0.000497237  0.000497237  0.000500404
    700    0.0917815    0.0917815     0.092749
    800       4.9079       4.9079      5.06608
    900      109.478      109.478      118.454
   1000      1283.21      1283.21      1510.22
   1100      9203.41      9203.41      12316.4
   1200      44911.7      44911.7      71623.2
   1300       161249       161249       320509
   1400       452616       452616  1.16598e+06
   1500  1.04354e+06  1.04354e+06  3.59108e+06
   1600  2.05935e+06  2.05935e+06  9.65437e+06
   1700  3.59728e+06  3.59728e+06  2.31952e+07
   1800  5.71463e+06  5.71463e+06  5.07253e+07
   1900  8.42901e+06  8.42901e+06  1.02453e+08
   2000  1.17263e+07  1.17263e+07   1.9336e+08

   Pressure = 10 atm

   T(K)       W2->W1         W2->      Capture
    500  4.27119e-07  4.27119e-07  4.66274e-07
    600  0.000498103  0.000498103  0.000500404
    700    0.0925367    0.0925367     0.092749
    800      5.04035      5.04035      5.06608
    900       116.93       116.93      118.454
   1000      1464.73      1464.73      1510.22
   1100      11550.3      11550.3      12316.4
   1200      63509.1      63509.1      71623.2
   1300       261436       261436       320509
   1400       848825       848825  1.16598e+06
   1500  2.26371e+06  2.26371e+06  3.59108e+06
   1600  5.12772e+06  5.12772e+06  9.65437e+06
   1700  1.01507e+07  1.01507e+07  2.31952e+07
   1800  1.79974e+07  1.79974e+07  5.07253e+07
   1900   2.9179e+07   2.9179e+07  1.02453e+08
   2000  4.40045e+07  4.40045e+07   1.9336e+08

   Pressure = 100 atm

   T(K)       W2->W1         W2->      Capture
    500  4.27128e-07  4.27128e-07  4.66274e-07
    600  0.000498193  0.000498193  0.000500404
    700    0.0926232    0.0926232     0.092749
    800      5.05802      5.05802      5.06608
    900      118.157      118.157      118.454
   1000         1503         1503      1510.22
   1100      12196.3      12196.3      12316.4
   1200      70229.8      70229.8      71623.2
   1300       308826       308826       320509
   1400  1.09214e+06  1.09214e+06  1.16598e+06
   1500   3.2248e+06   3.2248e+06  3.59108e+06
   1600   8.1782e+06   8.1782e+06  9.65437e+06
   1700   1.8215e+07   1.8215e+07  2.31952e+07
   1800  3.62988e+07  3.62988e+07  5.07253e+07
   1900  6.57685e+07  6.57685e+07  1.02453e+08
   2000  1.09886e+08  1.09886e+08   1.9336e+08

______________________________________________________________________________________

Temperature-Pressure Rate Tables:

W1->W2

P\T              500          600          700          800          900         1000         1100         1200         1300         1400         1500         1600         1700         1800         1900         2000
0.1      7.38239e-10  2.46976e-06  0.000966645    0.0881035      2.84372      42.7614      361.394       1961.3      7547.25      22234.9      53313.9       109231       198384       328389       505356          ***
1        7.39677e-10  2.50398e-06   0.00101724    0.0999821      3.62021      62.9661      626.649      4030.32      18316.4      63012.5       173460       400021       802108  1.44092e+06  2.37302e+06  3.64621e+06
10       7.39832e-10  2.50834e-06   0.00102561      0.10268      3.86664       71.873      786.444      5699.23      29696.8       118172       376281       996042  2.26336e+06  4.53797e+06  8.21475e+06  1.36829e+07
100      7.39848e-10   2.5088e-06   0.00102657      0.10304      3.90719      73.7508      830.431      6302.34      35079.8       152046       536036  1.58859e+06  4.06152e+06  9.15258e+06  1.85158e+07  3.41685e+07
O-O      8.07654e-10  2.51993e-06   0.00102797     0.103205      3.91702      74.1049      838.607      6427.39      36406.9       162326       596920  1.87533e+06  5.17199e+06  1.27901e+07  2.88434e+07  6.01243e+07

W2->W1

P\T              500          600          700          800          900         1000         1100         1200         1300         1400         1500         1600         1700         1800         1900         2000
0.1        4.262e-07  0.000490441    0.0872162       4.3248      85.9962      871.453      5307.69      21855.6      66442.5       159712       320737       562332       889711  1.30238e+06  1.79503e+06          ***
1         4.2703e-07  0.000497237    0.0917815       4.9079      109.478      1283.21      9203.41      44911.7       161249       452616  1.04354e+06  2.05935e+06  3.59728e+06  5.71463e+06  8.42901e+06  1.17263e+07
10       4.27119e-07  0.000498103    0.0925367      5.04035       116.93      1464.73      11550.3      63509.1       261436       848825  2.26371e+06  5.12772e+06  1.01507e+07  1.79974e+07   2.9179e+07  4.40045e+07
100      4.27128e-07  0.000498193    0.0926232      5.05802      118.157         1503      12196.3      70229.8       308826  1.09214e+06   3.2248e+06   8.1782e+06   1.8215e+07  3.62988e+07  6.57685e+07  1.09886e+08
O-O      4.66274e-07  0.000500404     0.092749      5.06608      118.454      1510.22      12316.4      71623.2       320509  1.16598e+06  3.59108e+06  9.65437e+06  2.31952e+07  5.07253e+07  1.02453e+08   1.9336e+08

W1-> 

P\T              500          600          700          800          900         1000         1100         1200         1300         1400         1500         1600         1700         1800         1900         2000
0.1      7.38239e-10  2.46976e-06  0.000966645    0.0881035      2.84372      42.7614      361.394       1961.3      7547.25      22234.9      53313.9       109231       198384       328389       505356   7.8862e-08
1        7.39677e-10  2.50398e-06   0.00101724    0.0999821      3.62021      62.9661      626.649      4030.32      18316.4      63012.5       173460       400021       802108  1.44092e+06  2.37302e+06  3.64621e+06
10       7.39832e-10  2.50834e-06   0.00102561      0.10268      3.86664       71.873      786.444      5699.23      29696.8       118172       376281       996042  2.26336e+06  4.53797e+06  8.21475e+06  1.36829e+07
100      7.39848e-10   2.5088e-06   0.00102657      0.10304      3.90719      73.7508      830.431      6302.34      35079.8       152046       536036  1.58859e+06  4.06152e+06  9.15258e+06  1.85158e+07  3.41685e+07
O-O      8.07654e-10  2.51993e-06   0.00102797     0.103205      3.91702      74.1049      838.607      6427.39      36406.9       162326       596920  1.87533e+06  5.17199e+06  1.27901e+07  2.88434e+07  6.01243e+07

W2-> 

P\T              500          600          700          800          900         1000         1100         1200         1300         1400         1500         1600         1700         1800         1900         2000
0.1        4.262e-07  0.000490441    0.0872162       4.3248      85.9962      871.453      5307.69      21855.6      66442.5       159712       320737       562332       889711  1.30238e+06  1.79503e+06          ***
1         4.2703e-07  0.000497237    0.0917815       4.9079      109.478      1283.21      9203.41      44911.7       161249       452616  1.04354e+06  2.05935e+06  3.59728e+06  5.71463e+06  8.42901e+06  1.17263e+07
10       4.27119e-07  0.000498103    0.0925367      5.04035       116.93      1464.73      11550.3      63509.1       261436       848825  2.26371e+06  5.12772e+06  1.01507e+07  1.79974e+07   2.9179e+07  4.40045e+07
100      4.27128e-07  0.000498193    0.0926232      5.05802      118.157         1503      12196.3      70229.8       308826  1.09214e+06   3.2248e+06   8.1782e+06   1.8215e+07  3.62988e+07  6.57685e+07  1.09886e+08
O-O      4.66274e-07  0.000500404     0.092749      5.06608      118.454      1510.22      12316.4      71623.2       320509  1.16598e+06  3.59108e+06  9.65437e+06  2.31952e+07  5.07253e+07  1.02453e+08   1.9336e+08

