 initial guess
   0.81000E-10 -0.10000E-01   2000.0    
   300.00     0.52220E+13 0.10308E-12  100.00    
   400.00     0.38257E+13 0.54417E-12  100.00    
   500.00     0.30712E+13 0.14759E-11  100.00    
   600.00     0.26251E+13 0.28694E-11  100.00    
   700.00     0.23327E+13 0.46125E-11  100.00    
   800.00     0.21028E+13 0.65835E-11  100.00    
   900.00     0.18678E+13 0.86813E-11  100.00    
   1000.0     0.15883E+13 0.10830E-10  100.00    
   1100.0     0.12709E+13 0.12977E-10  100.00    
   1200.0     0.95806E+12 0.15087E-10  100.00    
   1300.0     0.68948E+12 0.17137E-10  100.00    
   1400.0     0.48089E+12 0.19114E-10  100.00    
   1500.0     0.32857E+12 0.21009E-10  100.00    
   1600.0     0.22153E+12 0.22820E-10  100.00    
 results for iteration           1
 chi   1.7363    lamda  0.10000E-03
 params
    426.51       2.6941      -2734.1    
   0.25685E+27   2.6941      -5432.6    
   300.00     0.52220E+13 0.18257E+14  249.62    
   400.00     0.38257E+13 0.40601E+13  6.1265    
   500.00     0.30712E+13 0.18877E+13  38.537    
   600.00     0.26251E+13 0.12401E+13  52.761    
   700.00     0.23327E+13 0.97971E+12  58.001    
   800.00     0.21028E+13 0.86159E+12  59.027    
   900.00     0.18678E+13 0.80945E+12  56.663    
   1000.0     0.15883E+13 0.79348E+12  50.042    
   1100.0     0.12709E+13 0.80003E+12  37.050    
   1200.0     0.95806E+12 0.82216E+12  14.185    
   1300.0     0.68948E+12 0.85604E+12  24.157    
   1400.0     0.48089E+12 0.89942E+12  87.032    
   1500.0     0.32857E+12 0.95092E+12  189.41    
   1600.0     0.22153E+12 0.10097E+13  355.77    
 results for iteration           2
 chi  0.43333    lamda  0.10000E-04
 params
   0.12019E+16  -1.0690      -312.39    
   0.72380E+39  -1.0690      -620.71    
   300.00     0.52220E+13 0.76578E+13  46.645    
   400.00     0.38257E+13 0.43400E+13  13.444    
   500.00     0.30712E+13 0.29246E+13  4.7744    
   600.00     0.26251E+13 0.21687E+13  17.387    
   700.00     0.23327E+13 0.17074E+13  26.807    
   800.00     0.21028E+13 0.13999E+13  33.425    
   900.00     0.18678E+13 0.11819E+13  36.721    
   1000.0     0.15883E+13 0.10200E+13  35.781    
   1100.0     0.12709E+13 0.89540E+12  29.546    
   1200.0     0.95806E+12 0.79679E+12  16.833    
   1300.0     0.68948E+12 0.71695E+12  3.9840    
   1400.0     0.48089E+12 0.65107E+12  35.389    
   1500.0     0.32857E+12 0.59585E+12  81.347    
   1600.0     0.22153E+12 0.54894E+12  147.79    
 results for iteration           3
 chi  0.13760    lamda  0.10000E-05
 params
   0.70835E+24  -3.7257       1375.9    
   0.42657E+48  -3.7257       2734.0    
   300.00     0.52220E+13 0.42589E+13  18.444    
   400.00     0.38257E+13 0.45895E+13  19.966    
   500.00     0.30712E+13 0.39763E+13  29.472    
   600.00     0.26251E+13 0.31890E+13  21.482    
   700.00     0.23327E+13 0.24918E+13  6.8190    
   800.00     0.21028E+13 0.19371E+13  7.8803    
   900.00     0.18678E+13 0.15120E+13  19.047    
   1000.0     0.15883E+13 0.11898E+13  25.089    
   1100.0     0.12709E+13 0.94533E+12  25.617    
   1200.0     0.95806E+12 0.75868E+12  20.810    
   1300.0     0.68948E+12 0.61497E+12  10.807    
   1400.0     0.48089E+12 0.50324E+12  4.6470    
   1500.0     0.32857E+12 0.41552E+12  26.463    
   1600.0     0.22153E+12 0.34599E+12  56.182    
 results for iteration           4
 chi  0.13612    lamda  0.10000E-06
 params
   0.32398E+25  -3.9257       1503.0    
   0.19510E+49  -3.9257       2986.5    
   300.00     0.52220E+13 0.40749E+13  21.967    
   400.00     0.38257E+13 0.46089E+13  20.472    
   500.00     0.30712E+13 0.40694E+13  32.501    
   600.00     0.26251E+13 0.32830E+13  25.061    
   700.00     0.23327E+13 0.25637E+13  9.9027    
   800.00     0.21028E+13 0.19850E+13  5.6003    
   900.00     0.18678E+13 0.15403E+13  17.532    
   1000.0     0.15883E+13 0.12037E+13  24.216    
   1100.0     0.12709E+13 0.94920E+12  25.313    
   1200.0     0.95806E+12 0.75589E+12  21.102    
   1300.0     0.68948E+12 0.60790E+12  11.832    
   1400.0     0.48089E+12 0.49357E+12  2.6373    
   1500.0     0.32857E+12 0.40440E+12  23.077    
