Wells (G - ground energy, D - dissociation limit, kcal/mol):
      Name        G        D
        W1    -25.8      6.5

Bimolecular Products (G - ground energy, kcal/mol):
      Name        G
        P1      0.0

Well-to-Bimolecular Barriers (H/G - barrier height/well depth, kcal/mol)
      Name        H     Well        G  Product
        B1      6.5       W1    -25.8       P1

________________________________________________________________________________________

Unimolecular Rate Units: 1/sec;  Bimolecular Rate Units: cm^3/sec

______________________________________________________________________________________

Species-Species Rate Tables:

Temperature = 500 K

High Pressure Rate Coefficients:

From\To            W1           P1
W1                ***    0.0492839
P1        1.60914e-13          ***

Temperature = 500 K    Pressure = 0.1 atm

From\To            W1           P1
W1          0.0472707    0.0472707
P1         1.5434e-13   1.5434e-13

Temperature = 500 K    Pressure = 1 atm

From\To            W1           P1
W1          0.0489194    0.0489194
P1        1.59724e-13  1.59724e-13

Temperature = 500 K    Pressure = 10 atm

From\To            W1           P1
W1          0.0491535    0.0491535
P1        1.60488e-13  1.60488e-13

Temperature = 500 K    Pressure = 100 atm

From\To            W1           P1
W1          0.0491788    0.0491788
P1         1.6057e-13   1.6057e-13

Temperature = 600 K

High Pressure Rate Coefficients:

From\To            W1           P1
W1                ***      12.7047
P1        5.10445e-13          ***

Temperature = 600 K    Pressure = 0.1 atm

From\To            W1           P1
W1            10.9367      10.9367
P1        4.39412e-13  4.39412e-13

Temperature = 600 K    Pressure = 1 atm

From\To            W1           P1
W1            12.3435      12.3435
P1        4.95934e-13  4.95934e-13

Temperature = 600 K    Pressure = 10 atm

From\To            W1           P1
W1            12.6394      12.6394
P1        5.07822e-13  5.07822e-13

Temperature = 600 K    Pressure = 100 atm

From\To            W1           P1
W1            12.6769      12.6769
P1        5.09329e-13  5.09329e-13

Temperature = 700 K

High Pressure Rate Coefficients:

From\To            W1           P1
W1                ***      708.424
P1         1.2147e-12          ***

Temperature = 700 K    Pressure = 0.1 atm

From\To            W1           P1
W1            488.256      488.256
P1        8.37171e-13  8.37171e-13

Temperature = 700 K    Pressure = 1 atm

From\To            W1           P1
W1            645.837      645.837
P1        1.10738e-12  1.10738e-12

Temperature = 700 K    Pressure = 10 atm

From\To            W1           P1
W1            697.632      697.632
P1        1.19619e-12  1.19619e-12

Temperature = 700 K    Pressure = 100 atm

From\To            W1           P1
W1            706.189      706.189
P1        1.21086e-12  1.21086e-12

Temperature = 800 K

High Pressure Rate Coefficients:

From\To            W1           P1
W1                ***      15008.5
P1        2.39732e-12          ***

Temperature = 800 K    Pressure = 0.1 atm

From\To            W1           P1
W1            7312.88      7312.88
P1        1.16788e-12  1.16788e-12

Temperature = 800 K    Pressure = 1 atm

From\To            W1           P1
W1            11971.4      11971.4
P1        1.91217e-12  1.91217e-12

Temperature = 800 K    Pressure = 10 atm

From\To            W1           P1
W1            14355.5      14355.5
P1        2.29302e-12  2.29302e-12

Temperature = 800 K    Pressure = 100 atm

From\To            W1           P1
W1            14906.6      14906.6
P1        2.38104e-12  2.38104e-12

Temperature = 900 K

High Pressure Rate Coefficients:

From\To            W1           P1
W1                ***       165692
P1         4.1593e-12          ***

Temperature = 900 K    Pressure = 0.1 atm

From\To            W1           P1
W1            51114.6      51114.6
P1        1.28138e-12  1.28138e-12

Temperature = 900 K    Pressure = 1 atm

From\To            W1           P1
W1             106065       106065
P1        2.66211e-12  2.66211e-12

Temperature = 900 K    Pressure = 10 atm

From\To            W1           P1
W1             148692       148692
P1        3.73252e-12  3.73252e-12

Temperature = 900 K    Pressure = 100 atm

From\To            W1           P1
W1             162925       162925
P1        4.08982e-12  4.08982e-12

Temperature = 1000 K

High Pressure Rate Coefficients:

From\To            W1           P1
W1                ***  1.15401e+06
P1        6.57695e-12          ***

Temperature = 1000 K    Pressure = 0.1 atm

From\To            W1           P1
W1             208127       208127
P1        1.17801e-12  1.17801e-12

Temperature = 1000 K    Pressure = 1 atm

From\To            W1           P1
W1             544099       544099
P1        3.09744e-12  3.09744e-12

Temperature = 1000 K    Pressure = 10 atm

From\To            W1           P1
W1             924802       924802
P1        5.27022e-12  5.27022e-12

Temperature = 1000 K    Pressure = 100 atm

From\To            W1           P1
W1        1.10945e+06  1.10945e+06
P1        6.32298e-12  6.32298e-12

Temperature = 1100 K

High Pressure Rate Coefficients:

From\To            W1           P1
W1                ***  5.73206e+06
P1         9.7044e-12          ***

Temperature = 1100 K    Pressure = 0.1 atm

From\To            W1           P1
W1             581997       581997
P1        9.61094e-13  9.61094e-13

Temperature = 1100 K    Pressure = 1 atm

From\To            W1           P1
W1        1.85956e+06  1.85956e+06
P1        3.13048e-12  3.13048e-12

Temperature = 1100 K    Pressure = 10 atm

From\To            W1           P1
W1        3.87611e+06  3.87611e+06
P1        6.55839e-12  6.55839e-12

Temperature = 1100 K    Pressure = 100 atm

From\To            W1           P1
W1        5.27984e+06  5.27984e+06
P1        8.93859e-12  8.93859e-12

Temperature = 1200 K

High Pressure Rate Coefficients:

From\To            W1           P1
W1                ***  2.20486e+07
P1        1.35776e-11          ***

Temperature = 1200 K    Pressure = 0.1 atm

From\To            W1           P1
W1        1.26019e+06  1.26019e+06
P1        7.26545e-13  7.26545e-13

Temperature = 1200 K    Pressure = 1 atm

From\To            W1           P1
W1        4.72686e+06  4.72686e+06
P1        2.85461e-12  2.85461e-12

Temperature = 1200 K    Pressure = 10 atm

From\To            W1           P1
W1         1.1931e+07   1.1931e+07
P1        7.32583e-12  7.32583e-12

Temperature = 1200 K    Pressure = 100 atm

From\To            W1           P1
W1        1.89314e+07  1.89314e+07
P1        1.16561e-11  1.16561e-11

Temperature = 1300 K

High Pressure Rate Coefficients:

From\To            W1           P1
W1                ***  6.95615e+07
P1        1.82183e-11          ***

Temperature = 1300 K    Pressure = 0.1 atm

From\To            W1           P1
W1        2.29665e+06  2.29665e+06
P1         5.2376e-13   5.2376e-13

Temperature = 1300 K    Pressure = 1 atm

From\To            W1           P1
W1        9.73127e+06  9.73127e+06
P1         2.4238e-12   2.4238e-12

Temperature = 1300 K    Pressure = 10 atm

From\To            W1           P1
W1        2.89385e+07  2.89385e+07
P1        7.50274e-12  7.50274e-12

Temperature = 1300 K    Pressure = 100 atm

From\To            W1           P1
W1        5.39618e+07  5.39618e+07
P1        1.41214e-11  1.41214e-11

Temperature = 1400 K

High Pressure Rate Coefficients:

From\To            W1           P1
W1                ***  1.87595e+08
P1        2.36374e-11          ***

Temperature = 1400 K    Pressure = 0.1 atm

From\To            W1           P1
W1                ***          ***
P1                ***  3.26009e-27

Temperature = 1400 K    Pressure = 1 atm

From\To            W1           P1
W1        1.72474e+07  1.72474e+07
P1        1.95803e-12  1.95803e-12

Temperature = 1400 K    Pressure = 10 atm

From\To            W1           P1
W1        5.85944e+07  5.85944e+07
P1        7.18794e-12  7.18794e-12

Temperature = 1400 K    Pressure = 100 atm

From\To            W1           P1
W1         1.2756e+08   1.2756e+08
P1        1.60254e-11  1.60254e-11

Temperature = 1500 K

High Pressure Rate Coefficients:

From\To            W1           P1
W1                ***  4.45851e+08
P1        2.98378e-11          ***

Temperature = 1500 K    Pressure = 0.1 atm

From\To            W1           P1
W1                ***          ***
P1                ***            0

Temperature = 1500 K    Pressure = 1 atm

From\To            W1           P1
W1        2.74511e+07  2.74511e+07
P1        1.52623e-12  1.52623e-12

Temperature = 1500 K    Pressure = 10 atm

From\To            W1           P1
W1        1.03634e+08  1.03634e+08
P1        6.54717e-12  6.54717e-12

Temperature = 1500 K    Pressure = 100 atm

From\To            W1           P1
W1        2.59171e+08  2.59171e+08
P1        1.71982e-11  1.71982e-11

Temperature = 1600 K

High Pressure Rate Coefficients:

From\To            W1           P1
W1                ***  9.55604e+08
P1        3.68167e-11          ***

Temperature = 1600 K    Pressure = 0.1 atm

From\To            W1           P1
W1                ***          ***
P1                ***            0

Temperature = 1600 K    Pressure = 1 atm

From\To            W1           P1
W1                ***          ***
P1                ***            0

Temperature = 1600 K    Pressure = 10 atm

From\To            W1           P1
W1         1.6566e+08   1.6566e+08
P1        5.73843e-12  5.73843e-12

Temperature = 1600 K    Pressure = 100 atm

From\To            W1           P1
W1        4.66576e+08  4.66576e+08
P1        1.76221e-11  1.76221e-11

Temperature = 1700 K

High Pressure Rate Coefficients:

From\To            W1           P1
W1                ***   1.8801e+09
P1         4.4567e-11          ***

Temperature = 1700 K    Pressure = 0.1 atm

From\To            W1           P1
W1                ***          ***
P1                *** -5.13336e-27

Temperature = 1700 K    Pressure = 1 atm

From\To            W1           P1
W1                ***          ***
P1                ***  2.05334e-26

Temperature = 1700 K    Pressure = 10 atm

From\To            W1           P1
W1        2.45331e+08  2.45331e+08
P1        4.88126e-12  4.88126e-12

Temperature = 1700 K    Pressure = 100 atm

From\To            W1           P1
W1        7.63218e+08  7.63218e+08
P1        1.73846e-11  1.73846e-11

Temperature = 1800 K

High Pressure Rate Coefficients:

From\To            W1           P1
W1                ***   3.4429e+09
P1        5.30785e-11          ***

Temperature = 1800 K    Pressure = 0.1 atm

From\To            W1           P1
W1                ***          ***
P1                ***            0

Temperature = 1800 K    Pressure = 1 atm

From\To            W1           P1
W1                ***          ***
P1                *** -1.95182e-26

Temperature = 1800 K    Pressure = 10 atm

From\To            W1           P1
W1                ***          ***
P1                ***            0

Temperature = 1800 K    Pressure = 100 atm

From\To            W1           P1
W1         1.1576e+09   1.1576e+09
P1        1.66272e-11  1.66272e-11

Temperature = 1900 K

High Pressure Rate Coefficients:

From\To            W1           P1
W1                ***  5.93314e+09
P1        6.23392e-11          ***

Temperature = 1900 K    Pressure = 0.1 atm

From\To            W1           P1
W1                ***          ***
P1                *** -2.82263e-26

Temperature = 1900 K    Pressure = 1 atm

From\To            W1           P1
W1                ***          ***
P1                *** -2.82263e-26

Temperature = 1900 K    Pressure = 10 atm

From\To            W1           P1
W1                ***          ***
P1                *** -9.40875e-26

Temperature = 1900 K    Pressure = 100 atm

From\To            W1           P1
W1        1.65391e+09  1.65391e+09
P1        1.55019e-11  1.55019e-11

Temperature = 2000 K

High Pressure Rate Coefficients:

From\To            W1           P1
W1                ***  9.70753e+09
P1        7.23358e-11          ***

Temperature = 2000 K    Pressure = 0.1 atm

From\To            W1           P1
W1                ***          ***
P1                *** -4.60834e-26

Temperature = 2000 K    Pressure = 1 atm

From\To            W1           P1
W1                ***          ***
P1                *** -5.53001e-26

Temperature = 2000 K    Pressure = 10 atm

From\To            W1           P1
W1                ***          ***
P1                ***  -1.3825e-25

Temperature = 2000 K    Pressure = 100 atm

From\To            W1           P1
W1        2.25316e+09  2.25316e+09
P1        1.41488e-11  1.41488e-11

______________________________________________________________________________________

High Pressure Rate Coefficients (Temperature-Species Rate Tables):

   T(K)       W1->W1       W1->P1
    500          ***    0.0492839
    600          ***      12.7047
    700          ***      708.424
    800          ***      15008.5
    900          ***       165692
   1000          ***  1.15401e+06
   1100          ***  5.73206e+06
   1200          ***  2.20486e+07
   1300          ***  6.95615e+07
   1400          ***  1.87595e+08
   1500          ***  4.45851e+08
   1600          ***  9.55604e+08
   1700          ***   1.8801e+09
   1800          ***   3.4429e+09
   1900          ***  5.93314e+09
   2000          ***  9.70753e+09

   T(K)       P1->W1       P1->P1
    500  1.60914e-13          ***
    600  5.10445e-13          ***
    700   1.2147e-12          ***
    800  2.39732e-12          ***
    900   4.1593e-12          ***
   1000  6.57695e-12          ***
   1100   9.7044e-12          ***
   1200  1.35776e-11          ***
   1300  1.82183e-11          ***
   1400  2.36374e-11          ***
   1500  2.98378e-11          ***
   1600  3.68167e-11          ***
   1700   4.4567e-11          ***
   1800  5.30785e-11          ***
   1900  6.23392e-11          ***
   2000  7.23358e-11          ***

Capture/Escape Rate Coefficients:

   T(K)           W1           P1
    500    0.0492839  1.60914e-13
    600      12.7047  5.10445e-13
    700      708.424   1.2147e-12
    800      15008.5  2.39732e-12
    900       165692   4.1593e-12
   1000  1.15401e+06  6.57695e-12
   1100  5.73206e+06   9.7044e-12
   1200  2.20486e+07  1.35776e-11
   1300  6.95615e+07  1.82183e-11
   1400  1.87595e+08  2.36374e-11
   1500  4.45851e+08  2.98378e-11
   1600  9.55604e+08  3.68167e-11
   1700   1.8801e+09   4.4567e-11
   1800   3.4429e+09  5.30785e-11
   1900  5.93314e+09  6.23392e-11
   2000  9.70753e+09  7.23358e-11

______________________________________________________________________________________

Pressure-Species Rate Tables:

   Temperature = 500 K

   P(atm)       W1->P1         W1->
      0.1    0.0472707    0.0472707
        1    0.0489194    0.0489194
       10    0.0491535    0.0491535
      100    0.0491788    0.0491788
    O-O    0.0492839    0.0492839

   Temperature = 600 K

   P(atm)       W1->P1         W1->
      0.1      10.9367      10.9367
        1      12.3435      12.3435
       10      12.6394      12.6394
      100      12.6769      12.6769
    O-O      12.7047      12.7047

   Temperature = 700 K

   P(atm)       W1->P1         W1->
      0.1      488.256      488.256
        1      645.837      645.837
       10      697.632      697.632
      100      706.189      706.189
    O-O      708.424      708.424

   Temperature = 800 K

   P(atm)       W1->P1         W1->
      0.1      7312.88      7312.88
        1      11971.4      11971.4
       10      14355.5      14355.5
      100      14906.6      14906.6
    O-O      15008.5      15008.5

   Temperature = 900 K

   P(atm)       W1->P1         W1->
      0.1      51114.6      51114.6
        1       106065       106065
       10       148692       148692
      100       162925       162925
    O-O       165692       165692

   Temperature = 1000 K

   P(atm)       W1->P1         W1->
      0.1       208127       208127
        1       544099       544099
       10       924802       924802
      100  1.10945e+06  1.10945e+06
    O-O  1.15401e+06  1.15401e+06

   Temperature = 1100 K

   P(atm)       W1->P1         W1->
      0.1       581997       581997
        1  1.85956e+06  1.85956e+06
       10  3.87611e+06  3.87611e+06
      100  5.27984e+06  5.27984e+06
    O-O  5.73206e+06  5.73206e+06

   Temperature = 1200 K

   P(atm)       W1->P1         W1->
      0.1  1.26019e+06  1.26019e+06
        1  4.72686e+06  4.72686e+06
       10   1.1931e+07   1.1931e+07
      100  1.89314e+07  1.89314e+07
    O-O  2.20486e+07  2.20486e+07

   Temperature = 1300 K

   P(atm)       W1->P1         W1->
      0.1  2.29665e+06  2.29665e+06
        1  9.73127e+06  9.73127e+06
       10  2.89385e+07  2.89385e+07
      100  5.39618e+07  5.39618e+07
    O-O  6.95615e+07  6.95615e+07

   Temperature = 1400 K

   P(atm)       W1->P1         W1->
      0.1          ***          ***
        1  1.72474e+07  1.72474e+07
       10  5.85944e+07  5.85944e+07
      100   1.2756e+08   1.2756e+08
    O-O  1.87595e+08  1.87595e+08

   Temperature = 1500 K

   P(atm)       W1->P1         W1->
      0.1          ***          ***
        1  2.74511e+07  2.74511e+07
       10  1.03634e+08  1.03634e+08
      100  2.59171e+08  2.59171e+08
    O-O  4.45851e+08  4.45851e+08

   Temperature = 1600 K

   P(atm)       W1->P1         W1->
      0.1          ***          ***
        1          ***          ***
       10   1.6566e+08   1.6566e+08
      100  4.66576e+08  4.66576e+08
    O-O  9.55604e+08  9.55604e+08

   Temperature = 1700 K

   P(atm)       W1->P1         W1->
      0.1          ***          ***
        1          ***          ***
       10  2.45331e+08  2.45331e+08
      100  7.63218e+08  7.63218e+08
    O-O   1.8801e+09   1.8801e+09

   Temperature = 1800 K

   P(atm)       W1->P1         W1->
      0.1          ***          ***
        1          ***          ***
       10          ***          ***
      100   1.1576e+09   1.1576e+09
    O-O   3.4429e+09   3.4429e+09

   Temperature = 1900 K

   P(atm)       W1->P1         W1->
      0.1          ***          ***
        1          ***          ***
       10          ***          ***
      100  1.65391e+09  1.65391e+09
    O-O  5.93314e+09  5.93314e+09

   Temperature = 2000 K

   P(atm)       W1->P1         W1->
      0.1          ***          ***
        1          ***          ***
       10          ***          ***
      100  2.25316e+09  2.25316e+09
    O-O  9.70753e+09  9.70753e+09

   Temperature = 500 K

   P(atm)       P1->W1         P1->
      0.1   1.5434e-13   1.5434e-13
        1  1.59724e-13  1.59724e-13
       10  1.60488e-13  1.60488e-13
      100   1.6057e-13   1.6057e-13
    O-O  1.60914e-13  1.60914e-13

   Temperature = 600 K

   P(atm)       P1->W1         P1->
      0.1  4.39412e-13  4.39412e-13
        1  4.95934e-13  4.95934e-13
       10  5.07822e-13  5.07822e-13
      100  5.09329e-13  5.09329e-13
    O-O  5.10445e-13  5.10445e-13

   Temperature = 700 K

   P(atm)       P1->W1         P1->
      0.1  8.37171e-13  8.37171e-13
        1  1.10738e-12  1.10738e-12
       10  1.19619e-12  1.19619e-12
      100  1.21086e-12  1.21086e-12
    O-O   1.2147e-12   1.2147e-12

   Temperature = 800 K

   P(atm)       P1->W1         P1->
      0.1  1.16788e-12  1.16788e-12
        1  1.91217e-12  1.91217e-12
       10  2.29302e-12  2.29302e-12
      100  2.38104e-12  2.38104e-12
    O-O  2.39732e-12  2.39732e-12

   Temperature = 900 K

   P(atm)       P1->W1         P1->
      0.1  1.28138e-12  1.28138e-12
        1  2.66211e-12  2.66211e-12
       10  3.73252e-12  3.73252e-12
      100  4.08982e-12  4.08982e-12
    O-O   4.1593e-12   4.1593e-12

   Temperature = 1000 K

   P(atm)       P1->W1         P1->
      0.1  1.17801e-12  1.17801e-12
        1  3.09744e-12  3.09744e-12
       10  5.27022e-12  5.27022e-12
      100  6.32298e-12  6.32298e-12
    O-O  6.57695e-12  6.57695e-12

   Temperature = 1100 K

   P(atm)       P1->W1         P1->
      0.1  9.61094e-13  9.61094e-13
        1  3.13048e-12  3.13048e-12
       10  6.55839e-12  6.55839e-12
      100  8.93859e-12  8.93859e-12
    O-O   9.7044e-12   9.7044e-12

   Temperature = 1200 K

   P(atm)       P1->W1         P1->
      0.1  7.26545e-13  7.26545e-13
        1  2.85461e-12  2.85461e-12
       10  7.32583e-12  7.32583e-12
      100  1.16561e-11  1.16561e-11
    O-O  1.35776e-11  1.35776e-11

   Temperature = 1300 K

   P(atm)       P1->W1         P1->
      0.1   5.2376e-13   5.2376e-13
        1   2.4238e-12   2.4238e-12
       10  7.50274e-12  7.50274e-12
      100  1.41214e-11  1.41214e-11
    O-O  1.82183e-11  1.82183e-11

   Temperature = 1400 K

   P(atm)       P1->W1         P1->
      0.1          ***  3.26009e-27
        1  1.95803e-12  1.95803e-12
       10  7.18794e-12  7.18794e-12
      100  1.60254e-11  1.60254e-11
    O-O  2.36374e-11  2.36374e-11

   Temperature = 1500 K

   P(atm)       P1->W1         P1->
      0.1          ***            0
        1  1.52623e-12  1.52623e-12
       10  6.54717e-12  6.54717e-12
      100  1.71982e-11  1.71982e-11
    O-O  2.98378e-11  2.98378e-11

   Temperature = 1600 K

   P(atm)       P1->W1         P1->
      0.1          ***            0
        1          ***            0
       10  5.73843e-12  5.73843e-12
      100  1.76221e-11  1.76221e-11
    O-O  3.68167e-11  3.68167e-11

   Temperature = 1700 K

   P(atm)       P1->W1         P1->
      0.1          *** -5.13336e-27
        1          ***  2.05334e-26
       10  4.88126e-12  4.88126e-12
      100  1.73846e-11  1.73846e-11
    O-O   4.4567e-11   4.4567e-11

   Temperature = 1800 K

   P(atm)       P1->W1         P1->
      0.1          ***            0
        1          *** -1.95182e-26
       10          ***            0
      100  1.66272e-11  1.66272e-11
    O-O  5.30785e-11  5.30785e-11

   Temperature = 1900 K

   P(atm)       P1->W1         P1->
      0.1          *** -2.82263e-26
        1          *** -2.82263e-26
       10          *** -9.40875e-26
      100  1.55019e-11  1.55019e-11
    O-O  6.23392e-11  6.23392e-11

   Temperature = 2000 K

   P(atm)       P1->W1         P1->
      0.1          *** -4.60834e-26
        1          *** -5.53001e-26
       10          ***  -1.3825e-25
      100  1.41488e-11  1.41488e-11
    O-O  7.23358e-11  7.23358e-11

______________________________________________________________________________________

Temperature-Species Rate Tables:

   Pressure = 0.1 atm

   T(K)       W1->P1         W1->      Capture
    500    0.0472707    0.0472707    0.0492839
    600      10.9367      10.9367      12.7047
    700      488.256      488.256      708.424
    800      7312.88      7312.88      15008.5
    900      51114.6      51114.6       165692
   1000       208127       208127  1.15401e+06
   1100       581997       581997  5.73206e+06
   1200  1.26019e+06  1.26019e+06  2.20486e+07
   1300  2.29665e+06  2.29665e+06  6.95615e+07
   1400          ***          ***  1.87595e+08
   1500          ***          ***  4.45851e+08
   1600          ***          ***  9.55604e+08
   1700          ***          ***   1.8801e+09
   1800          ***          ***   3.4429e+09
   1900          ***          ***  5.93314e+09
   2000          ***          ***  9.70753e+09

   Pressure = 1 atm

   T(K)       W1->P1         W1->      Capture
    500    0.0489194    0.0489194    0.0492839
    600      12.3435      12.3435      12.7047
    700      645.837      645.837      708.424
    800      11971.4      11971.4      15008.5
    900       106065       106065       165692
   1000       544099       544099  1.15401e+06
   1100  1.85956e+06  1.85956e+06  5.73206e+06
   1200  4.72686e+06  4.72686e+06  2.20486e+07
   1300  9.73127e+06  9.73127e+06  6.95615e+07
   1400  1.72474e+07  1.72474e+07  1.87595e+08
   1500  2.74511e+07  2.74511e+07  4.45851e+08
   1600          ***          ***  9.55604e+08
   1700          ***          ***   1.8801e+09
   1800          ***          ***   3.4429e+09
   1900          ***          ***  5.93314e+09
   2000          ***          ***  9.70753e+09

   Pressure = 10 atm

   T(K)       W1->P1         W1->      Capture
    500    0.0491535    0.0491535    0.0492839
    600      12.6394      12.6394      12.7047
    700      697.632      697.632      708.424
    800      14355.5      14355.5      15008.5
    900       148692       148692       165692
   1000       924802       924802  1.15401e+06
   1100  3.87611e+06  3.87611e+06  5.73206e+06
   1200   1.1931e+07   1.1931e+07  2.20486e+07
   1300  2.89385e+07  2.89385e+07  6.95615e+07
   1400  5.85944e+07  5.85944e+07  1.87595e+08
   1500  1.03634e+08  1.03634e+08  4.45851e+08
   1600   1.6566e+08   1.6566e+08  9.55604e+08
   1700  2.45331e+08  2.45331e+08   1.8801e+09
   1800          ***          ***   3.4429e+09
   1900          ***          ***  5.93314e+09
   2000          ***          ***  9.70753e+09

   Pressure = 100 atm

   T(K)       W1->P1         W1->      Capture
    500    0.0491788    0.0491788    0.0492839
    600      12.6769      12.6769      12.7047
    700      706.189      706.189      708.424
    800      14906.6      14906.6      15008.5
    900       162925       162925       165692
   1000  1.10945e+06  1.10945e+06  1.15401e+06
   1100  5.27984e+06  5.27984e+06  5.73206e+06
   1200  1.89314e+07  1.89314e+07  2.20486e+07
   1300  5.39618e+07  5.39618e+07  6.95615e+07
   1400   1.2756e+08   1.2756e+08  1.87595e+08
   1500  2.59171e+08  2.59171e+08  4.45851e+08
   1600  4.66576e+08  4.66576e+08  9.55604e+08
   1700  7.63218e+08  7.63218e+08   1.8801e+09
   1800   1.1576e+09   1.1576e+09   3.4429e+09
   1900  1.65391e+09  1.65391e+09  5.93314e+09
   2000  2.25316e+09  2.25316e+09  9.70753e+09

   Pressure = 0.1 atm

   T(K)       P1->W1         P1->      Capture
    500   1.5434e-13   1.5434e-13  1.60914e-13
    600  4.39412e-13  4.39412e-13  5.10445e-13
    700  8.37171e-13  8.37171e-13   1.2147e-12
    800  1.16788e-12  1.16788e-12  2.39732e-12
    900  1.28138e-12  1.28138e-12   4.1593e-12
   1000  1.17801e-12  1.17801e-12  6.57695e-12
   1100  9.61094e-13  9.61094e-13   9.7044e-12
   1200  7.26545e-13  7.26545e-13  1.35776e-11
   1300   5.2376e-13   5.2376e-13  1.82183e-11
   1400          ***  3.26009e-27  2.36374e-11
   1500          ***            0  2.98378e-11
   1600          ***            0  3.68167e-11
   1700          *** -5.13336e-27   4.4567e-11
   1800          ***            0  5.30785e-11
   1900          *** -2.82263e-26  6.23392e-11
   2000          *** -4.60834e-26  7.23358e-11

   Pressure = 1 atm

   T(K)       P1->W1         P1->      Capture
    500  1.59724e-13  1.59724e-13  1.60914e-13
    600  4.95934e-13  4.95934e-13  5.10445e-13
    700  1.10738e-12  1.10738e-12   1.2147e-12
    800  1.91217e-12  1.91217e-12  2.39732e-12
    900  2.66211e-12  2.66211e-12   4.1593e-12
   1000  3.09744e-12  3.09744e-12  6.57695e-12
   1100  3.13048e-12  3.13048e-12   9.7044e-12
   1200  2.85461e-12  2.85461e-12  1.35776e-11
   1300   2.4238e-12   2.4238e-12  1.82183e-11
   1400  1.95803e-12  1.95803e-12  2.36374e-11
   1500  1.52623e-12  1.52623e-12  2.98378e-11
   1600          ***            0  3.68167e-11
   1700          ***  2.05334e-26   4.4567e-11
   1800          *** -1.95182e-26  5.30785e-11
   1900          *** -2.82263e-26  6.23392e-11
   2000          *** -5.53001e-26  7.23358e-11

   Pressure = 10 atm

   T(K)       P1->W1         P1->      Capture
    500  1.60488e-13  1.60488e-13  1.60914e-13
    600  5.07822e-13  5.07822e-13  5.10445e-13
    700  1.19619e-12  1.19619e-12   1.2147e-12
    800  2.29302e-12  2.29302e-12  2.39732e-12
    900  3.73252e-12  3.73252e-12   4.1593e-12
   1000  5.27022e-12  5.27022e-12  6.57695e-12
   1100  6.55839e-12  6.55839e-12   9.7044e-12
   1200  7.32583e-12  7.32583e-12  1.35776e-11
   1300  7.50274e-12  7.50274e-12  1.82183e-11
   1400  7.18794e-12  7.18794e-12  2.36374e-11
   1500  6.54717e-12  6.54717e-12  2.98378e-11
   1600  5.73843e-12  5.73843e-12  3.68167e-11
   1700  4.88126e-12  4.88126e-12   4.4567e-11
   1800          ***            0  5.30785e-11
   1900          *** -9.40875e-26  6.23392e-11
   2000          ***  -1.3825e-25  7.23358e-11

   Pressure = 100 atm

   T(K)       P1->W1         P1->      Capture
    500   1.6057e-13   1.6057e-13  1.60914e-13
    600  5.09329e-13  5.09329e-13  5.10445e-13
    700  1.21086e-12  1.21086e-12   1.2147e-12
    800  2.38104e-12  2.38104e-12  2.39732e-12
    900  4.08982e-12  4.08982e-12   4.1593e-12
   1000  6.32298e-12  6.32298e-12  6.57695e-12
   1100  8.93859e-12  8.93859e-12   9.7044e-12
   1200  1.16561e-11  1.16561e-11  1.35776e-11
   1300  1.41214e-11  1.41214e-11  1.82183e-11
   1400  1.60254e-11  1.60254e-11  2.36374e-11
   1500  1.71982e-11  1.71982e-11  2.98378e-11
   1600  1.76221e-11  1.76221e-11  3.68167e-11
   1700  1.73846e-11  1.73846e-11   4.4567e-11
   1800  1.66272e-11  1.66272e-11  5.30785e-11
   1900  1.55019e-11  1.55019e-11  6.23392e-11
   2000  1.41488e-11  1.41488e-11  7.23358e-11

______________________________________________________________________________________

Temperature-Pressure Rate Tables:

W1->P1

P\T              500          600          700          800          900         1000         1100         1200         1300         1400         1500         1600         1700         1800         1900         2000
0.1        0.0472707      10.9367      488.256      7312.88      51114.6       208127       581997  1.26019e+06  2.29665e+06          ***          ***          ***          ***          ***          ***          ***
1          0.0489194      12.3435      645.837      11971.4       106065       544099  1.85956e+06  4.72686e+06  9.73127e+06  1.72474e+07  2.74511e+07          ***          ***          ***          ***          ***
10         0.0491535      12.6394      697.632      14355.5       148692       924802  3.87611e+06   1.1931e+07  2.89385e+07  5.85944e+07  1.03634e+08   1.6566e+08  2.45331e+08          ***          ***          ***
100        0.0491788      12.6769      706.189      14906.6       162925  1.10945e+06  5.27984e+06  1.89314e+07  5.39618e+07   1.2756e+08  2.59171e+08  4.66576e+08  7.63218e+08   1.1576e+09  1.65391e+09  2.25316e+09
O-O        0.0492839      12.7047      708.424      15008.5       165692  1.15401e+06  5.73206e+06  2.20486e+07  6.95615e+07  1.87595e+08  4.45851e+08  9.55604e+08   1.8801e+09   3.4429e+09  5.93314e+09  9.70753e+09

P1->W1

P\T              500          600          700          800          900         1000         1100         1200         1300         1400         1500         1600         1700         1800         1900         2000
0.1       1.5434e-13  4.39412e-13  8.37171e-13  1.16788e-12  1.28138e-12  1.17801e-12  9.61094e-13  7.26545e-13   5.2376e-13          ***          ***          ***          ***          ***          ***          ***
1        1.59724e-13  4.95934e-13  1.10738e-12  1.91217e-12  2.66211e-12  3.09744e-12  3.13048e-12  2.85461e-12   2.4238e-12  1.95803e-12  1.52623e-12          ***          ***          ***          ***          ***
10       1.60488e-13  5.07822e-13  1.19619e-12  2.29302e-12  3.73252e-12  5.27022e-12  6.55839e-12  7.32583e-12  7.50274e-12  7.18794e-12  6.54717e-12  5.73843e-12  4.88126e-12          ***          ***          ***
100       1.6057e-13  5.09329e-13  1.21086e-12  2.38104e-12  4.08982e-12  6.32298e-12  8.93859e-12  1.16561e-11  1.41214e-11  1.60254e-11  1.71982e-11  1.76221e-11  1.73846e-11  1.66272e-11  1.55019e-11  1.41488e-11
O-O      1.60914e-13  5.10445e-13   1.2147e-12  2.39732e-12   4.1593e-12  6.57695e-12   9.7044e-12  1.35776e-11  1.82183e-11  2.36374e-11  2.98378e-11  3.68167e-11   4.4567e-11  5.30785e-11  6.23392e-11  7.23358e-11

W1-> 

P\T              500          600          700          800          900         1000         1100         1200         1300         1400         1500         1600         1700         1800         1900         2000
0.1        0.0472707      10.9367      488.256      7312.88      51114.6       208127       581997  1.26019e+06  2.29665e+06          ***          ***          ***          ***          ***          ***          ***
1          0.0489194      12.3435      645.837      11971.4       106065       544099  1.85956e+06  4.72686e+06  9.73127e+06  1.72474e+07  2.74511e+07          ***          ***          ***          ***          ***
10         0.0491535      12.6394      697.632      14355.5       148692       924802  3.87611e+06   1.1931e+07  2.89385e+07  5.85944e+07  1.03634e+08   1.6566e+08  2.45331e+08          ***          ***          ***
100        0.0491788      12.6769      706.189      14906.6       162925  1.10945e+06  5.27984e+06  1.89314e+07  5.39618e+07   1.2756e+08  2.59171e+08  4.66576e+08  7.63218e+08   1.1576e+09  1.65391e+09  2.25316e+09
O-O        0.0492839      12.7047      708.424      15008.5       165692  1.15401e+06  5.73206e+06  2.20486e+07  6.95615e+07  1.87595e+08  4.45851e+08  9.55604e+08   1.8801e+09   3.4429e+09  5.93314e+09  9.70753e+09

P1-> 

P\T              500          600          700          800          900         1000         1100         1200         1300         1400         1500         1600         1700         1800         1900         2000
0.1       1.5434e-13  4.39412e-13  8.37171e-13  1.16788e-12  1.28138e-12  1.17801e-12  9.61094e-13  7.26545e-13   5.2376e-13  3.26009e-27            0            0 -5.13336e-27            0 -2.82263e-26 -4.60834e-26
1        1.59724e-13  4.95934e-13  1.10738e-12  1.91217e-12  2.66211e-12  3.09744e-12  3.13048e-12  2.85461e-12   2.4238e-12  1.95803e-12  1.52623e-12            0  2.05334e-26 -1.95182e-26 -2.82263e-26 -5.53001e-26
10       1.60488e-13  5.07822e-13  1.19619e-12  2.29302e-12  3.73252e-12  5.27022e-12  6.55839e-12  7.32583e-12  7.50274e-12  7.18794e-12  6.54717e-12  5.73843e-12  4.88126e-12            0 -9.40875e-26  -1.3825e-25
100       1.6057e-13  5.09329e-13  1.21086e-12  2.38104e-12  4.08982e-12  6.32298e-12  8.93859e-12  1.16561e-11  1.41214e-11  1.60254e-11  1.71982e-11  1.76221e-11  1.73846e-11  1.66272e-11  1.55019e-11  1.41488e-11
O-O      1.60914e-13  5.10445e-13   1.2147e-12  2.39732e-12   4.1593e-12  6.57695e-12   9.7044e-12  1.35776e-11  1.82183e-11  2.36374e-11  2.98378e-11  3.68167e-11   4.4567e-11  5.30785e-11  6.23392e-11  7.23358e-11

